Log file open, 01/20/18 14:54:32
LogWindows: Failed to load 'aqProf.dll' (GetLastError=126)
LogWindows: File 'aqProf.dll' does not exist
LogWindows: Failed to load 'VSPerf140.dll' (GetLastError=126)
LogWindows: File 'VSPerf140.dll' does not exist
LogWindows: Failed to load 'VtuneApi.dll' (GetLastError=126)
LogWindows: File 'VtuneApi.dll' does not exist
LogWindows: Failed to load 'VtuneApi32e.dll' (GetLastError=126)
LogWindows: File 'VtuneApi32e.dll' does not exist
LogInit: Display: Running engine for game: MainProject
LogPlatformFile: Not using cached read wrapper
LogInit: Display: RandInit(562169424) SRandInit(562169424).
LogInit: Read version file with build ID '3709383'
LogInit: Overriding engine version to CL 3832480, compatible CL 3709383
LogInit: Registered custom module enumerator with build ID '3709383'
LogTaskGraph: Started task graph with 5 named threads and 14 total threads with 3 sets of task threads.
LogStats: Stats thread started at 0.457311
LogD3D11RHI: Aftermath initialized
LogModuleManager: Display: Found up-to-date module file ../../../Engine/Plugins/2D/Paper2D/Binaries/Win64/UE4Editor-Paper2D.dll (API version 3709383).
LogModuleManager: Display: Found up-to-date module file ../../../Engine/Plugins/2D/Paper2D/Binaries/Win64/UE4Editor-Paper2DEditor.dll (API version 3709383).
LogModuleManager: Display: Found up-to-date module file ../../../Engine/Plugins/2D/Paper2D/Binaries/Win64/UE4Editor-PaperSpriteSheetImporter.dll (API version 3709383).
LogModuleManager: Display: Found up-to-date module file ../../../Engine/Plugins/2D/Paper2D/Binaries/Win64/UE4Editor-PaperTiledImporter.dll (API version 3709383).
LogModuleManager: Display: Found up-to-date module file ../../../Engine/Plugins/2D/Paper2D/Binaries/Win64/UE4Editor-SmartSnapping.dll (API version 3709383).
LogModuleManager: Display: Found up-to-date module file ../../../Engine/Plugins/Blendables/LightPropagationVolume/Binaries/Win64/UE4Editor-LightPropagationVolumeRuntime.dll (API version 3709383).
LogModuleManager: Display: Found up-to-date module file ../../../Engine/Plugins/Blendables/LightPropagationVolume/Binaries/Win64/UE4Editor-LightPropagationVolumeEditor.dll (API version 3709383).
LogModuleManager: Display: Found up-to-date module file ../../../Engine/Plugins/Developer/GitSourceControl/Binaries/Win64/UE4Editor-GitSourceControl.dll (API version 3709383).
LogModuleManager: Display: Found up-to-date module file ../../../Engine/Plugins/Developer/PerforceSourceControl/Binaries/Win64/UE4Editor-PerforceSourceControl.dll (API version 3709383).
LogModuleManager: Display: Found up-to-date module file ../../../Engine/Plugins/Developer/SubversionSourceControl/Binaries/Win64/UE4Editor-SubversionSourceControl.dll (API version 3709383).
LogModuleManager: Display: Found up-to-date module file ../../../Engine/Plugins/Developer/UObjectPlugin/Binaries/Win64/UE4Editor-UObjectPlugin.dll (API version 3709383).
LogModuleManager: Display: Found up-to-date module file ../../../Engine/Plugins/Developer/VisualStudioCodeSourceCodeAccess/Binaries/Win64/UE4Editor-VisualStudioCodeSourceCodeAccess.dll (API version 3709383).
LogModuleManager: Display: Found up-to-date module file ../../../Engine/Plugins/Developer/VisualStudioSourceCodeAccess/Binaries/Win64/UE4Editor-VisualStudioSourceCodeAccess.dll (API version 3709383).
LogModuleManager: Display: Found up-to-date module file ../../../Engine/Plugins/Editor/AssetManagerEditor/Binaries/Win64/UE4Editor-AssetManagerEditor.dll (API version 3709383).
LogModuleManager: Display: Found up-to-date module file ../../../Engine/Plugins/Editor/AudioCapture/Binaries/Win64/UE4Editor-AudioCapture.dll (API version 3709383).
LogModuleManager: Display: Found up-to-date module file ../../../Engine/Plugins/Editor/FacialAnimation/Binaries/Win64/UE4Editor-FacialAnimation.dll (API version 3709383).
LogModuleManager: Display: Found up-to-date module file ../../../Engine/Plugins/Editor/FacialAnimation/Binaries/Win64/UE4Editor-FacialAnimationEditor.dll (API version 3709383).
LogModuleManager: Display: Found up-to-date module file ../../../Engine/Plugins/Editor/GameplayTagsEditor/Binaries/Win64/UE4Editor-GameplayTagsEditor.dll (API version 3709383).
LogModuleManager: Display: Found up-to-date module file ../../../Engine/Plugins/Editor/MobileLauncherProfileWizard/Binaries/Win64/UE4Editor-MobileLauncherProfileWizard.dll (API version 3709383).
LogModuleManager: Display: Found up-to-date module file ../../../Engine/Plugins/Editor/PluginBrowser/Binaries/Win64/UE4Editor-PluginBrowser.dll (API version 3709383).
LogModuleManager: Display: Found up-to-date module file ../../../Engine/Plugins/Editor/SpeedTreeImporter/Binaries/Win64/UE4Editor-SpeedTreeImporter.dll (API version 3709383).
LogModuleManager: Display: Found up-to-date module file ../../../Engine/Plugins/Experimental/AlembicImporter/Binaries/Win64/UE4Editor-AlembicImporter.dll (API version 3709383).
LogModuleManager: Display: Found up-to-date module file ../../../Engine/Plugins/Experimental/AlembicImporter/Binaries/Win64/UE4Editor-AlembicLibrary.dll (API version 3709383).
LogModuleManager: Display: Found up-to-date module file ../../../Engine/Plugins/Experimental/CharacterAI/Binaries/Win64/UE4Editor-CharacterAI.dll (API version 3709383).
LogModuleManager: Display: Found up-to-date module file ../../../Engine/Plugins/Experimental/HTML5Networking/Binaries/Win64/UE4Editor-HTML5Networking.dll (API version 3709383).
LogModuleManager: Display: Found up-to-date module file ../../../Engine/Plugins/Media/AndroidMedia/Binaries/Win64/UE4Editor-AndroidMediaEditor.dll (API version 3709383).
LogModuleManager: Display: Found up-to-date module file ../../../Engine/Plugins/Media/AndroidMedia/Binaries/Win64/UE4Editor-AndroidMediaFactory.dll (API version 3709383).
LogModuleManager: Display: Found up-to-date module file ../../../Engine/Plugins/Media/AvfMedia/Binaries/Win64/UE4Editor-AvfMediaEditor.dll (API version 3709383).
LogModuleManager: Display: Found up-to-date module file ../../../Engine/Plugins/Media/AvfMedia/Binaries/Win64/UE4Editor-AvfMediaFactory.dll (API version 3709383).
LogModuleManager: Display: Found up-to-date module file ../../../Engine/Plugins/Media/AvfMedia/Binaries/Win64/UE4Editor-AvfMediaFactory.dll (API version 3709383).
LogModuleManager: Display: Found up-to-date module file ../../../Engine/Plugins/Media/ImgMedia/Binaries/Win64/UE4Editor-ImgMedia.dll (API version 3709383).
LogModuleManager: Display: Found up-to-date module file ../../../Engine/Plugins/Media/ImgMedia/Binaries/Win64/UE4Editor-ImgMediaEditor.dll (API version 3709383).
LogModuleManager: Display: Found up-to-date module file ../../../Engine/Plugins/Media/ImgMedia/Binaries/Win64/UE4Editor-ImgMediaFactory.dll (API version 3709383).
LogModuleManager: Display: Found up-to-date module file ../../../Engine/Plugins/Media/ImgMedia/Binaries/Win64/UE4Editor-ImgMediaFactory.dll (API version 3709383).
LogModuleManager: Display: Found up-to-date module file ../../../Engine/Plugins/Media/ImgMedia/Binaries/Win64/UE4Editor-OpenExrWrapper.dll (API version 3709383).
LogModuleManager: Display: Found up-to-date module file ../../../Engine/Plugins/Media/MediaCompositing/Binaries/Win64/UE4Editor-MediaCompositing.dll (API version 3709383).
LogModuleManager: Display: Found up-to-date module file ../../../Engine/Plugins/Media/MediaCompositing/Binaries/Win64/UE4Editor-MediaCompositingEditor.dll (API version 3709383).
LogModuleManager: Display: Found up-to-date module file ../../../Engine/Plugins/Media/MediaPlayerEditor/Binaries/Win64/UE4Editor-MediaPlayerEditor.dll (API version 3709383).
LogModuleManager: Display: Found up-to-date module file ../../../Engine/Plugins/Media/WmfMedia/Binaries/Win64/UE4Editor-WmfMedia.dll (API version 3709383).
LogModuleManager: Display: Found up-to-date module file ../../../Engine/Plugins/Media/WmfMedia/Binaries/Win64/UE4Editor-WmfMediaEditor.dll (API version 3709383).
LogModuleManager: Display: Found up-to-date module file ../../../Engine/Plugins/Media/WmfMedia/Binaries/Win64/UE4Editor-WmfMediaFactory.dll (API version 3709383).
LogModuleManager: Display: Found up-to-date module file ../../../Engine/Plugins/Media/WmfMedia/Binaries/Win64/UE4Editor-WmfMediaFactory.dll (API version 3709383).
LogModuleManager: Display: Found up-to-date module file ../../../Engine/Plugins/Messaging/TcpMessaging/Binaries/Win64/UE4Editor-TcpMessaging.dll (API version 3709383).
LogModuleManager: Display: Found up-to-date module file ../../../Engine/Plugins/Messaging/UdpMessaging/Binaries/Win64/UE4Editor-UdpMessaging.dll (API version 3709383).
LogModuleManager: Display: Found up-to-date module file ../../../Engine/Plugins/MovieScene/ActorSequence/Binaries/Win64/UE4Editor-ActorSequence.dll (API version 3709383).
LogModuleManager: Display: Found up-to-date module file ../../../Engine/Plugins/MovieScene/LevelSequenceEditor/Binaries/Win64/UE4Editor-LevelSequenceEditor.dll (API version 3709383).
LogModuleManager: Display: Found up-to-date module file ../../../Engine/Plugins/MovieScene/MatineeToLevelSequence/Binaries/Win64/UE4Editor-MatineeToLevelSequence.dll (API version 3709383).
LogModuleManager: Display: Found up-to-date module file ../../../Engine/Plugins/Online/OnlineSubsystem/Binaries/Win64/UE4Editor-OnlineSubsystem.dll (API version 3709383).
LogModuleManager: Display: Found up-to-date module file ../../../Engine/Plugins/Runtime/AndroidPermission/Binaries/Win64/UE4Editor-AndroidPermission.dll (API version 3709383).
LogModuleManager: Display: Found up-to-date module file ../../../Engine/Plugins/Online/OnlineSubsystemNull/Binaries/Win64/UE4Editor-OnlineSubsystemNull.dll (API version 3709383).
LogModuleManager: Display: Found up-to-date module file ../../../Engine/Plugins/Online/OnlineSubsystemUtils/Binaries/Win64/UE4Editor-OnlineSubsystemUtils.dll (API version 3709383).
LogModuleManager: Display: Found up-to-date module file ../../../Engine/Plugins/Online/OnlineSubsystemUtils/Binaries/Win64/UE4Editor-OnlineBlueprintSupport.dll (API version 3709383).
LogModuleManager: Display: Found up-to-date module file ../../../Engine/Plugins/Runtime/AndroidDeviceProfileSelector/Binaries/Win64/UE4Editor-AndroidDeviceProfileSelector.dll (API version 3709383).
LogModuleManager: Display: Found up-to-date module file ../../../Engine/Plugins/Runtime/AppleARKit/Binaries/Win64/UE4Editor-AppleARKit.dll (API version 3709383).
LogModuleManager: Display: Found up-to-date module file ../../../Engine/Plugins/Runtime/ArchVisCharacter/Binaries/Win64/UE4Editor-ArchVisCharacter.dll (API version 3709383).
LogModuleManager: Display: Found up-to-date module file ../../../Engine/Plugins/Runtime/CableComponent/Binaries/Win64/UE4Editor-CableComponent.dll (API version 3709383).
LogModuleManager: Display: Found up-to-date module file ../../../Engine/Plugins/Runtime/CustomMeshComponent/Binaries/Win64/UE4Editor-CustomMeshComponent.dll (API version 3709383).
LogModuleManager: Display: Found up-to-date module file ../../../Engine/Plugins/Runtime/ExampleDeviceProfileSelector/Binaries/Win64/UE4Editor-ExampleDeviceProfileSelector.dll (API version 3709383).
LogModuleManager: Display: Found up-to-date module file ../../../Engine/Plugins/Runtime/ImmediatePhysics/Binaries/Win64/UE4Editor-ImmediatePhysics.dll (API version 3709383).
LogModuleManager: Display: Found up-to-date module file ../../../Engine/Plugins/Runtime/ImmediatePhysics/Binaries/Win64/UE4Editor-ImmediatePhysicsEditor.dll (API version 3709383).
LogModuleManager: Display: Found up-to-date module file ../../../Engine/Plugins/Runtime/LocationServicesBPLibrary/Binaries/Win64/UE4Editor-LocationServicesBPLibrary.dll (API version 3709383).
LogModuleManager: Display: Found up-to-date module file ../../../Engine/Plugins/Runtime/MobilePatchingUtils/Binaries/Win64/UE4Editor-MobilePatchingUtils.dll (API version 3709383).
LogModuleManager: Display: Found up-to-date module file ../../../Engine/Plugins/Runtime/Oculus/OculusVR/Binaries/Win64/UE4Editor-OculusHMD.dll (API version 3709383).
LogModuleManager: Display: Found up-to-date module file ../../../Engine/Plugins/Runtime/Oculus/OculusVR/Binaries/Win64/UE4Editor-OculusInput.dll (API version 3709383).
LogModuleManager: Display: Found up-to-date module file ../../../Engine/Plugins/Runtime/Oculus/OculusVR/Binaries/Win64/UE4Editor-OculusEditor.dll (API version 3709383).
LogModuleManager: Display: Found up-to-date module file ../../../Engine/Plugins/Runtime/PhysXVehicles/Binaries/Win64/UE4Editor-PhysXVehicles.dll (API version 3709383).
LogModuleManager: Display: Found up-to-date module file ../../../Engine/Plugins/Runtime/PhysXVehicles/Binaries/Win64/UE4Editor-PhysXVehiclesEditor.dll (API version 3709383).
LogModuleManager: Display: Found up-to-date module file ../../../Engine/Plugins/Runtime/ProceduralMeshComponent/Binaries/Win64/UE4Editor-ProceduralMeshComponent.dll (API version 3709383).
LogModuleManager: Display: Found up-to-date module file ../../../Engine/Plugins/Runtime/ProceduralMeshComponent/Binaries/Win64/UE4Editor-ProceduralMeshComponentEditor.dll (API version 3709383).
LogModuleManager: Display: Found up-to-date module file ../../../Engine/Plugins/Runtime/RuntimePhysXCooking/Binaries/Win64/UE4Editor-RuntimePhysXCooking.dll (API version 3709383).
LogModuleManager: Display: Found up-to-date module file ../../../Engine/Plugins/Runtime/Steam/SteamVR/Binaries/Win64/UE4Editor-SteamVR.dll (API version 3709383).
LogModuleManager: Display: Found up-to-date module file ../../../Engine/Plugins/Runtime/Steam/SteamVR/Binaries/Win64/UE4Editor-SteamVRController.dll (API version 3709383).
LogModuleManager: Display: Found up-to-date module file ../../../Engine/Plugins/Runtime/WindowsMoviePlayer/Binaries/Win64/UE4Editor-WindowsMoviePlayer.dll (API version 3709383).
LogPluginManager: Mounting plugin Paper2D
LogPluginManager: Mounting plugin LightPropagationVolume
LogPluginManager: Mounting plugin CodeLiteSourceCodeAccess
LogPluginManager: Mounting plugin GitSourceControl
LogPluginManager: Mounting plugin KDevelopSourceCodeAccess
LogPluginManager: Mounting plugin NullSourceCodeAccess
LogPluginManager: Mounting plugin PerforceSourceControl
LogPluginManager: Mounting plugin SubversionSourceControl
LogPluginManager: Mounting plugin UObjectPlugin
LogPluginManager: Mounting plugin VisualStudioCodeSourceCodeAccess
LogPluginManager: Mounting plugin VisualStudioSourceCodeAccess
LogPluginManager: Mounting plugin XCodeSourceCodeAccess
LogPluginManager: Mounting plugin AssetManagerEditor
LogPluginManager: Mounting plugin AudioCapture
LogPluginManager: Mounting plugin FacialAnimation
LogPluginManager: Mounting plugin GameplayTagsEditor
LogPluginManager: Mounting plugin MobileLauncherProfileWizard
LogPluginManager: Mounting plugin PluginBrowser
LogPluginManager: Mounting plugin SpeedTreeImporter
LogPluginManager: Mounting plugin AlembicImporter
LogPluginManager: Mounting plugin CharacterAI
LogPluginManager: Mounting plugin HTML5Networking
LogPluginManager: Mounting plugin AndroidMedia
LogPluginManager: Mounting plugin AvfMedia
LogPluginManager: Mounting plugin ImgMedia
LogPluginManager: Mounting plugin MediaCompositing
LogPluginManager: Mounting plugin MediaPlayerEditor
LogPluginManager: Mounting plugin WmfMedia
LogPluginManager: Mounting plugin TcpMessaging
LogPluginManager: Mounting plugin UdpMessaging
LogPluginManager: Mounting plugin ActorSequence
LogPluginManager: Mounting plugin LevelSequenceEditor
LogPluginManager: Mounting plugin MatineeToLevelSequence
LogPluginManager: Mounting plugin OnlineSubsystemGooglePlay
LogPluginManager: Mounting plugin OnlineSubsystemIOS
LogPluginManager: Mounting plugin OnlineSubsystem
LogPluginManager: Mounting plugin OnlineSubsystemNull
LogPluginManager: Mounting plugin OnlineSubsystemUtils
LogPluginManager: Mounting plugin AndroidDeviceProfileSelector
LogPluginManager: Mounting plugin AndroidMoviePlayer
LogPluginManager: Mounting plugin AndroidPermission
LogPluginManager: Mounting plugin AppleARKit
LogPluginManager: Mounting plugin AppleMoviePlayer
LogPluginManager: Mounting plugin ArchVisCharacter
LogPluginManager: Mounting plugin CableComponent
LogPluginManager: Mounting plugin CustomMeshComponent
LogPluginManager: Mounting plugin ExampleDeviceProfileSelector
LogPluginManager: Mounting plugin GoogleCloudMessaging
LogPluginManager: Mounting plugin ImmediatePhysics
LogPluginManager: Mounting plugin IOSDeviceProfileSelector
LogPluginManager: Mounting plugin LinuxDeviceProfileSelector
LogPluginManager: Mounting plugin LocationServicesBPLibrary
LogPluginManager: Mounting plugin MobilePatchingUtils
LogPluginManager: Mounting plugin OculusVR
LogPluginManager: Plugin shader directory ../../../Engine/Plugins/Runtime/Oculus/OculusVR/Shaders found
LogPluginManager: Mapping shader source directory ../../../Engine/Plugins/Runtime/Oculus/OculusVR/Shaders to virtual directory /Plugin/OculusVR
LogPluginManager: Mounting plugin PhysXVehicles
LogPluginManager: Mounting plugin ProceduralMeshComponent
LogPluginManager: Mounting plugin RuntimePhysXCooking
LogPluginManager: Mounting plugin SteamVR
LogPluginManager: Mounting plugin WindowsMoviePlayer
LogInit: Using libcurl 7.47.1
LogInit:  - built for x86_64-pc-win32
LogInit:  - supports SSL with OpenSSL/1.0.2g
LogInit:  - supports HTTP deflate (compression) using libz 1.2.8
LogInit:  - other features:
LogInit:      CURL_VERSION_SSL
LogInit:      CURL_VERSION_LIBZ
LogInit:      CURL_VERSION_IPV6
LogInit:      CURL_VERSION_ASYNCHDNS
LogInit:      CURL_VERSION_LARGEFILE
LogInit:      CURL_VERSION_IDN
LogInit:  CurlRequestOptions (configurable via config and command line):
LogInit:  - bVerifyPeer = false  - Libcurl will NOT verify peer certificate
LogInit:  - bUseHttpProxy = false  - Libcurl will NOT use HTTP proxy
LogInit:  - bDontReuseConnections = false  - Libcurl will reuse connections
LogInit:  - CertBundlePath = nullptr  - Libcurl will use whatever was configured at build time.
LogInit: Build: ++UE4+Release-4.18-CL-3832480
LogInit: Engine Version: 4.18.3-3832480+++UE4+Release-4.18
LogInit: Compatible Engine Version: 4.18.0-3709383+++UE4+Release-4.18
LogInit: Net CL: 3709383
LogDevObjectVersion: Number of dev versions registered: 16
LogDevObjectVersion:   Dev-Blueprints (B0D832E4-1F89-4F0D-ACCF-7EB736FD4AA2): 10
LogDevObjectVersion:   Dev-Build (E1C64328-A22C-4D53-A36C-8E866417BD8C): 0
LogDevObjectVersion:   Dev-Core (375EC13C-06E4-48FB-B500-84F0262A717E): 2
LogDevObjectVersion:   Dev-Editor (E4B068ED-F494-42E9-A231-DA0B2E46BB41): 20
LogDevObjectVersion:   Dev-Framework (CFFC743F-43B0-4480-9391-14DF171D2073): 30
LogDevObjectVersion:   Dev-Mobile (B02B49B5-BB20-44E9-A304-32B752E40360): 0
LogDevObjectVersion:   Dev-Networking (A4E4105C-59A1-49B5-A7C5-40C4547EDFEE): 0
LogDevObjectVersion:   Dev-Online (39C831C9-5AE6-47DC-9A44-9C173E1C8E7C): 0
LogDevObjectVersion:   Dev-Physics (78F01B33-EBEA-4F98-B9B4-84EACCB95AA2): 0
LogDevObjectVersion:   Dev-Platform (6631380F-2D4D-43E0-8009-CF276956A95A): 0
LogDevObjectVersion:   Dev-Rendering (12F88B9F-8875-4AFC-A67C-D90C383ABD29): 20
LogDevObjectVersion:   Dev-Sequencer (7B5AE74C-D270-4C10-A958-57980B212A5A): 4
LogDevObjectVersion:   Dev-VR (D7296918-1DD6-4BDD-9DE2-64A83CC13884): 0
LogDevObjectVersion:   Dev-LoadTimes (C2A15278-BFE7-4AFE-6C17-90FF531DF755): 1
LogDevObjectVersion:   Private-Geometry (6EACA3D4-40EC-4CC1-B786-8BED09428FC5): 1
LogDevObjectVersion:   Dev-AnimPhys (29E575DD-E0A3-4627-9D10-D276232CDCEA): 12
LogInit: Compiled (64-bit): Jan 12 2018 02:04:55
LogInit: Compiled with Visual C++: 19.00.24215.01
LogInit: Build Configuration: Development
LogInit: Branch Name: ++UE4+Release-4.18
LogInit: Command line:  
LogInit: Base directory: D:/Program Files/Epic Games/UE_4.18/Engine/Binaries/Win64/
LogInit: Installed Engine Build: 1
LogInit: Presizing for max 8388607 objects, including 0 objects not considered by GC, pre-allocating 0 bytes for permanent pool.
LogInit: Object subsystem initialized
[2018.01.20-22.54.39:295][  0]LogInit: Selected Device Profile: [Windows]
[2018.01.20-22.54.39:295][  0]LogInit: Applying CVar settings loaded from the selected device profile: [Windows]
[2018.01.20-22.54.39:499][  0]LogInit: Computer: ANDROMEDA
[2018.01.20-22.54.39:499][  0]LogInit: User: Steven
[2018.01.20-22.54.39:499][  0]LogInit: CPU Page size=4096, Cores=4
[2018.01.20-22.54.39:499][  0]LogInit: High frequency timer resolution =3.515617 MHz
[2018.01.20-22.54.39:513][  0]LogMemory: Memory total: Physical=32.0GB (32GB approx)
[2018.01.20-22.54.39:513][  0]LogMemory: Platform Memory Stats for Windows
[2018.01.20-22.54.39:513][  0]LogMemory: Process Physical Memory: 275.39 MB used, 275.39 MB peak
[2018.01.20-22.54.39:513][  0]LogMemory: Process Virtual Memory: 271.96 MB used, 271.96 MB peak
[2018.01.20-22.54.39:513][  0]LogMemory: Physical Memory: 8673.17 MB used,  24043.99 MB free, 32717.16 MB total
[2018.01.20-22.54.39:513][  0]LogMemory: Virtual Memory: 684.78 MB used,  24043.99 MB free, 134217728.00 MB total
[2018.01.20-22.54.40:784][  0]LogInit: Using OS detected language (en-US).
[2018.01.20-22.54.40:784][  0]LogInit: Using OS detected locale (en-US).
[2018.01.20-22.54.41:039][  0]LogTextLocalizationManager: No specific localization for 'en-US' exists, so the 'en' localization will be used.
[2018.01.20-22.54.41:805][  0]LogInit: Setting process to per monitor DPI aware
[2018.01.20-22.54.47:525][  0]LogD3D11RHI: D3D11 adapters:
[2018.01.20-22.54.47:574][  0]LogD3D11RHI:    0. 'NVIDIA GeForce GTX 980' (Feature Level 11_0)
[2018.01.20-22.54.47:574][  0]LogD3D11RHI:       4060/0/16358 MB DedicatedVideo/DedicatedSystem/SharedSystem, Outputs:2, VendorId:0x10de
[2018.01.20-22.54.47:578][  0]LogD3D11RHI:    1. 'Microsoft Basic Render Driver' (Feature Level 11_0)
[2018.01.20-22.54.47:578][  0]LogD3D11RHI:       0/0/16358 MB DedicatedVideo/DedicatedSystem/SharedSystem, Outputs:0, VendorId:0x1414
[2018.01.20-22.54.47:578][  0]LogD3D11RHI: Chosen D3D11 Adapter: 0
[2018.01.20-22.54.47:589][  0]LogD3D11RHI: Creating new Direct3DDevice
[2018.01.20-22.54.47:589][  0]LogD3D11RHI:     GPU DeviceId: 0x13c0 (for the marketing name, search the web for "GPU Device Id")
[2018.01.20-22.54.47:589][  0]LogWindows: EnumDisplayDevices:
[2018.01.20-22.54.47:589][  0]LogWindows:    0. 'NVIDIA GeForce GTX 980' (P:1 D:1)
[2018.01.20-22.54.47:623][  0]LogWindows:    1. 'NVIDIA GeForce GTX 980' (P:0 D:1)
[2018.01.20-22.54.47:623][  0]LogWindows:    2. 'NVIDIA GeForce GTX 980' (P:0 D:0)
[2018.01.20-22.54.47:623][  0]LogWindows:    3. 'NVIDIA GeForce GTX 980' (P:0 D:0)
[2018.01.20-22.54.47:624][  0]LogWindows:    4. 'LMIMIRR' (P:0 D:0)
[2018.01.20-22.54.47:624][  0]LogWindows: DebugString: GetVideoDriverDetailsInvalid PrimaryIsNotTheChoosenAdapter GetVideoDriverDetailsInvalid PrimaryIsNotTheChoosenAdapter GetVideoDriverDetailsInvalid PrimaryIsNotTheChoosenAdapter GetVideoDriverDetailsInvalid PrimaryIsNotTheChoosenAdapter GetVideoDriverDetailsInvalid PrimaryIsNotTheChoosenAdapter FoundDriverCount:0 
[2018.01.20-22.54.47:624][  0]LogD3D11RHI:     Adapter Name: NVIDIA GeForce GTX 980
[2018.01.20-22.54.47:624][  0]LogD3D11RHI:   Driver Version: Unknown (internal:Unknown, unified:Unknown)
[2018.01.20-22.54.47:624][  0]LogD3D11RHI:      Driver Date: Unknown
[2018.01.20-22.54.47:624][  0]LogRHI: Texture pool is 2842 MB (70% of 4060 MB)
[2018.01.20-22.54.47:666][  0]LogD3D11RHI: Async texture creation enabled
[2018.01.20-22.54.48:208][  0]LogD3D11RHI: GPU Timing Frequency: 1000.000000 (Debug: 2 1)
[2018.01.20-22.54.48:336][  0]LogShaderCompilers: Guid format shader working directory is -19 characters bigger than the processId version (../../../../../../Unreal/AlphaParticle/AlphaParticleV0/MainProject/Intermediate/Shaders/WorkingDirectory/5852/).
[2018.01.20-22.54.48:336][  0]LogShaderCompilers: Cleaned the shader compiler working directory 'C:/Users/Steven/AppData/Local/Temp/UnrealShaderWorkingDir/4A44DEFD47711F23DDBC2FA2AB7B2C0B/'.
[2018.01.20-22.54.48:384][  0]LogShaderCompilers: Display: Using Local Shader Compiler.
[2018.01.20-22.54.54:924][  0]LogTemp: Display: Loaded TP AllDesktopTargetPlatform
[2018.01.20-22.54.55:072][  0]LogTemp: Display: Loaded TP MacClientTargetPlatform
[2018.01.20-22.54.55:209][  0]LogTemp: Display: Loaded TP MacNoEditorTargetPlatform
[2018.01.20-22.54.55:348][  0]LogTemp: Display: Loaded TP MacServerTargetPlatform
[2018.01.20-22.54.55:530][  0]LogTemp: Display: Loaded TP MacTargetPlatform
[2018.01.20-22.54.55:670][  0]LogTemp: Display: Loaded TP WindowsClientTargetPlatform
[2018.01.20-22.54.55:807][  0]LogTemp: Display: Loaded TP WindowsNoEditorTargetPlatform
[2018.01.20-22.54.55:955][  0]LogTemp: Display: Loaded TP WindowsServerTargetPlatform
[2018.01.20-22.54.56:086][  0]LogTemp: Display: Loaded TP WindowsTargetPlatform
[2018.01.20-22.54.56:241][  0]LogTemp: Display: Loaded TP Android_ASTCTargetPlatform
[2018.01.20-22.54.56:391][  0]LogTemp: Display: Loaded TP Android_ATCTargetPlatform
[2018.01.20-22.54.56:537][  0]LogTemp: Display: Loaded TP Android_DXTTargetPlatform
[2018.01.20-22.54.56:691][  0]LogTemp: Display: Loaded TP Android_ETC1TargetPlatform
[2018.01.20-22.54.56:855][  0]LogTemp: Display: Loaded TP Android_ETC2TargetPlatform
[2018.01.20-22.54.57:139][  0]LogTemp: Display: Loaded TP Android_MultiTargetPlatform
[2018.01.20-22.54.57:139][  0]LogTemp: Display: Loaded TP Android_PVRTCTargetPlatform
[2018.01.20-22.54.57:294][  0]LogTemp: Display: Loaded TP AndroidTargetPlatform
[2018.01.20-22.54.57:418][  0]LogTemp: Display: Loaded TP HTML5TargetPlatform
[2018.01.20-22.54.57:746][  0]LogTemp: Display: Loaded TP IOSTargetPlatform
[2018.01.20-22.54.57:823][  0]LogTemp: Display: Loaded TP TVOSTargetPlatform
[2018.01.20-22.54.57:971][  0]LogTemp: Display: Loaded TP LinuxClientTargetPlatform
[2018.01.20-22.54.58:118][  0]LogTemp: Display: Loaded TP LinuxNoEditorTargetPlatform
[2018.01.20-22.54.58:254][  0]LogTemp: Display: Loaded TP LinuxServerTargetPlatform
[2018.01.20-22.54.58:426][  0]LogTemp: Display: Loaded TP LinuxTargetPlatform
[2018.01.20-22.54.58:426][  0]LogTargetPlatformManager: Display: Building Assets For Windows
[2018.01.20-22.55.00:867][  0]LogDerivedDataCache: Display: Max Cache Size: 512 MB
[2018.01.20-22.55.01:288][  0]LogDerivedDataCache: Loaded boot cache 0.42s 78MB C:/Users/Steven/AppData/Local/UnrealEngine/4.18/DerivedDataCache/Boot.ddc.
[2018.01.20-22.55.01:288][  0]LogDerivedDataCache: Display: Loaded Boot cache: C:/Users/Steven/AppData/Local/UnrealEngine/4.18/DerivedDataCache/Boot.ddc
[2018.01.20-22.55.01:288][  0]LogDerivedDataCache: FDerivedDataBackendGraph:  Pak pak cache file ../../../../../../Unreal/AlphaParticle/AlphaParticleV0/MainProject/DerivedDataCache/DDC.ddp not found, will not use a pak cache.
[2018.01.20-22.55.01:288][  0]LogDerivedDataCache: Unable to find inner node Pak for hierarchical cache Hierarchy.
[2018.01.20-22.55.01:288][  0]LogDerivedDataCache: FDerivedDataBackendGraph:  CompressedPak pak cache file ../../../../../../Unreal/AlphaParticle/AlphaParticleV0/MainProject/DerivedDataCache/Compressed.ddp not found, will not use a pak cache.
[2018.01.20-22.55.01:288][  0]LogDerivedDataCache: Unable to find inner node CompressedPak for hierarchical cache Hierarchy.
[2018.01.20-22.55.01:348][  0]LogDerivedDataCache: Display: Pak cache opened for reading ../../../Engine/DerivedDataCache/Compressed.ddp.
[2018.01.20-22.55.01:362][  0]LogDerivedDataCache: Using Local data cache path C:/Users/Steven/AppData/Local/UnrealEngine/Common/DerivedDataCache: Writable
[2018.01.20-22.55.01:462][  0]LogMaterial: Verifying Global Shaders for PCD3D_SM5
[2018.01.20-22.55.01:535][  0]LogSlate: Using Freetype 2.6.0
[2018.01.20-22.55.01:708][  0]LogSlate: SlateFontCache - WITH_FREETYPE: 1, WITH_HARFBUZZ: 1
[2018.01.20-22.55.01:720][  0]LogSlate: SlateFontCache - WITH_FREETYPE: 1, WITH_HARFBUZZ: 1
[2018.01.20-22.55.11:564][  0]LogInit: Selected Device Profile: [Windows]
[2018.01.20-22.55.14:262][  0]LogSimplygon: Simplygon DLL not present - disabling.
[2018.01.20-22.55.14:417][  0]LogMeshReduction: Using SimplygonSwarm for distributed automatic mesh merging
[2018.01.20-22.55.14:429][  0]LogMeshReduction: Using QuadricMeshReduction for automatic static mesh reduction
[2018.01.20-22.55.14:430][  0]LogMeshReduction: No automatic skeletal mesh reduction module available
[2018.01.20-22.55.14:430][  0]LogMeshReduction: No automatic mesh merging module available
[2018.01.20-22.55.14:430][  0]LogMeshMerging: No automatic mesh merging module available
[2018.01.20-22.55.15:080][  0]LogNetVersion: MainProject , NetCL: 3709383, EngineNetVer: 2, GameNetVer: 0 (Checksum: 877938324)
[2018.01.20-22.55.17:795][  0]LogAssetRegistry: FAssetRegistry took 0.0296 seconds to start up
[2018.01.20-22.55.26:450][  0]LogPackageLocalizationCache: Processed 7 localized package path(s) for 2 prioritized culture(s) in 0.267054 seconds
[2018.01.20-22.55.26:478][  0]LogUObjectArray: 35870 objects as part of root set at end of initial load.
[2018.01.20-22.55.26:478][  0]LogUObjectAllocator: 7363696 out of 0 bytes used by permanent object pool.
[2018.01.20-22.55.26:478][  0]LogUObjectArray: CloseDisregardForGC: 0/0 objects in disregard for GC pool
[2018.01.20-22.55.26:672][  0]LogInit: WinSock: version 1.1 (2.2), MaxSocks=32767, MaxUdp=65467
[2018.01.20-22.55.59:164][  0]LogTcpMessaging: Initializing TcpMessaging bridge
[2018.01.20-22.55.59:254][  0]LogUdpMessaging: Initializing bridge on interface 0.0.0.0:0 to multicast group 230.0.0.1:6666.
[2018.01.20-22.56.01:944][  0]LogMaterial: Uniform references updated for custom material expression Custom.
[2018.01.20-22.56.03:707][  0]SourceControl: Source control is disabled
[2018.01.20-22.56.07:433][  0]LogAndroidPermission: UAndroidPermissionCallbackProxy::GetInstance
[2018.01.20-22.56.08:235][  0]LogOcInput: OculusInput pre-init called
[2018.01.20-22.56.09:629][  0]LogEngine: Initializing Engine...
[2018.01.20-22.56.09:690][  0]LogHMD: Failed to initialize OpenVR with code 110
[2018.01.20-22.56.10:791][  0]LogStats: UGameplayTagsManager::ConstructGameplayTagTree: Construct from data asset -  0.000 s
[2018.01.20-22.56.10:792][  0]LogStats: UGameplayTagsManager::ConstructGameplayTagTree: GameplayTagTreeChangedEvent.Broadcast -  0.000 s
[2018.01.20-22.56.11:556][  0]LogAIModule: Creating AISystem for world Untitled
[2018.01.20-22.56.11:826][  0]LogInit: XAudio2 using 'Speakers (VB-Audio VoiceMeeter AUX VAIO)' : 2 channels at 48 kHz using 16 bits per sample (channel mask 0x3)
[2018.01.20-22.56.11:838][  0]LogInit: FAudioDevice initialized.
[2018.01.20-22.56.11:942][  0]LogDerivedDataCache: Saved boot cache 0.09s 78MB C:/Users/Steven/AppData/Local/UnrealEngine/4.18/DerivedDataCache/Boot.ddc.
[2018.01.20-22.56.11:995][  0]LogInit: Texture streaming: Enabled
[2018.01.20-22.56.12:470][  0]LogEngineSessionManager: EngineSessionManager initialized
[2018.01.20-22.56.13:034][  0]LogInit: Transaction tracking system initialized
[2018.01.20-22.56.14:474][  0]BlueprintLog: New page: Editor Load
[2018.01.20-22.56.18:382][  0]LocalizationService: Localization service is disabled
[2018.01.20-22.56.20:389][  0]LogLinker: Warning: Can't find file '/Game/ThirdPersonBP/ThirdPersonOverview'
[2018.01.20-22.56.20:390][  0]LogLinker: Warning: Can't find file '/Game/ThirdPersonBP/ThirdPersonOverview'
[2018.01.20-22.56.20:390][  0]LogUObjectGlobals: Warning: Failed to find object 'Class /Game/ThirdPersonBP/ThirdPersonOverview.ThirdPersonOverview_C'
[2018.01.20-22.56.21:369][  0]LogConsoleResponse: Display: 
[2018.01.20-22.56.24:626][  0]LogFileCache: Scanning file cache for directory 'D:/Unreal/AlphaParticle/AlphaParticleV0/MainProject/Content/' took 0.07s
[2018.01.20-22.56.24:626][  0]LogCook: Display: Max memory allowance for cook 16384mb min free memory 0mb
[2018.01.20-22.56.24:626][  0]LogCook: Display: Mobile HDR setting 1
[2018.01.20-22.56.24:642][  0]LogGameplayTags: Display: UGameplayTagsManager::DoneAddingNativeTags. DelegateIsBound: 0
[2018.01.20-22.56.29:146][  0]Cmd: MAP LOAD FILE="../../../Engine/Content/Maps/Templates/Template_Default.umap" TEMPLATE=1 SHOWPROGRESS=1 FEATURELEVEL=3
[2018.01.20-22.56.29:255][  0]LightingResults: New page: Lighting Build
[2018.01.20-22.56.29:513][  0]MapCheck: New page: Map Check
[2018.01.20-22.56.29:513][  0]LightingResults: New page: Lighting Build
[2018.01.20-22.56.31:266][  0]LogAIModule: Creating AISystem for world Untitled_1
[2018.01.20-22.56.31:852][  0]LogEditorServer: Finished looking for orphan Actors (0.000 secs)
[2018.01.20-22.56.31:921][  0]Cmd: MAP CHECKDEP NOCLEARLOG
[2018.01.20-22.56.32:047][  0]MapCheck: Map check complete: 0 Error(s), 0 Warning(s), took 126.636ms to complete.
[2018.01.20-22.56.32:047][  0]LogFileHelpers: Loading map 'Template_Default' took 2.925
[2018.01.20-22.56.34:317][  0]LogCollectionManager: Loaded 0 collections in 0.009914 seconds
[2018.01.20-22.56.34:727][  0]LogFileCache: Scanning file cache for directory 'D:/Unreal/AlphaParticle/AlphaParticleV0/MainProject/Saved/Collections/' took 0.01s
[2018.01.20-22.56.34:727][  0]LogFileCache: Scanning file cache for directory 'D:/Unreal/AlphaParticle/AlphaParticleV0/MainProject/Content/Developers/Steven/Collections/' took 0.01s
[2018.01.20-22.56.34:727][  0]LogFileCache: Scanning file cache for directory 'D:/Unreal/AlphaParticle/AlphaParticleV0/MainProject/Content/Collections/' took 0.01s
[2018.01.20-22.56.34:727][  0]LogCollectionManager: Rebuilt the GUID cache for 0 collections in 0.000001 seconds
[2018.01.20-22.56.34:744][  0]LogContentBrowser: Native class hierarchy populated in 0.0129 seconds. Added 2363 classes and 519 folders.
[2018.01.20-22.56.35:039][  0]LogContentBrowser: Native class hierarchy updated for 'WidgetCarousel' in 0.0003 seconds. Added 0 classes and 0 folders.
[2018.01.20-22.56.36:479][  0]LogContentBrowser: Native class hierarchy updated for 'AddContentDialog' in 0.0003 seconds. Added 0 classes and 0 folders.
[2018.01.20-22.56.36:667][  0]LogContentBrowser: Native class hierarchy updated for 'SceneOutliner' in 0.0003 seconds. Added 1 classes and 2 folders.
[2018.01.20-22.56.40:741][  0]LogTemp: Executing iPhonePackager certificates Engine -bundlename com.YourCompany.MainProject
[2018.01.20-22.56.40:741][  0]LogTemp: CWD: D:\Program Files\Epic Games\UE_4.18\Engine\Binaries\DotNET\IOS
[2018.01.20-22.56.40:741][  0]LogTemp: Initial Dir: D:\Program Files\Epic Games\UE_4.18
[2018.01.20-22.56.40:741][  0]LogTemp: Env CWD: D:\Program Files\Epic Games\UE_4.18\Engine\Binaries\DotNET\IOS
[2018.01.20-22.56.40:741][  0]LogTemp: BranchPath = ANDROMEDA/D/Program Files/Epic Games/UE_4.18/Engine/Binaries --- GameBranchPath = ANDROMEDA/D/Program Files/Epic Games/UE_4.18/Engine/Binaries
[2018.01.20-22.56.40:741][  0]LogTemp: IPP ERROR: Could not find provision directory 'C:\Users\Steven\AppData\Local/Apple Computer/MobileDevice/Provisioning Profiles/'.
[2018.01.20-22.56.40:741][  0]LogSlate: Only BGRA pngs, bmps or icos are supported in by External Image Picker
[2018.01.20-22.56.40:921][  0]LogSlate: Took 0.065882 seconds to synchronously load lazily loaded font '../../../Engine/Content/Slate/Fonts/Roboto-Regular.ttf' (155K)
[2018.01.20-22.56.40:964][  0]LogSlate: Took 0.017727 seconds to synchronously load lazily loaded font '../../../Engine/Content/Slate/Fonts/Roboto-Bold.ttf' (160K)
[2018.01.20-22.56.41:032][  0]LogSlate: Took 0.018666 seconds to synchronously load lazily loaded font '../../../Engine/Content/Editor/Slate/Fonts/FontAwesome.ttf' (139K)
[2018.01.20-22.56.41:762][  0]LogRenderer: Reallocating scene render targets to support 1208x600 Format 10 NumSamples 1 (Frame:1).
[2018.01.20-22.56.42:497][  0]LogContentBrowser: Native class hierarchy updated for 'HierarchicalLODOutliner' in 0.0004 seconds. Added 1 classes and 2 folders.
[2018.01.20-22.56.42:498][  0]LogLoad: (Engine Initialization) Total time: 141.09 seconds
[2018.01.20-22.56.42:498][  0]LogLoad: (Engine Initialization) Total Blueprint compile time: 0.00 seconds
[2018.01.20-22.56.42:498][  0]LogExternalProfiler: No external profilers were discovered.  External profiling features will not be available.
[2018.01.20-22.56.43:000][  0]SourceControl: On branch master
[2018.01.20-22.56.43:000][  0]SourceControl: Your branch is up-to-date with 'origin/master'.
[2018.01.20-22.56.43:000][  0]SourceControl: Changes to be committed:
[2018.01.20-22.56.43:000][  0]SourceControl:   (use "git reset HEAD <file>..." to unstage)
[2018.01.20-22.56.43:000][  0]SourceControl: 	renamed:    MainProject/Content/ThirdPersonBP/Blueprints/3PGM.uasset -> MainProject/Content/Blueprints/3PGM.uasset
[2018.01.20-22.56.43:000][  0]SourceControl: 	new file:   MainProject/Content/Blueprints/Interact.uasset
[2018.01.20-22.56.43:000][  0]SourceControl: 	new file:   MainProject/Content/Blueprints/InventoryStructure.uasset
[2018.01.20-22.56.43:000][  0]SourceControl: 	new file:   MainProject/Content/Blueprints/InventoryWidget.uasset
[2018.01.20-22.56.43:000][  0]SourceControl: 	new file:   MainProject/Content/Blueprints/ItemDataUI.uasset
[2018.01.20-22.56.43:000][  0]SourceControl: 	new file:   MainProject/Content/Blueprints/ItemDrop.uasset
[2018.01.20-22.56.43:000][  0]SourceControl: 	new file:   MainProject/Content/Blueprints/Player.uasset
[2018.01.20-22.56.43:000][  0]SourceControl: 	renamed:    MainProject/Content/ThirdPersonBP/Blueprints/PlayerAnim.uasset -> MainProject/Content/Blueprints/PlayerAnim.uasset
[2018.01.20-22.56.43:000][  0]SourceControl: 	new file:   MainProject/Content/Blueprints/PlayerHUD.uasset
[2018.01.20-22.56.43:000][  0]SourceControl: 	deleted:    MainProject/Content/ThirdPersonBP/Blueprints/Player.uasset
[2018.01.20-22.56.43:000][  0]SourceControl: 	deleted:    MainProject/Content/ThirdPersonBP/Blueprints/PlayerCharacter.uasset
[2018.01.20-22.56.43:000][  0]SourceControl: 	deleted:    MainProject/Content/ThirdPersonBP/Maps/ThirdPersonExampleMap_BuiltData.uasset
[2018.01.20-22.56.43:000][  0]SourceControl: 	deleted:    MainProject/Content/ThirdPersonBP/ThirdPersonOverview.uasset
[2018.01.20-22.56.43:000][  0]SourceControl: Changes not staged for commit:
[2018.01.20-22.56.43:000][  0]SourceControl:   (use "git add/rm <file>..." to update what will be committed)
[2018.01.20-22.56.43:000][  0]SourceControl:   (use "git checkout -- <file>..." to discard changes in working directory)
[2018.01.20-22.56.43:000][  0]SourceControl: 	modified:   .gitignore
[2018.01.20-22.56.43:000][  0]SourceControl: 	modified:   MainProject/Config/DefaultInput.ini
[2018.01.20-22.56.43:000][  0]SourceControl: 	modified:   MainProject/Content/Blueprints/3PGM.uasset
[2018.01.20-22.56.43:000][  0]SourceControl: 	modified:   MainProject/Content/Blueprints/InventoryStructure.uasset
[2018.01.20-22.56.43:000][  0]SourceControl: 	modified:   MainProject/Content/Blueprints/InventoryWidget.uasset
[2018.01.20-22.56.43:000][  0]SourceControl: 	modified:   MainProject/Content/Blueprints/ItemDataUI.uasset
[2018.01.20-22.56.43:000][  0]SourceControl: 	modified:   MainProject/Content/Blueprints/ItemDrop.uasset
[2018.01.20-22.56.43:000][  0]SourceControl: 	modified:   MainProject/Content/Blueprints/Player.uasset
[2018.01.20-22.56.43:000][  0]SourceControl: 	modified:   MainProject/Content/Levels/MechanicsMap.umap
[2018.01.20-22.56.43:000][  0]SourceControl: 	modified:   MainProject/Content/Levels/MechanicsMap_BuiltData.uasset
[2018.01.20-22.56.43:000][  0]SourceControl: 	modified:   MainProject/Intermediate/AssetRegistryCache/c90e3f55.bin
[2018.01.20-22.56.43:000][  0]SourceControl: 	modified:   MainProject/Intermediate/CachedAssetRegistry.bin
[2018.01.20-22.56.43:000][  0]SourceControl: 	modified:   MainProject/Intermediate/Config/CoalescedSourceConfigs/Input.ini
[2018.01.20-22.56.43:000][  0]SourceControl: 	modified:   MainProject/Saved/AutoScreenshot.png
[2018.01.20-22.56.43:000][  0]SourceControl: 	modified:   MainProject/Saved/Autosaves/Game/Levels/MechanicsMap_Auto1.umap
[2018.01.20-22.56.43:000][  0]SourceControl: 	modified:   MainProject/Saved/Autosaves/Game/Levels/MechanicsMap_Auto4.umap
[2018.01.20-22.56.43:000][  0]SourceControl: 	modified:   MainProject/Saved/Config/Windows/Editor.ini
[2018.01.20-22.56.43:000][  0]SourceControl: 	modified:   MainProject/Saved/Config/Windows/EditorPerProjectUserSettings.ini
[2018.01.20-22.56.43:000][  0]SourceControl: 	modified:   MainProject/Saved/Config/Windows/Engine.ini
[2018.01.20-22.56.43:000][  0]SourceControl: 	deleted:    MainProject/Saved/Logs/MainProject-backup-2018.01.18-18.24.31.log
[2018.01.20-22.56.43:000][  0]SourceControl: 	modified:   MainProject/Saved/Logs/MainProject.log
[2018.01.20-22.56.43:000][  0]SourceControl: 	modified:   MainProject/Saved/Logs/MainProject_2.log
[2018.01.20-22.56.43:000][  0]SourceControl: Untracked files:
[2018.01.20-22.56.43:001][  0]SourceControl:   (use "git add <file>..." to include in what will be committed)
[2018.01.20-22.56.43:001][  0]SourceControl: 	MainProject/Saved/Autosaves/Game/Blueprints/
[2018.01.20-22.56.43:001][  0]SourceControl: 	MainProject/Saved/Autosaves/Game/Images/
[2018.01.20-22.56.43:001][  0]SourceControl: 	MainProject/Saved/Autosaves/Game/Levels/MechanicsMap_Auto5.umap
[2018.01.20-22.56.43:001][  0]SourceControl: 	MainProject/Saved/Backup/3PGM_2018-01-19-15-51-30.uasset
[2018.01.20-22.56.43:001][  0]SourceControl: 	MainProject/Saved/Backup/3PGM_2018-01-19-16-39-28.uasset
[2018.01.20-22.56.43:001][  0]SourceControl: 	MainProject/Saved/Backup/3PGM_2018-01-19-16-57-46.uasset
[2018.01.20-22.56.43:001][  0]SourceControl: 	MainProject/Saved/Backup/3PGM_2018-01-19-21-08-24.uasset
[2018.01.20-22.56.43:001][  0]SourceControl: 	MainProject/Saved/Backup/3PGM_2018-01-19-21-28-20.uasset
[2018.01.20-22.56.43:001][  0]SourceControl: 	MainProject/Saved/Backup/3PGM_2018-01-19-21-38-27.uasset
[2018.01.20-22.56.43:001][  0]SourceControl: 	MainProject/Saved/Backup/InventoryStructure_2018-01-19-21-26-36.uasset
[2018.01.20-22.56.43:001][  0]SourceControl: 	MainProject/Saved/Backup/InventoryWidget_2018-01-19-21-15-48.uasset
[2018.01.20-22.56.43:001][  0]SourceControl: 	MainProject/Saved/Backup/InventoryWidget_2018-01-19-21-28-20.uasset
[2018.01.20-22.56.43:001][  0]SourceControl: 	MainProject/Saved/Backup/InventoryWidget_2018-01-19-21-33-31.uasset
[2018.01.20-22.56.43:001][  0]SourceControl: 	MainProject/Saved/Backup/InventoryWidget_2018-01-19-21-45-50.uasset
[2018.01.20-22.56.43:001][  0]SourceControl: 	MainProject/Saved/Backup/InventoryWidget_2018-01-19-21-53-31.uasset
[2018.01.20-22.56.43:001][  0]SourceControl: 	MainProject/Saved/Backup/InventoryWidget_2018-01-19-23-32-35.uasset
[2018.01.20-22.56.43:001][  0]SourceControl: 	MainProject/Saved/Backup/InventoryWidget_2018-01-19-23-38-15.uasset
[2018.01.20-22.56.43:001][  0]SourceControl: 	MainProject/Saved/Backup/InventoryWidget_2018-01-19-23-43-47.uasset
[2018.01.20-22.56.43:001][  0]SourceControl: 	MainProject/Saved/Backup/InventoryWidget_2018-01-20-00-00-59.uasset
[2018.01.20-22.56.43:001][  0]SourceControl: 	MainProject/Saved/Backup/InventoryWidget_2018-01-20-00-06-45.uasset
[2018.01.20-22.56.43:001][  0]SourceControl: 	MainProject/Saved/Backup/InventoryWidget_2018-01-20-00-17-53.uasset
[2018.01.20-22.56.43:001][  0]SourceControl: 	MainProject/Saved/Backup/InventoryWidget_2018-01-20-00-24-18.uasset
[2018.01.20-22.56.43:001][  0]SourceControl: 	MainProject/Saved/Backup/InventoryWidget_2018-01-20-00-40-28.uasset
[2018.01.20-22.56.43:001][  0]SourceControl: 	MainProject/Saved/Backup/InventoryWidget_2018-01-20-00-47-37.uasset
[2018.01.20-22.56.43:001][  0]SourceControl: 	MainProject/Saved/Backup/InventoryWidget_2018-01-20-01-03-00.uasset
[2018.01.20-22.56.43:001][  0]SourceControl: 	MainProject/Saved/Backup/InventoryWidget_2018-01-20-01-17-53.uasset
[2018.01.20-22.56.43:001][  0]SourceControl: 	MainProject/Saved/Backup/InventoryWidget_2018-01-20-01-25-32.uasset
[2018.01.20-22.56.43:001][  0]SourceControl: 	MainProject/Saved/Backup/InventoryWidget_2018-01-20-01-38-35.uasset
[2018.01.20-22.56.43:001][  0]SourceControl: 	MainProject/Saved/Backup/InventoryWidget_2018-01-20-01-59-11.uasset
[2018.01.20-22.56.43:001][  0]SourceControl: 	MainProject/Saved/Backup/ItemDataUI_2018-01-19-21-28-20.uasset
[2018.01.20-22.56.43:001][  0]SourceControl: 	MainProject/Saved/Backup/ItemDataUI_2018-01-19-21-39-17.uasset
[2018.01.20-22.56.43:001][  0]SourceControl: 	MainProject/Saved/Backup/ItemDataUI_2018-01-19-21-44-42.uasset
[2018.01.20-22.56.43:001][  0]SourceControl: 	MainProject/Saved/Backup/ItemDataUI_2018-01-19-21-53-31.uasset
[2018.01.20-22.56.43:001][  0]SourceControl: 	MainProject/Saved/Backup/ItemDataUI_2018-01-19-23-32-35.uasset
[2018.01.20-22.56.43:001][  0]SourceControl: 	MainProject/Saved/Backup/ItemDataUI_2018-01-19-23-38-10.uasset
[2018.01.20-22.56.43:001][  0]SourceControl: 	MainProject/Saved/Backup/ItemDataUI_2018-01-20-01-00-46.uasset
[2018.01.20-22.56.43:001][  0]SourceControl: 	MainProject/Saved/Backup/ItemDataUI_2018-01-20-01-08-03.uasset
[2018.01.20-22.56.43:001][  0]SourceControl: 	MainProject/Saved/Backup/ItemDataUI_2018-01-20-01-15-04.uasset
[2018.01.20-22.56.43:001][  0]SourceControl: 	MainProject/Saved/Backup/ItemDataUI_2018-01-20-01-28-24.uasset
[2018.01.20-22.56.43:001][  0]SourceControl: 	MainProject/Saved/Backup/ItemDataUI_2018-01-20-01-38-48.uasset
[2018.01.20-22.56.43:001][  0]SourceControl: 	MainProject/Saved/Backup/ItemDataUI_2018-01-20-01-43-50.uasset
[2018.01.20-22.56.43:001][  0]SourceControl: 	MainProject/Saved/Backup/ItemDataUI_2018-01-20-01-57-01.uasset
[2018.01.20-22.56.43:001][  0]SourceControl: 	MainProject/Saved/Backup/ItemDrop_2018-01-20-01-50-45.uasset
[2018.01.20-22.56.43:001][  0]SourceControl: 	MainProject/Saved/Backup/MechanicsMap_2018-01-19-15-52-36.umap
[2018.01.20-22.56.43:001][  0]SourceControl: 	MainProject/Saved/Backup/MechanicsMap_2018-01-19-16-39-27.umap
[2018.01.20-22.56.43:001][  0]SourceControl: 	MainProject/Saved/Backup/MechanicsMap_2018-01-19-16-57-46.umap
[2018.01.20-22.56.43:001][  0]SourceControl: 	MainProject/Saved/Backup/MechanicsMap_2018-01-19-17-07-53.umap
[2018.01.20-22.56.43:001][  0]SourceControl: 	MainProject/Saved/Backup/MechanicsMap_2018-01-19-18-29-29.umap
[2018.01.20-22.56.43:001][  0]SourceControl: 	MainProject/Saved/Backup/MechanicsMap_2018-01-19-20-51-35.umap
[2018.01.20-22.56.43:001][  0]SourceControl: 	MainProject/Saved/Backup/MechanicsMap_2018-01-19-20-58-22.umap
[2018.01.20-22.56.43:001][  0]SourceControl: 	MainProject/Saved/Backup/MechanicsMap_BuiltData_2018-01-19-15-52-36.uasset
[2018.01.20-22.56.43:001][  0]SourceControl: 	MainProject/Saved/Backup/MechanicsMap_BuiltData_2018-01-19-20-58-22.uasset
[2018.01.20-22.56.43:001][  0]SourceControl: 	MainProject/Saved/Backup/PlayerAnim_2018-01-19-15-51-30.uasset
[2018.01.20-22.56.43:001][  0]SourceControl: 	MainProject/Saved/Backup/Player_2018-01-19-15-51-30.uasset
[2018.01.20-22.56.43:001][  0]SourceControl: 	MainProject/Saved/Backup/Player_2018-01-19-16-29-51.uasset
[2018.01.20-22.56.43:001][  0]SourceControl: 	MainProject/Saved/Backup/Player_2018-01-19-16-39-28.uasset
[2018.01.20-22.56.43:001][  0]SourceControl: 	MainProject/Saved/Backup/Player_2018-01-19-16-48-55.uasset
[2018.01.20-22.56.43:001][  0]SourceControl: 	MainProject/Saved/Backup/Player_2018-01-19-16-57-46.uasset
[2018.01.20-22.56.43:001][  0]SourceControl: 	MainProject/Saved/Backup/Player_2018-01-19-17-07-53.uasset
[2018.01.20-22.56.43:001][  0]SourceControl: 	MainProject/Saved/Backup/Player_2018-01-19-18-29-29.uasset
[2018.01.20-22.56.43:001][  0]SourceControl: 	MainProject/Saved/Backup/Player_2018-01-19-20-41-40.uasset
[2018.01.20-22.56.43:001][  0]SourceControl: 	MainProject/Saved/Backup/Player_2018-01-19-20-51-35.uasset
[2018.01.20-22.56.43:001][  0]SourceControl: 	MainProject/Saved/Backup/Player_2018-01-19-21-08-24.uasset
[2018.01.20-22.56.43:001][  0]SourceControl: 	MainProject/Saved/Backup/Player_2018-01-19-21-28-20.uasset
[2018.01.20-22.56.43:001][  0]SourceControl: 	MainProject/Saved/Backup/Player_2018-01-19-21-36-03.uasset
[2018.01.20-22.56.43:001][  0]SourceControl: 	MainProject/Saved/Backup/Player_2018-01-19-23-40-34.uasset
[2018.01.20-22.56.43:001][  0]SourceControl: 	MainProject/Saved/Backup/Player_2018-01-19-23-45-52.uasset
[2018.01.20-22.56.43:001][  0]SourceControl: 	MainProject/Saved/Backup/Player_2018-01-19-23-51-44.uasset
[2018.01.20-22.56.43:001][  0]SourceControl: 	MainProject/Saved/Backup/Player_2018-01-20-00-00-59.uasset
[2018.01.20-22.56.43:001][  0]SourceControl: 	MainProject/Saved/Backup/Player_2018-01-20-00-11-35.uasset
[2018.01.20-22.56.43:001][  0]SourceControl: 	MainProject/Saved/Backup/Player_2018-01-20-00-24-17.uasset
[2018.01.20-22.56.43:001][  0]SourceControl: 	MainProject/Saved/Backup/Player_2018-01-20-00-35-34.uasset
[2018.01.20-22.56.43:001][  0]SourceControl: 	MainProject/Saved/Backup/Player_2018-01-20-00-42-49.uasset
[2018.01.20-22.56.43:001][  0]SourceControl: 	MainProject/Saved/Backup/Player_2018-01-20-00-51-38.uasset
[2018.01.20-22.56.43:001][  0]SourceControl: 	MainProject/Saved/Backup/Player_2018-01-20-01-21-05.uasset
[2018.01.20-22.56.43:001][  0]SourceControl: 	MainProject/Saved/Backup/Player_2018-01-20-01-34-06.uasset
[2018.01.20-22.56.43:001][  0]SourceControl: 	MainProject/Saved/Backup/Player_2018-01-20-01-56-59.uasset
[2018.01.20-22.56.43:002][  0]SourceControl: 	MainProject/Saved/Backup/Player_2018-01-20-02-03-13.uasset
[2018.01.20-22.56.43:002][  0]SourceControl: 	MainProject/Saved/Backup/Player_2018-01-20-02-08-33.uasset
[2018.01.20-22.56.43:002][  0]SourceControl: 	MainProject/Saved/Config/CrashReportClient/UE4CC-Windows-0AB86E624FBF81F6D8DB279FD3D96D89/
[2018.01.20-22.56.43:002][  0]SourceControl: 	MainProject/Saved/Config/CrashReportClient/UE4CC-Windows-1A9A5F13469FAD69CCF99FB0C331D646/
[2018.01.20-22.56.43:002][  0]SourceControl: 	MainProject/Saved/Config/CrashReportClient/UE4CC-Windows-41B175B243DC558164D1E7BE4C851C0D/
[2018.01.20-22.56.43:002][  0]SourceControl: 	MainProject/Saved/Config/CrashReportClient/UE4CC-Windows-5E7BF7BB46DC5B6DC173C780790AD632/
[2018.01.20-22.56.43:002][  0]SourceControl: 	MainProject/Saved/Config/CrashReportClient/UE4CC-Windows-62FD0D8844C24468B7A57BA87709A890/
[2018.01.20-22.56.43:002][  0]SourceControl: 	MainProject/Saved/Config/CrashReportClient/UE4CC-Windows-76004CE04A1AE1357E992A962E754D95/
[2018.01.20-22.56.43:002][  0]SourceControl: 	MainProject/Saved/Config/CrashReportClient/UE4CC-Windows-CAC0EE1646CC16B137DC0495F129055F/
[2018.01.20-22.56.43:002][  0]SourceControl: 	MainProject/Saved/Config/CrashReportClient/UE4CC-Windows-D72E4A1A4CFE127F9771AFAB16CEEAA3/
[2018.01.20-22.56.43:002][  0]SourceControl: 	MainProject/Saved/Logs/MainProject-backup-2018.01.19-15.28.58.log
[2018.01.20-22.56.43:002][  0]SourceControl: 	MainProject/Saved/Logs/MainProject-backup-2018.01.19-15.39.07.log
[2018.01.20-22.56.43:002][  0]SourceControl: 	MainProject/Saved/Logs/MainProject-backup-2018.01.19-19.06.46.log
[2018.01.20-22.56.43:002][  0]SourceControl: 	MainProject/Saved/Logs/MainProject-backup-2018.01.19-20.38.56.log
[2018.01.20-22.56.43:002][  0]SourceControl: 	MainProject/Saved/Logs/MainProject-backup-2018.01.19-23.23.10.log
[2018.01.20-22.56.43:002][  0]SourceControl: 	MainProject/Saved/Logs/MainProject-backup-2018.01.20-14.54.30.log
[2018.01.20-22.56.43:002][  0]SourceControl: 	MainProject/Saved/Logs/MainProject_2-backup-2018.01.19-19.07.07.log
[2018.01.20-22.56.43:002][  0]SourceControl: 	MainProject/Saved/Logs/MainProject_3.log
[2018.01.20-22.56.43:014][  0]LogContentStreaming: Texture pool size now 1000 MB
[2018.01.20-22.56.43:234][  1]LogAssetRegistry: Asset discovery search completed in 85.4606 seconds
[2018.01.20-22.56.43:236][  1]LogCollectionManager: Rebuilt the object cache for 0 collections in 0.000000 seconds (found 0 objects)
[2018.01.20-22.56.43:236][  1]LogCollectionManager: Fixed up redirectors for 0 collections in 0.000096 seconds (updated 0 objects)
[2018.01.20-22.56.43:882][  3]LogSlate: Took 0.017952 seconds to synchronously load lazily loaded font '../../../Engine/Content/Slate/Fonts/Roboto-Light.ttf' (159K)
[2018.01.20-22.57.59:461][670]LogSlate: Took 0.000174 seconds to synchronously load lazily loaded font '../../../Engine/Content/Slate/Fonts/Roboto-Light.ttf' (159K)
[2018.01.20-22.58.00:297][670]LogSlate: Took 0.000203 seconds to synchronously load lazily loaded font '../../../Engine/Content/Slate/Fonts/Roboto-Regular.ttf' (155K)
[2018.01.20-22.58.01:652][670]LogAIModule: Creating AISystem for world MechanicsMap
[2018.01.20-22.58.01:759][670]Cmd: MAP LOAD FILE="../../../../../../Unreal/AlphaParticle/AlphaParticleV0/MainProject/Content/Levels/MechanicsMap.umap" TEMPLATE=0 SHOWPROGRESS=1 FEATURELEVEL=3
[2018.01.20-22.58.01:759][670]LightingResults: New page: Lighting Build
[2018.01.20-22.58.01:760][670]LoadErrors: New page: Loading map: MechanicsMap.umap
[2018.01.20-22.58.01:774][670]MapCheck: New page: Map Check
[2018.01.20-22.58.01:774][670]LightingResults: New page: Lighting Build
[2018.01.20-22.58.01:947][670]LogEditorServer: Finished looking for orphan Actors (0.000 secs)
[2018.01.20-22.58.01:994][670]Cmd: MAP CHECKDEP NOCLEARLOG
[2018.01.20-22.58.02:106][670]MapCheck: Map check complete: 0 Error(s), 0 Warning(s), took 112.17ms to complete.
[2018.01.20-22.58.02:106][670]LogFileHelpers: Loading map 'MechanicsMap' took 0.370
[2018.01.20-22.58.04:334][886]LogTemp: Repeating last play command: Selected Viewport
[2018.01.20-22.58.04:540][886]LogPlayLevel: PlayLevel: No blueprints needed recompiling
[2018.01.20-22.58.04:556][886]PIE: New page: PIE session: MechanicsMap (Jan 20, 2018, 6:58:04 AM)
[2018.01.20-22.58.04:556][886]LogPlayLevel: Creating play world package: /Game/Levels/UEDPIE_0_MechanicsMap
[2018.01.20-22.58.04:578][886]LogPlayLevel: PIE: StaticDuplicateObject took: (0.022221s)
[2018.01.20-22.58.04:579][886]LogAIModule: Creating AISystem for world MechanicsMap
[2018.01.20-22.58.04:579][886]LogPlayLevel: PIE: World Init took: (0.000566s)
[2018.01.20-22.58.04:579][886]LogPlayLevel: PIE: Created PIE world by copying editor world from /Game/Levels/MechanicsMap.MechanicsMap to /Game/Levels/UEDPIE_0_MechanicsMap.MechanicsMap (0.023104s)
[2018.01.20-22.58.04:610][886]LogInit: XAudio2 using 'Speakers (VB-Audio VoiceMeeter AUX VAIO)' : 2 channels at 48 kHz using 16 bits per sample (channel mask 0x3)
[2018.01.20-22.58.04:615][886]LogInit: FAudioDevice initialized.
[2018.01.20-22.58.04:687][886]LogLoad: Game class is '3PGM_C'
[2018.01.20-22.58.04:727][886]LogWorld: Bringing World /Game/Levels/UEDPIE_0_MechanicsMap.MechanicsMap up for play (max tick rate 0) at 2018.01.20-14.58.04
[2018.01.20-22.58.04:746][886]LogWorld: Bringing up level for play took: 0.020081
[2018.01.20-22.58.04:925][886]LogContentBrowser: Native class hierarchy updated for 'MovieSceneCapture' in 0.0004 seconds. Added 11 classes and 0 folders.
[2018.01.20-22.58.05:191][886]PIE: Play in editor start time for /Game/Levels/UEDPIE_0_MechanicsMap 0.304
[2018.01.21-00.34.06:194][525]LogContentBrowser: Native class hierarchy updated for 'BlueprintGraph' in 0.0006 seconds. Added 116 classes and 0 folders.
[2018.01.21-00.35.54:396][901]LogSlate: Took 0.025517 seconds to synchronously load lazily loaded font '../../../Engine/Content/Editor/Slate/Fonts/Roboto-BoldCondensed.ttf' (158K)
[2018.01.21-00.36.42:337][346]LogSlate: Took 0.022535 seconds to synchronously load lazily loaded font '../../../Engine/Content/Editor/Slate/Fonts/Roboto-Italic.ttf' (157K)
[2018.01.21-00.39.24:967][457]LogFileHelpers: Editor autosave (incl. sublevels) for '/Game/Levels/MechanicsMap' took 0.022
[2018.01.21-00.39.24:993][457]OBJ SavePackage: Generating thumbnails for [1] asset(s) in package [/Game/Blueprints/Player] ([1] browsable assets)...
[2018.01.21-00.39.25:030][457]OBJ SavePackage:     Rendered thumbnail for [Blueprint /Game/Blueprints/Player.Player]
[2018.01.21-00.39.25:030][457]OBJ SavePackage: Finished generating thumbnails for package [/Game/Blueprints/Player]
[2018.01.21-00.39.25:621][457]LogSavePackage: Save=208.77ms
[2018.01.21-00.39.25:621][457]LogSavePackage: Moving '../../../../../../Unreal/AlphaParticle/AlphaParticleV0/MainProject/Saved/Player_Auto1664220EF4ACBE9521E6C1BB9A0FA6C2F.tmp' to '../../../../../../Unreal/AlphaParticle/AlphaParticleV0/MainProject/Saved/Autosaves/Game/Blueprints/Player_Auto1.uasset'
[2018.01.21-00.39.25:622][457]LogSavePackage: Display: Finished SavePackage ../../../../../../Unreal/AlphaParticle/AlphaParticleV0/MainProject/Saved/Autosaves/Game/Blueprints/Player_Auto1.uasset
[2018.01.21-00.39.25:623][457]LogFileHelpers: Auto-saving content packages took 0.654
[2018.01.21-00.42.53:791][ 41]LogRenderer: Reallocating scene render targets to support 1208x744 Format 10 NumSamples 1 (Frame:1).
[2018.01.21-00.44.10:596][256]BlueprintLog: New page: Compile ItemDrop
[2018.01.21-00.44.11:195][256]Cmd: OBJ SAVEPACKAGE PACKAGE="/Game/Blueprints/ItemDrop" FILE="../../../../../../Unreal/AlphaParticle/AlphaParticleV0/MainProject/Content/Blueprints/ItemDrop.uasset" SILENT=true
[2018.01.21-00.44.11:249][256]LogSavePackage: Save=21.02ms
[2018.01.21-00.44.11:249][256]LogSavePackage: Moving '../../../../../../Unreal/AlphaParticle/AlphaParticleV0/MainProject/Saved/ItemDropAD1E1941400B0B4E1478B09957AA94B5.tmp' to '../../../../../../Unreal/AlphaParticle/AlphaParticleV0/MainProject/Content/Blueprints/ItemDrop.uasset'
[2018.01.21-00.44.11:253][256]LogSavePackage: Display: Finished SavePackage ../../../../../../Unreal/AlphaParticle/AlphaParticleV0/MainProject/Content/Blueprints/ItemDrop.uasset
[2018.01.21-00.44.12:048][291]Cmd: OBJ SAVEPACKAGE PACKAGE="/Game/Blueprints/ItemDrop" FILE="../../../../../../Unreal/AlphaParticle/AlphaParticleV0/MainProject/Content/Blueprints/ItemDrop.uasset" SILENT=true
[2018.01.21-00.44.12:092][291]LogSavePackage: Save=18.82ms
[2018.01.21-00.44.12:092][291]LogSavePackage: Moving '../../../../../../Unreal/AlphaParticle/AlphaParticleV0/MainProject/Saved/ItemDrop190B7E294AA7BCEEF5AFAF806732FA38.tmp' to '../../../../../../Unreal/AlphaParticle/AlphaParticleV0/MainProject/Content/Blueprints/ItemDrop.uasset'
[2018.01.21-00.44.12:094][291]LogSavePackage: Display: Finished SavePackage ../../../../../../Unreal/AlphaParticle/AlphaParticleV0/MainProject/Content/Blueprints/ItemDrop.uasset
[2018.01.21-00.44.55:287][468]LogSlate: Warning: Prevented a slow task dialog from being summoned while a context menu was open
[2018.01.21-00.46.11:569][708]BlueprintLog: New page: Compile ItemDrop
[2018.01.21-00.46.12:068][708]Cmd: OBJ SAVEPACKAGE PACKAGE="/Game/Blueprints/ItemDrop" FILE="../../../../../../Unreal/AlphaParticle/AlphaParticleV0/MainProject/Content/Blueprints/ItemDrop.uasset" SILENT=true
[2018.01.21-00.46.12:116][708]LogSavePackage: Save=24.47ms
[2018.01.21-00.46.12:116][708]LogSavePackage: Moving '../../../../../../Unreal/AlphaParticle/AlphaParticleV0/MainProject/Saved/ItemDropE7B611A34BA4983B0D5421B7FB73DCD2.tmp' to '../../../../../../Unreal/AlphaParticle/AlphaParticleV0/MainProject/Content/Blueprints/ItemDrop.uasset'
[2018.01.21-00.46.12:120][708]LogSavePackage: Display: Finished SavePackage ../../../../../../Unreal/AlphaParticle/AlphaParticleV0/MainProject/Content/Blueprints/ItemDrop.uasset
[2018.01.21-00.46.16:825][227]BlueprintLog: New page: Compile Player
[2018.01.21-00.46.17:419][227]Cmd: OBJ SAVEPACKAGE PACKAGE="/Game/Blueprints/Player" FILE="../../../../../../Unreal/AlphaParticle/AlphaParticleV0/MainProject/Content/Blueprints/Player.uasset" SILENT=true
[2018.01.21-00.46.17:624][227]LogSavePackage: Save=152.82ms
[2018.01.21-00.46.17:624][227]LogSavePackage: Moving '../../../../../../Unreal/AlphaParticle/AlphaParticleV0/MainProject/Saved/PlayerB71AD4A24A932D07E1F062A2031AFC73.tmp' to '../../../../../../Unreal/AlphaParticle/AlphaParticleV0/MainProject/Content/Blueprints/Player.uasset'
[2018.01.21-00.46.17:630][227]LogSavePackage: Display: Finished SavePackage ../../../../../../Unreal/AlphaParticle/AlphaParticleV0/MainProject/Content/Blueprints/Player.uasset
[2018.01.21-00.47.43:314][541]LogSlate: Took 0.028518 seconds to synchronously load lazily loaded font '../../../Engine/Content/Editor/Slate/Fonts/Roboto-BoldCondensedItalic.ttf' (160K)
[2018.01.21-00.47.50:213][789]BlueprintLog: New page: Compile Interact
[2018.01.21-00.47.50:392][789]Cmd: OBJ SAVEPACKAGE PACKAGE="/Game/Blueprints/Interact" FILE="../../../../../../Unreal/AlphaParticle/AlphaParticleV0/MainProject/Content/Blueprints/Interact.uasset" SILENT=true
[2018.01.21-00.47.50:432][789]LogSavePackage: Save=10.62ms
[2018.01.21-00.47.50:432][789]LogSavePackage: Moving '../../../../../../Unreal/AlphaParticle/AlphaParticleV0/MainProject/Saved/Interact79468AE44E7C6F58FD92C0902E8D11AB.tmp' to '../../../../../../Unreal/AlphaParticle/AlphaParticleV0/MainProject/Content/Blueprints/Interact.uasset'
[2018.01.21-00.47.50:435][789]LogSavePackage: Display: Finished SavePackage ../../../../../../Unreal/AlphaParticle/AlphaParticleV0/MainProject/Content/Blueprints/Interact.uasset
[2018.01.21-00.47.57:435][313]BlueprintLog: New page: Compile ItemDrop
[2018.01.21-00.47.58:007][313]Cmd: OBJ SAVEPACKAGE PACKAGE="/Game/Blueprints/ItemDrop" FILE="../../../../../../Unreal/AlphaParticle/AlphaParticleV0/MainProject/Content/Blueprints/ItemDrop.uasset" SILENT=true
[2018.01.21-00.47.58:053][313]LogSavePackage: Save=21.59ms
[2018.01.21-00.47.58:053][313]LogSavePackage: Moving '../../../../../../Unreal/AlphaParticle/AlphaParticleV0/MainProject/Saved/ItemDrop2C83520E445139A6236172AC2CA02BAE.tmp' to '../../../../../../Unreal/AlphaParticle/AlphaParticleV0/MainProject/Content/Blueprints/ItemDrop.uasset'
[2018.01.21-00.47.58:058][313]LogSavePackage: Display: Finished SavePackage ../../../../../../Unreal/AlphaParticle/AlphaParticleV0/MainProject/Content/Blueprints/ItemDrop.uasset
[2018.01.21-00.49.26:355][427]LogFileHelpers: Editor autosave (incl. sublevels) for '/Game/Levels/MechanicsMap' took 0.021
[2018.01.21-00.49.26:358][427]OBJ SavePackage: Generating thumbnails for [1] asset(s) in package [/Game/Blueprints/ItemDrop] ([1] browsable assets)...
[2018.01.21-00.49.26:382][427]OBJ SavePackage:     Rendered thumbnail for [Blueprint /Game/Blueprints/ItemDrop.ItemDrop]
[2018.01.21-00.49.26:382][427]OBJ SavePackage: Finished generating thumbnails for package [/Game/Blueprints/ItemDrop]
[2018.01.21-00.49.26:434][427]LogSavePackage: Save=27.41ms
[2018.01.21-00.49.26:434][427]LogSavePackage: Moving '../../../../../../Unreal/AlphaParticle/AlphaParticleV0/MainProject/Saved/ItemDrop_Auto24771BBB14CFCD0EE62EB878CF3F0CFE3.tmp' to '../../../../../../Unreal/AlphaParticle/AlphaParticleV0/MainProject/Saved/Autosaves/Game/Blueprints/ItemDrop_Auto2.uasset'
[2018.01.21-00.49.26:436][427]LogSavePackage: Display: Finished SavePackage ../../../../../../Unreal/AlphaParticle/AlphaParticleV0/MainProject/Saved/Autosaves/Game/Blueprints/ItemDrop_Auto2.uasset
[2018.01.21-00.49.26:436][427]LogFileHelpers: Auto-saving content packages took 0.079
[2018.01.21-00.55.16:724][688]BlueprintLog: New page: Compile ItemDrop
[2018.01.21-00.55.17:262][688]Cmd: OBJ SAVEPACKAGE PACKAGE="/Game/Blueprints/ItemDrop" FILE="../../../../../../Unreal/AlphaParticle/AlphaParticleV0/MainProject/Content/Blueprints/ItemDrop.uasset" SILENT=true
[2018.01.21-00.55.17:371][688]LogSavePackage: Save=32.62ms
[2018.01.21-00.55.17:371][688]LogSavePackage: Moving '../../../../../../Unreal/AlphaParticle/AlphaParticleV0/MainProject/Saved/ItemDrop59939D9741E739415F8612B0A0088AAD.tmp' to '../../../../../../Unreal/AlphaParticle/AlphaParticleV0/MainProject/Content/Blueprints/ItemDrop.uasset'
[2018.01.21-00.55.17:376][688]LogSavePackage: Display: Finished SavePackage ../../../../../../Unreal/AlphaParticle/AlphaParticleV0/MainProject/Content/Blueprints/ItemDrop.uasset
[2018.01.21-00.55.18:522][767]BlueprintLog: New page: Compile Player
[2018.01.21-00.55.19:149][767]Cmd: OBJ SAVEPACKAGE PACKAGE="/Game/Blueprints/Player" FILE="../../../../../../Unreal/AlphaParticle/AlphaParticleV0/MainProject/Content/Blueprints/Player.uasset" SILENT=true
[2018.01.21-00.55.19:352][767]LogSavePackage: Save=150.05ms
[2018.01.21-00.55.19:352][767]LogSavePackage: Moving '../../../../../../Unreal/AlphaParticle/AlphaParticleV0/MainProject/Saved/PlayerA9C9A2D7497DA21E8DD193ABD318AF8B.tmp' to '../../../../../../Unreal/AlphaParticle/AlphaParticleV0/MainProject/Content/Blueprints/Player.uasset'
[2018.01.21-00.55.19:355][767]LogSavePackage: Display: Finished SavePackage ../../../../../../Unreal/AlphaParticle/AlphaParticleV0/MainProject/Content/Blueprints/Player.uasset
[2018.01.21-00.55.23:173][893]LogTemp: Repeating last play command: Selected Viewport
[2018.01.21-00.55.23:209][893]LogPlayLevel: PlayLevel: No blueprints needed recompiling
[2018.01.21-00.55.23:210][893]PIE: New page: PIE session: MechanicsMap (Jan 20, 2018, 8:55:23 AM)
[2018.01.21-00.55.23:210][893]LogPlayLevel: Creating play world package: /Game/Levels/UEDPIE_0_MechanicsMap
[2018.01.21-00.55.23:217][893]LogPlayLevel: PIE: StaticDuplicateObject took: (0.006972s)
[2018.01.21-00.55.23:218][893]LogAIModule: Creating AISystem for world MechanicsMap
[2018.01.21-00.55.23:219][893]LogPlayLevel: PIE: World Init took: (0.001541s)
[2018.01.21-00.55.23:219][893]LogPlayLevel: PIE: Created PIE world by copying editor world from /Game/Levels/MechanicsMap.MechanicsMap to /Game/Levels/UEDPIE_0_MechanicsMap.MechanicsMap (0.009066s)
[2018.01.21-00.55.23:277][893]LogInit: XAudio2 using 'Speakers (VB-Audio VoiceMeeter AUX VAIO)' : 2 channels at 48 kHz using 16 bits per sample (channel mask 0x3)
[2018.01.21-00.55.23:283][893]LogInit: FAudioDevice initialized.
[2018.01.21-00.55.23:338][893]LogLoad: Game class is '3PGM_C'
[2018.01.21-00.55.23:339][893]LogWorld: Bringing World /Game/Levels/UEDPIE_0_MechanicsMap.MechanicsMap up for play (max tick rate 0) at 2018.01.20-16.55.23
[2018.01.21-00.55.23:339][893]LogWorld: Bringing up level for play took: 0.000670
[2018.01.21-00.55.23:345][893]PIE: Play in editor start time for /Game/Levels/UEDPIE_0_MechanicsMap 0.458
[2018.01.21-00.55.23:376][893]LogRenderer: Reallocating scene render targets to support 1292x756 Format 10 NumSamples 1 (Frame:1).
[2018.01.21-01.02.16:468][737]LogActorComponent: UnregisterComponent: (/Engine/Transient.EditorFloorComp) Not registered. Aborting.
[2018.01.21-01.02.16:815][738]Cmd: QUIT_EDITOR
[2018.01.21-01.02.17:498][738]LogWindowsTextInputMethodSystem: Display: IME system now deactivated.
[2018.01.21-01.02.17:512][738]LogExit: Preparing to exit.
[2018.01.21-01.02.18:238][738]LogDirectoryWatcher: A directory notification for 'D:/Unreal/AlphaParticle/AlphaParticleV0/MainProject/Content/' was aborted.
[2018.01.21-01.02.18:393][738]LogExit: Editor shut down
[2018.01.21-01.02.18:396][738]LogExit: Transaction tracking system shut down
[2018.01.21-01.02.18:550][738]LogDirectoryWatcher: A directory notification for '../../../Engine/Content/' was aborted.
[2018.01.21-01.02.18:550][738]LogDirectoryWatcher: A directory notification for '../../../../../../Unreal/AlphaParticle/AlphaParticleV0/MainProject/Content/' was aborted.
[2018.01.21-01.02.18:550][738]LogDirectoryWatcher: A directory notification for '../../../Engine/Plugins/2D/Paper2D/Content/' was aborted.
[2018.01.21-01.02.18:550][738]LogDirectoryWatcher: A directory notification for '../../../Engine/Plugins/Media/MediaCompositing/Content/' was aborted.
[2018.01.21-01.02.18:550][738]LogDirectoryWatcher: A directory notification for '../../../Engine/Plugins/Runtime/AppleARKit/Content/' was aborted.
[2018.01.21-01.02.18:550][738]LogDirectoryWatcher: A directory notification for '../../../Engine/Plugins/Runtime/Oculus/OculusVR/Content/' was aborted.
[2018.01.21-01.02.18:550][738]LogDirectoryWatcher: A directory notification for '../../../Engine/Plugins/Runtime/Steam/SteamVR/Content/' was aborted.
[2018.01.21-01.02.18:877][738]LogExit: Object subsystem successfully closed.
[2018.01.21-01.02.18:994][738]LogD3D11RHI: Shutdown
[2018.01.21-01.02.18:994][738]LogD3D11RHI: CleanupD3DDevice
[2018.01.21-01.02.18:997][738]LogD3D11RHI: ~FD3D11DynamicRHI
[2018.01.21-01.02.19:268][738]LogModuleManager: Shutting down and abandoning module SequencerWidgets (558)
[2018.01.21-01.02.19:268][738]LogModuleManager: Shutting down and abandoning module BlueprintGraph (556)
[2018.01.21-01.02.19:269][738]LogModuleManager: Shutting down and abandoning module MovieSceneCapture (554)
[2018.01.21-01.02.19:269][738]LogModuleManager: Shutting down and abandoning module HierarchicalLODOutliner (552)
[2018.01.21-01.02.19:269][738]LogModuleManager: Shutting down and abandoning module ExternalImagePicker (550)
[2018.01.21-01.02.19:269][738]LogModuleManager: Shutting down and abandoning module SceneOutliner (548)
[2018.01.21-01.02.19:269][738]LogModuleManager: Shutting down and abandoning module AddContentDialog (546)
[2018.01.21-01.02.19:269][738]LogDirectoryWatcher: A directory notification for 'D:/Program Files/Epic Games/UE_4.18/FeaturePacks/' was aborted.
[2018.01.21-01.02.19:270][738]LogModuleManager: Shutting down and abandoning module WidgetCarousel (545)
[2018.01.21-01.02.19:270][738]LogModuleManager: Shutting down and abandoning module EditorWidgets (542)
[2018.01.21-01.02.19:270][738]LogModuleManager: Shutting down and abandoning module CollectionManager (540)
[2018.01.21-01.02.19:270][738]LogDirectoryWatcher: A directory notification for 'D:/Unreal/AlphaParticle/AlphaParticleV0/MainProject/Content/Collections/' was aborted.
[2018.01.21-01.02.19:270][738]LogDirectoryWatcher: A directory notification for 'D:/Unreal/AlphaParticle/AlphaParticleV0/MainProject/Content/Developers/Steven/Collections/' was aborted.
[2018.01.21-01.02.19:270][738]LogDirectoryWatcher: A directory notification for 'D:/Unreal/AlphaParticle/AlphaParticleV0/MainProject/Saved/Collections/' was aborted.
[2018.01.21-01.02.19:270][738]LogModuleManager: Shutting down and abandoning module HierarchicalLODUtilities (538)
[2018.01.21-01.02.19:270][738]LogModuleManager: Shutting down and abandoning module StatsViewer (536)
[2018.01.21-01.02.19:270][738]LogModuleManager: Shutting down and abandoning module FoliageEdit (534)
[2018.01.21-01.02.19:270][738]LogModuleManager: Shutting down and abandoning module LandscapeEditor (532)
[2018.01.21-01.02.19:286][738]LogModuleManager: Shutting down and abandoning module MeshPaintMode (530)
[2018.01.21-01.02.19:286][738]LogModuleManager: Shutting down and abandoning module SceneDepthPickerMode (528)
[2018.01.21-01.02.19:286][738]LogModuleManager: Shutting down and abandoning module ActorPickerMode (526)
[2018.01.21-01.02.19:286][738]LogModuleManager: Shutting down and abandoning module GeometryMode (524)
[2018.01.21-01.02.19:286][738]LogModuleManager: Shutting down and abandoning module TextureAlignMode (522)
[2018.01.21-01.02.19:286][738]LogModuleManager: Shutting down and abandoning module BspMode (520)
[2018.01.21-01.02.19:286][738]LogModuleManager: Shutting down and abandoning module PIEPreviewDeviceProfileSelector (518)
[2018.01.21-01.02.19:286][738]LogModuleManager: Shutting down and abandoning module HardwareSurvey (516)
[2018.01.21-01.02.19:286][738]LogModuleManager: Shutting down and abandoning module SequenceRecorderSections (514)
[2018.01.21-01.02.19:286][738]LogModuleManager: Shutting down and abandoning module AutomationWorker (512)
[2018.01.21-01.02.19:286][738]LogModuleManager: Shutting down and abandoning module MatineeToLevelSequence (510)
[2018.01.21-01.02.19:286][738]LogModuleManager: Shutting down and abandoning module LevelSequenceEditor (508)
[2018.01.21-01.02.19:286][738]LogModuleManager: Shutting down and abandoning module PlacementMode (507)
[2018.01.21-01.02.19:286][738]LogModuleManager: Shutting down and abandoning module WmfMediaFactory (504)
[2018.01.21-01.02.19:286][738]LogModuleManager: Shutting down and abandoning module WmfMediaEditor (502)
[2018.01.21-01.02.19:286][738]LogModuleManager: Shutting down and abandoning module OpenExrWrapper (500)
[2018.01.21-01.02.19:286][738]LogModuleManager: Shutting down and abandoning module ImgMediaFactory (498)
[2018.01.21-01.02.19:286][738]LogModuleManager: Shutting down and abandoning module ImgMediaEditor (496)
[2018.01.21-01.02.19:286][738]LogModuleManager: Shutting down and abandoning module AvfMediaFactory (494)
[2018.01.21-01.02.19:286][738]LogModuleManager: Shutting down and abandoning module AvfMediaEditor (492)
[2018.01.21-01.02.19:286][738]LogModuleManager: Shutting down and abandoning module AndroidMediaFactory (490)
[2018.01.21-01.02.19:286][738]LogModuleManager: Shutting down and abandoning module AndroidMediaEditor (488)
[2018.01.21-01.02.19:286][738]LogModuleManager: Shutting down and abandoning module CharacterAI (486)
[2018.01.21-01.02.19:286][738]LogModuleManager: Shutting down and abandoning module AudioCapture (484)
[2018.01.21-01.02.19:286][738]LogModuleManager: Shutting down and abandoning module SequenceRecorder (483)
[2018.01.21-01.02.19:286][738]LogModuleManager: Shutting down and abandoning module SmartSnapping (480)
[2018.01.21-01.02.19:286][738]LogModuleManager: Shutting down and abandoning module SessionServices (478)
[2018.01.21-01.02.19:286][738]LogModuleManager: Shutting down and abandoning module ViewportSnapping (476)
[2018.01.21-01.02.19:286][738]LogModuleManager: Shutting down and abandoning module ViewportInteraction (474)
[2018.01.21-01.02.19:286][738]LogModuleManager: Shutting down and abandoning module ClothPainter (472)
[2018.01.21-01.02.19:286][738]LogModuleManager: Shutting down and abandoning module SkeletalMeshEditor (471)
[2018.01.21-01.02.19:287][738]LogModuleManager: Shutting down and abandoning module LogVisualizer (468)
[2018.01.21-01.02.19:287][738]LogModuleManager: Shutting down and abandoning module IntroTutorials (466)
[2018.01.21-01.02.19:287][738]LogModuleManager: Shutting down and abandoning module GameProjectGeneration (465)
[2018.01.21-01.02.19:308][738]LogModuleManager: Shutting down and abandoning module IOSPlatformEditor (462)
[2018.01.21-01.02.19:308][738]LogModuleManager: Shutting down and abandoning module HTML5PlatformEditor (460)
[2018.01.21-01.02.19:308][738]LogModuleManager: Shutting down and abandoning module AndroidPlatformEditor (458)
[2018.01.21-01.02.19:308][738]LogModuleManager: Shutting down and abandoning module AndroidDeviceDetection (457)
[2018.01.21-01.02.19:776][738]LogModuleManager: Shutting down and abandoning module WindowsPlatformEditor (454)
[2018.01.21-01.02.19:777][738]LogModuleManager: Shutting down and abandoning module IOSRuntimeSettings (452)
[2018.01.21-01.02.19:777][738]LogModuleManager: Shutting down and abandoning module AndroidRuntimeSettings (450)
[2018.01.21-01.02.19:777][738]LogModuleManager: Shutting down and abandoning module InputBindingEditor (448)
[2018.01.21-01.02.19:777][738]LogModuleManager: Shutting down and abandoning module MergeActors (446)
[2018.01.21-01.02.19:801][738]LogModuleManager: Shutting down and abandoning module SizeMap (444)
[2018.01.21-01.02.19:801][738]LogModuleManager: Shutting down and abandoning module TreeMap (442)
[2018.01.21-01.02.19:801][738]LogModuleManager: Shutting down and abandoning module ReferenceViewer (440)
[2018.01.21-01.02.19:802][738]LogModuleManager: Shutting down and abandoning module LocalizationDashboard (438)
[2018.01.21-01.02.19:810][738]LogModuleManager: Shutting down and abandoning module LocalizationService (437)
[2018.01.21-01.02.19:810][738]LogModuleManager: Shutting down and abandoning module HardwareTargeting (434)
[2018.01.21-01.02.19:810][738]LogModuleManager: Shutting down and abandoning module DeviceProfileEditor (432)
[2018.01.21-01.02.19:810][738]LogModuleManager: Shutting down and abandoning module UndoHistory (430)
[2018.01.21-01.02.19:810][738]LogModuleManager: Shutting down and abandoning module XmlParser (428)
[2018.01.21-01.02.19:810][738]LogModuleManager: Shutting down and abandoning module Blutility (426)
[2018.01.21-01.02.19:810][738]LogModuleManager: Shutting down and abandoning module ProjectSettingsViewer (424)
[2018.01.21-01.02.19:810][738]LogModuleManager: Shutting down and abandoning module ProjectTargetPlatformEditor (423)
[2018.01.21-01.02.19:811][738]LogModuleManager: Shutting down and abandoning module EditorSettingsViewer (420)
[2018.01.21-01.02.19:811][738]LogModuleManager: Shutting down and abandoning module SettingsEditor (418)
[2018.01.21-01.02.19:811][738]LogModuleManager: Shutting down and abandoning module ProjectLauncher (416)
[2018.01.21-01.02.19:825][738]LogModuleManager: Shutting down and abandoning module SessionFrontend (414)
[2018.01.21-01.02.19:825][738]LogModuleManager: Shutting down and abandoning module ProfilerClient (412)
[2018.01.21-01.02.19:844][738]LogModuleManager: Shutting down and abandoning module DeviceManager (410)
[2018.01.21-01.02.19:845][738]LogModuleManager: Shutting down and abandoning module TargetDeviceServices (409)
[2018.01.21-01.02.19:898][738]LogModuleManager: Shutting down and abandoning module AutomationController (406)
[2018.01.21-01.02.19:917][738]LogModuleManager: Shutting down and abandoning module AutomationWindow (404)
[2018.01.21-01.02.19:922][738]LogModuleManager: Shutting down and abandoning module Layers (402)
[2018.01.21-01.02.19:951][738]LogModuleManager: Shutting down and abandoning module ComponentVisualizers (400)
[2018.01.21-01.02.19:951][738]LogModuleManager: Shutting down and abandoning module DetailCustomizations (398)
[2018.01.21-01.02.19:951][738]LogModuleManager: Shutting down and abandoning module PackagesDialog (396)
[2018.01.21-01.02.19:951][738]LogModuleManager: Shutting down and abandoning module Persona (394)
[2018.01.21-01.02.19:978][738]LogModuleManager: Shutting down and abandoning module AdvancedPreviewScene (393)
[2018.01.21-01.02.19:978][738]LogModuleManager: Shutting down and abandoning module AnimGraph (391)
[2018.01.21-01.02.19:978][738]LogModuleManager: Shutting down and abandoning module Kismet (388)
[2018.01.21-01.02.19:985][738]LogModuleManager: Shutting down and abandoning module ClassViewer (386)
[2018.01.21-01.02.19:987][738]LogModuleManager: Shutting down and abandoning module Toolbox (384)
[2018.01.21-01.02.19:987][738]LogModuleManager: Shutting down and abandoning module ModuleUI (382)
[2018.01.21-01.02.19:993][738]LogModuleManager: Shutting down and abandoning module MovieSceneTools (380)
[2018.01.21-01.02.20:016][738]LogModuleManager: Shutting down and abandoning module OutputLog (378)
[2018.01.21-01.02.20:016][738]LogModuleManager: Shutting down and abandoning module GammaUI (376)
[2018.01.21-01.02.20:030][738]LogModuleManager: Shutting down and abandoning module Documentation (374)
[2018.01.21-01.02.20:030][738]LogModuleManager: Shutting down and abandoning module MovieSceneTracks (372)
[2018.01.21-01.02.20:030][738]LogModuleManager: Shutting down and abandoning module MovieScene (370)
[2018.01.21-01.02.20:030][738]LogModuleManager: Shutting down and abandoning module StreamingPauseRendering (368)
[2018.01.21-01.02.20:030][738]LogModuleManager: Shutting down and abandoning module LauncherPlatform (366)
[2018.01.21-01.02.20:030][738]LogModuleManager: Shutting down and abandoning module AnalyticsET (364)
[2018.01.21-01.02.20:030][738]LogModuleManager: Shutting down and abandoning module PortalServices (362)
[2018.01.21-01.02.20:030][738]LogModuleManager: Shutting down and abandoning module PortalRpc (360)
[2018.01.21-01.02.20:030][738]LogModuleManager: Shutting down and abandoning module MessagingRpc (358)
[2018.01.21-01.02.20:030][738]LogModuleManager: Shutting down and abandoning module AIModule (356)
[2018.01.21-01.02.20:031][738]LogModuleManager: Shutting down and abandoning module GameplayDebugger (355)
[2018.01.21-01.02.20:031][738]LogModuleManager: Shutting down and abandoning module AITestSuite (353)
[2018.01.21-01.02.20:031][738]LogModuleManager: Shutting down and abandoning module DesktopPlatform (350)
[2018.01.21-01.02.20:031][738]LogModuleManager: Shutting down and abandoning module ProfilerService (348)
[2018.01.21-01.02.20:136][738]LogModuleManager: Shutting down and abandoning module TaskGraph (346)
[2018.01.21-01.02.20:136][738]LogModuleManager: Shutting down and abandoning module SteamVRController (344)
[2018.01.21-01.02.20:136][738]LogModuleManager: Shutting down and abandoning module ProceduralMeshComponentEditor (342)
[2018.01.21-01.02.20:136][738]LogModuleManager: Shutting down and abandoning module ProceduralMeshComponent (340)
[2018.01.21-01.02.20:136][738]LogModuleManager: Shutting down and abandoning module OculusInput (338)
[2018.01.21-01.02.20:136][738]LogModuleManager: Shutting down and abandoning module MobilePatchingUtils (336)
[2018.01.21-01.02.20:136][738]LogModuleManager: Shutting down and abandoning module CustomMeshComponent (334)
[2018.01.21-01.02.20:136][738]LogModuleManager: Shutting down and abandoning module CableComponent (332)
[2018.01.21-01.02.20:136][738]LogModuleManager: Shutting down and abandoning module ArchVisCharacter (330)
[2018.01.21-01.02.20:136][738]LogModuleManager: Shutting down and abandoning module AndroidPermission (328)
[2018.01.21-01.02.20:136][738]LogModuleManager: Shutting down and abandoning module ActorSequence (324)
[2018.01.21-01.02.20:136][738]LogModuleManager: Shutting down and abandoning module MediaPlayerEditor (322)
[2018.01.21-01.02.20:136][738]LogModuleManager: Shutting down and abandoning module MediaCompositingEditor (320)
[2018.01.21-01.02.20:136][738]LogModuleManager: Shutting down and abandoning module MediaCompositing (318)
[2018.01.21-01.02.20:136][738]LogModuleManager: Shutting down and abandoning module HTML5Networking (316)
[2018.01.21-01.02.20:136][738]LogModuleManager: Shutting down and abandoning module AlembicImporter (314)
[2018.01.21-01.02.20:136][738]LogModuleManager: Shutting down and abandoning module AlembicLibrary (313)
[2018.01.21-01.02.20:136][738]LogModuleManager: Shutting down and abandoning module GeometryCache (312)
[2018.01.21-01.02.20:136][738]LogModuleManager: Shutting down and abandoning module GeometryCacheEd (311)
[2018.01.21-01.02.20:136][738]LogModuleManager: Shutting down and abandoning module SpeedTreeImporter (306)
[2018.01.21-01.02.20:136][738]LogModuleManager: Shutting down and abandoning module PluginBrowser (304)
[2018.01.21-01.02.20:136][738]LogModuleManager: Shutting down and abandoning module MobileLauncherProfileWizard (302)
[2018.01.21-01.02.20:136][738]LogModuleManager: Shutting down and abandoning module VisualStudioSourceCodeAccess (300)
[2018.01.21-01.02.20:136][738]LogModuleManager: Shutting down and abandoning module VisualStudioCodeSourceCodeAccess (298)
[2018.01.21-01.02.20:136][738]LogModuleManager: Shutting down and abandoning module UObjectPlugin (296)
[2018.01.21-01.02.20:136][738]LogModuleManager: Shutting down and abandoning module SubversionSourceControl (294)
[2018.01.21-01.02.20:136][738]LogModuleManager: Shutting down and abandoning module PerforceSourceControl (292)
[2018.01.21-01.02.20:136][738]LogModuleManager: Shutting down and abandoning module GitSourceControl (290)
[2018.01.21-01.02.20:137][738]LogModuleManager: Shutting down and abandoning module SourceControl (289)
[2018.01.21-01.02.20:137][738]LogModuleManager: Shutting down and abandoning module LightPropagationVolumeEditor (286)
[2018.01.21-01.02.20:137][738]LogModuleManager: Shutting down and abandoning module PaperTiledImporter (284)
[2018.01.21-01.02.20:137][738]LogModuleManager: Shutting down and abandoning module PaperSpriteSheetImporter (282)
[2018.01.21-01.02.20:137][738]LogModuleManager: Shutting down and abandoning module Paper2DEditor (280)
[2018.01.21-01.02.20:137][738]LogModuleManager: Shutting down and abandoning module MeshPaint (279)
[2018.01.21-01.02.20:137][738]LogModuleManager: Shutting down and abandoning module LevelEditor (277)
[2018.01.21-01.02.20:138][738]LogModuleManager: Shutting down and abandoning module PixelInspectorModule (276)
[2018.01.21-01.02.20:138][738]LogModuleManager: Shutting down and abandoning module MainFrame (274)
[2018.01.21-01.02.20:138][738]LogModuleManager: Shutting down and abandoning module HotReload (273)
[2018.01.21-01.02.20:138][738]LogModuleManager: Shutting down and abandoning module RuntimePhysXCooking (268)
[2018.01.21-01.02.20:138][738]LogModuleManager: Shutting down and abandoning module PhysXVehiclesEditor (266)
[2018.01.21-01.02.20:138][738]LogModuleManager: Shutting down and abandoning module PhysXVehicles (264)
[2018.01.21-01.02.20:138][738]LogModuleManager: Shutting down and abandoning module OculusEditor (262)
[2018.01.21-01.02.20:138][738]LogModuleManager: Shutting down and abandoning module LocationServicesBPLibrary (260)
[2018.01.21-01.02.20:139][738]LogModuleManager: Shutting down and abandoning module ImmediatePhysicsEditor (258)
[2018.01.21-01.02.20:139][738]LogModuleManager: Shutting down and abandoning module ImmediatePhysics (256)
[2018.01.21-01.02.20:139][738]LogModuleManager: Shutting down and abandoning module UdpMessaging (254)
[2018.01.21-01.02.20:239][738]LogModuleManager: Shutting down and abandoning module TcpMessaging (252)
[2018.01.21-01.02.20:340][738]LogModuleManager: Shutting down and abandoning module GameplayTagsEditor (250)
[2018.01.21-01.02.20:340][738]LogModuleManager: Shutting down and abandoning module FacialAnimationEditor (248)
[2018.01.21-01.02.20:340][738]LogModuleManager: Shutting down and abandoning module FacialAnimation (246)
[2018.01.21-01.02.20:340][738]LogModuleManager: Shutting down and abandoning module AssetManagerEditor (244)
[2018.01.21-01.02.20:340][738]LogModuleManager: Shutting down and abandoning module GraphEditor (243)
[2018.01.21-01.02.20:340][738]LogModuleManager: Shutting down and abandoning module ContentBrowser (241)
[2018.01.21-01.02.20:341][738]LogModuleManager: Shutting down and abandoning module LightPropagationVolumeRuntime (238)
[2018.01.21-01.02.20:341][738]LogModuleManager: Shutting down and abandoning module Paper2D (236)
[2018.01.21-01.02.20:341][738]LogModuleManager: Shutting down and abandoning module WindowsMoviePlayer (234)
[2018.01.21-01.02.20:341][738]LogModuleManager: Shutting down and abandoning module WmfMedia (232)
[2018.01.21-01.02.20:344][738]LogModuleManager: Shutting down and abandoning module ImgMedia (230)
[2018.01.21-01.02.20:344][738]LogModuleManager: Shutting down and abandoning module PacketHandler (228)
[2018.01.21-01.02.20:344][738]LogModuleManager: Shutting down and abandoning module ClothingSystemEditor (226)
[2018.01.21-01.02.20:344][738]LogModuleManager: Shutting down and abandoning module ClothingSystemRuntime (224)
[2018.01.21-01.02.20:354][738]LogModuleManager: Shutting down and abandoning module MediaAssets (222)
[2018.01.21-01.02.20:354][738]LogModuleManager: Shutting down and abandoning module Media (221)
[2018.01.21-01.02.20:360][738]LogModuleManager: Shutting down and abandoning module Overlay (218)
[2018.01.21-01.02.20:360][738]LogModuleManager: Shutting down and abandoning module OverlayEditor (217)
[2018.01.21-01.02.20:360][738]LogModuleManager: Shutting down and abandoning module VREditor (214)
[2018.01.21-01.02.20:360][738]LogModuleManager: Shutting down and abandoning module StringTableEditor (212)
[2018.01.21-01.02.20:360][738]LogModuleManager: Shutting down and abandoning module GameplayTasksEditor (210)
[2018.01.21-01.02.20:360][738]LogModuleManager: Shutting down and abandoning module BehaviorTreeEditor (208)
[2018.01.21-01.02.20:406][738]LogModuleManager: Shutting down and abandoning module FunctionalTesting (206)
[2018.01.21-01.02.20:406][738]LogModuleManager: Shutting down and abandoning module CollisionAnalyzer (204)
[2018.01.21-01.02.20:406][738]LogModuleManager: Shutting down and abandoning module WorkspaceMenuStructure (203)
[2018.01.21-01.02.20:407][738]LogModuleManager: Shutting down and abandoning module UMG (200)
[2018.01.21-01.02.20:407][738]LogModuleManager: Shutting down and abandoning module UMGEditor (199)
[2018.01.21-01.02.20:407][738]LogModuleManager: Shutting down and abandoning module Sequencer (198)
[2018.01.21-01.02.20:407][738]LogModuleManager: Shutting down and abandoning module MessageLog (195)
[2018.01.21-01.02.20:407][738]LogModuleManager: Shutting down and abandoning module SlateReflector (190)
[2018.01.21-01.02.20:560][738]LogModuleManager: Shutting down and abandoning module Slate (188)
[2018.01.21-01.02.20:560][738]LogModuleManager: Shutting down and abandoning module EditorStyle (186)
[2018.01.21-01.02.20:564][738]LogModuleManager: Shutting down and abandoning module MRMesh (184)
[2018.01.21-01.02.20:564][738]LogModuleManager: Shutting down and abandoning module SourceCodeAccess (182)
[2018.01.21-01.02.20:564][738]LogModuleManager: Shutting down and abandoning module HeadMountedDisplay (180)
[2018.01.21-01.02.20:564][738]LogModuleManager: Shutting down and abandoning module XAudio2 (178)
[2018.01.21-01.02.20:564][738]LogModuleManager: Shutting down and abandoning module Networking (176)
[2018.01.21-01.02.20:564][738]LogModuleManager: Shutting down and abandoning module Core (172)
[2018.01.21-01.02.20:564][738]LogModuleManager: Shutting down and abandoning module LevelSequence (168)
[2018.01.21-01.02.20:564][738]LogModuleManager: Shutting down and abandoning module DirectoryWatcher (166)
[2018.01.21-01.02.20:565][738]LogModuleManager: Shutting down and abandoning module KismetCompiler (164)
[2018.01.21-01.02.20:565][738]LogModuleManager: Shutting down and abandoning module MeshUtilities (162)
[2018.01.21-01.02.20:591][738]LogModuleManager: Shutting down and abandoning module MeshMergeUtilities (161)
[2018.01.21-01.02.20:591][738]LogModuleManager: Shutting down and abandoning module MeshReductionInterface (160)
[2018.01.21-01.02.20:591][738]LogModuleManager: Shutting down and abandoning module SimplygonSwarm (159)
[2018.01.21-01.02.20:625][738]LogModuleManager: Shutting down and abandoning module SimplygonMeshReduction (157)
[2018.01.21-01.02.20:625][738]LogModuleManager: Shutting down and abandoning module QuadricMeshReduction (155)
[2018.01.21-01.02.20:625][738]LogModuleManager: Shutting down and abandoning module MaterialBaking (151)
[2018.01.21-01.02.20:625][738]LogModuleManager: Shutting down and abandoning module DerivedDataCache (148)
[2018.01.21-01.02.20:629][738]LogDerivedDataCache: Shutdown
[2018.01.21-01.02.20:629][738]LogModuleManager: Shutting down and abandoning module TargetPlatform (146)
[2018.01.21-01.02.20:629][738]LogModuleManager: Shutting down and abandoning module VulkanShaderFormat (145)
[2018.01.21-01.02.20:629][738]LogModuleManager: Shutting down and abandoning module ShaderFormatVectorVM (143)
[2018.01.21-01.02.20:660][738]LogModuleManager: Shutting down and abandoning module ShaderFormatOpenGL (141)
[2018.01.21-01.02.20:704][738]LogModuleManager: Shutting down and abandoning module ShaderFormatD3D (139)
[2018.01.21-01.02.20:705][738]LogModuleManager: Shutting down and abandoning module MetalShaderFormat (137)
[2018.01.21-01.02.20:705][738]LogModuleManager: Shutting down and abandoning module TextureFormatUncompressed (135)
[2018.01.21-01.02.20:705][738]LogModuleManager: Shutting down and abandoning module TextureFormatPVR (133)
[2018.01.21-01.02.20:705][738]LogModuleManager: Shutting down and abandoning module TextureFormatDXT (131)
[2018.01.21-01.02.20:705][738]LogModuleManager: Shutting down and abandoning module TextureFormatIntelISPCTexComp (129)
[2018.01.21-01.02.20:705][738]LogModuleManager: Shutting down and abandoning module TextureFormatASTC (127)
[2018.01.21-01.02.20:705][738]LogModuleManager: Shutting down and abandoning module ImageWrapper (126)
[2018.01.21-01.02.20:705][738]LogModuleManager: Shutting down and abandoning module TextureFormatAndroid (123)
[2018.01.21-01.02.20:705][738]LogModuleManager: Shutting down and abandoning module AudioFormatOpus (121)
[2018.01.21-01.02.20:705][738]LogModuleManager: Shutting down and abandoning module AudioFormatOgg (119)
[2018.01.21-01.02.20:705][738]LogModuleManager: Shutting down and abandoning module AudioFormatADPCM (117)
[2018.01.21-01.02.20:705][738]LogModuleManager: Shutting down and abandoning module LinuxTargetPlatform (115)
[2018.01.21-01.02.20:705][738]LogModuleManager: Shutting down and abandoning module LinuxServerTargetPlatform (113)
[2018.01.21-01.02.20:705][738]LogModuleManager: Shutting down and abandoning module LinuxNoEditorTargetPlatform (111)
[2018.01.21-01.02.20:705][738]LogModuleManager: Shutting down and abandoning module LinuxClientTargetPlatform (109)
[2018.01.21-01.02.20:705][738]LogModuleManager: Shutting down and abandoning module TVOSTargetPlatform (107)
[2018.01.21-01.02.20:705][738]LogModuleManager: Shutting down and abandoning module Messaging (105)
[2018.01.21-01.02.20:705][738]LogModuleManager: Shutting down and abandoning module IOSTargetPlatform (103)
[2018.01.21-01.02.20:705][738]LogModuleManager: Shutting down and abandoning module HTML5TargetPlatform (101)
[2018.01.21-01.02.20:705][738]LogModuleManager: Shutting down and abandoning module AndroidTargetPlatform (99)
[2018.01.21-01.02.20:705][738]LogModuleManager: Shutting down and abandoning module Android_PVRTCTargetPlatform (97)
[2018.01.21-01.02.20:705][738]LogModuleManager: Shutting down and abandoning module Android_MultiTargetPlatform (95)
[2018.01.21-01.02.20:705][738]LogModuleManager: Shutting down and abandoning module Android_ETC2TargetPlatform (93)
[2018.01.21-01.02.20:705][738]LogModuleManager: Shutting down and abandoning module Android_ETC1TargetPlatform (91)
[2018.01.21-01.02.20:705][738]LogModuleManager: Shutting down and abandoning module Android_DXTTargetPlatform (89)
[2018.01.21-01.02.20:705][738]LogModuleManager: Shutting down and abandoning module Android_ATCTargetPlatform (87)
[2018.01.21-01.02.20:705][738]LogModuleManager: Shutting down and abandoning module Android_ASTCTargetPlatform (85)
[2018.01.21-01.02.20:705][738]LogModuleManager: Shutting down and abandoning module WindowsTargetPlatform (83)
[2018.01.21-01.02.20:705][738]LogModuleManager: Shutting down and abandoning module WindowsServerTargetPlatform (81)
[2018.01.21-01.02.20:705][738]LogModuleManager: Shutting down and abandoning module WindowsNoEditorTargetPlatform (79)
[2018.01.21-01.02.20:705][738]LogModuleManager: Shutting down and abandoning module WindowsClientTargetPlatform (77)
[2018.01.21-01.02.20:705][738]LogModuleManager: Shutting down and abandoning module MacTargetPlatform (75)
[2018.01.21-01.02.20:705][738]LogModuleManager: Shutting down and abandoning module MacServerTargetPlatform (73)
[2018.01.21-01.02.20:706][738]LogModuleManager: Shutting down and abandoning module MacNoEditorTargetPlatform (71)
[2018.01.21-01.02.20:706][738]LogModuleManager: Shutting down and abandoning module MacClientTargetPlatform (69)
[2018.01.21-01.02.20:706][738]LogModuleManager: Shutting down and abandoning module AllDesktopTargetPlatform (67)
[2018.01.21-01.02.20:706][738]LogModuleManager: Shutting down and abandoning module InputCore (64)
[2018.01.21-01.02.20:706][738]LogModuleManager: Shutting down and abandoning module Settings (62)
[2018.01.21-01.02.20:706][738]LogModuleManager: Shutting down and abandoning module PhysXCooking (60)
[2018.01.21-01.02.20:706][738]LogModuleManager: Shutting down and abandoning module SteamVR (58)
[2018.01.21-01.02.20:706][738]LogModuleManager: Shutting down and abandoning module OculusHMD (56)
[2018.01.21-01.02.20:706][738]LogModuleManager: Shutting down and abandoning module ExampleDeviceProfileSelector (54)
[2018.01.21-01.02.20:706][738]LogModuleManager: Shutting down and abandoning module AppleARKit (52)
[2018.01.21-01.02.20:706][738]LogModuleManager: Shutting down and abandoning module AugmentedReality (51)
[2018.01.21-01.02.20:706][738]LogModuleManager: Shutting down and abandoning module OnlineBlueprintSupport (48)
[2018.01.21-01.02.20:706][738]LogModuleManager: Shutting down and abandoning module OnlineSubsystem (44)
[2018.01.21-01.02.20:706][738]LogModuleManager: Shutting down and abandoning module XMPP (43)
[2018.01.21-01.02.20:706][738]LogModuleManager: Shutting down and abandoning module HTTP (41)
[2018.01.21-01.02.20:706][738]LogHttp: Display: Http module shutting down, but needs to wait on 1 outstanding Http requests:
[2018.01.21-01.02.20:706][738]LogHttp: Display: 	verb=[POST] url=[https://datarouter.ol.epicgames.com/datarouter/api/v1/public/data?SessionID=%7B747D0F97-4BBA-999B-F164-9BBC065B4B96%7D&AppID=UEEditor.Rocket.Release&AppVersion=4.18.3-3832480%2B%2B%2BUE4%2BRelease-4.18&UserID=2a8136a84137fb2ac0d9469e54dfdee8%7C7ef9b0df27214eee8a053101ec382fb0%7C6677386f-50cd-4fc6-9779-2e0fcea5f80f&AppEnvironment=datacollector-binary&UploadType=eteventstream] status=Processing
[2018.01.21-01.02.20:736][738]LogModuleManager: Shutting down and abandoning module SSL (40)
[2018.01.21-01.02.20:739][738]LogModuleManager: Shutting down and abandoning module AnimationModifiers (36)
[2018.01.21-01.02.20:739][738]LogModuleManager: Shutting down and abandoning module PropertyEditor (35)
[2018.01.21-01.02.20:740][738]LogModuleManager: Shutting down and abandoning module AudioEditor (32)
[2018.01.21-01.02.20:756][738]LogModuleManager: Shutting down and abandoning module TextureCompressor (30)
[2018.01.21-01.02.20:757][738]LogModuleManager: Shutting down and abandoning module ShaderCore (28)
[2018.01.21-01.02.20:757][738]LogModuleManager: Shutting down and abandoning module Landscape (26)
[2018.01.21-01.02.20:757][738]LogModuleManager: Shutting down and abandoning module SlateRHIRenderer (24)
[2018.01.21-01.02.20:797][738]LogModuleManager: Shutting down and abandoning module OpenGLDrv (22)
[2018.01.21-01.02.20:798][738]LogModuleManager: Shutting down and abandoning module D3D11RHI (20)
[2018.01.21-01.02.20:798][738]LogModuleManager: Shutting down and abandoning module AnimGraphRuntime (18)
[2018.01.21-01.02.20:798][738]LogModuleManager: Shutting down and abandoning module Renderer (16)
[2018.01.21-01.02.20:798][738]LogModuleManager: Shutting down and abandoning module Engine (14)
[2018.01.21-01.02.20:798][738]LogModuleManager: Shutting down and abandoning module CoreUObject (12)
[2018.01.21-01.02.20:798][738]LogModuleManager: Shutting down and abandoning module NetworkFile (10)
[2018.01.21-01.02.20:798][738]LogModuleManager: Shutting down and abandoning module CookedIterativeFile (8)
[2018.01.21-01.02.20:798][738]LogModuleManager: Shutting down and abandoning module StreamingFile (6)
[2018.01.21-01.02.20:798][738]LogModuleManager: Shutting down and abandoning module SandboxFile (4)
[2018.01.21-01.02.20:798][738]LogModuleManager: Shutting down and abandoning module PakFile (2)
[2018.01.21-01.02.20:825][738]LogExit: Exiting.
[2018.01.21-01.02.20:840][738]Log file closed, 01/20/18 17:02:20
