Log file open, 01/19/18 05:13:23
LogWindows: Failed to load 'aqProf.dll' (GetLastError=126)
LogWindows: File 'aqProf.dll' does not exist
LogWindows: Failed to load 'VSPerf140.dll' (GetLastError=126)
LogWindows: File 'VSPerf140.dll' does not exist
LogWindows: Failed to load 'VtuneApi.dll' (GetLastError=126)
LogWindows: File 'VtuneApi.dll' does not exist
LogWindows: Failed to load 'VtuneApi32e.dll' (GetLastError=126)
LogWindows: File 'VtuneApi32e.dll' does not exist
LogInit: Display: Running engine for game: MainProject
LogPlatformFile: Not using cached read wrapper
LogInit: Display: RandInit(581448073) SRandInit(581448073).
LogInit: Read version file with build ID '3709383'
LogInit: Overriding engine version to CL 3794801, compatible CL 3709383
LogInit: Registered custom module enumerator with build ID '3709383'
LogTaskGraph: Started task graph with 5 named threads and 14 total threads with 3 sets of task threads.
LogStats: Stats thread started at 0.169438
LogD3D11RHI: Aftermath initialized
LogModuleManager: Display: Found up-to-date module file ../../../Engine/Plugins/2D/Paper2D/Binaries/Win64/UE4Editor-Paper2D.dll (API version 3709383).
LogModuleManager: Display: Found up-to-date module file ../../../Engine/Plugins/2D/Paper2D/Binaries/Win64/UE4Editor-Paper2DEditor.dll (API version 3709383).
LogModuleManager: Display: Found up-to-date module file ../../../Engine/Plugins/2D/Paper2D/Binaries/Win64/UE4Editor-PaperSpriteSheetImporter.dll (API version 3709383).
LogModuleManager: Display: Found up-to-date module file ../../../Engine/Plugins/2D/Paper2D/Binaries/Win64/UE4Editor-PaperTiledImporter.dll (API version 3709383).
LogModuleManager: Display: Found up-to-date module file ../../../Engine/Plugins/2D/Paper2D/Binaries/Win64/UE4Editor-SmartSnapping.dll (API version 3709383).
LogModuleManager: Display: Found up-to-date module file ../../../Engine/Plugins/Blendables/LightPropagationVolume/Binaries/Win64/UE4Editor-LightPropagationVolumeRuntime.dll (API version 3709383).
LogModuleManager: Display: Found up-to-date module file ../../../Engine/Plugins/Blendables/LightPropagationVolume/Binaries/Win64/UE4Editor-LightPropagationVolumeEditor.dll (API version 3709383).
LogModuleManager: Display: Found up-to-date module file ../../../Engine/Plugins/Developer/GitSourceControl/Binaries/Win64/UE4Editor-GitSourceControl.dll (API version 3709383).
LogModuleManager: Display: Found up-to-date module file ../../../Engine/Plugins/Developer/PerforceSourceControl/Binaries/Win64/UE4Editor-PerforceSourceControl.dll (API version 3709383).
LogModuleManager: Display: Found up-to-date module file ../../../Engine/Plugins/Developer/SubversionSourceControl/Binaries/Win64/UE4Editor-SubversionSourceControl.dll (API version 3709383).
LogModuleManager: Display: Found up-to-date module file ../../../Engine/Plugins/Developer/UObjectPlugin/Binaries/Win64/UE4Editor-UObjectPlugin.dll (API version 3709383).
LogModuleManager: Display: Found up-to-date module file ../../../Engine/Plugins/Developer/VisualStudioCodeSourceCodeAccess/Binaries/Win64/UE4Editor-VisualStudioCodeSourceCodeAccess.dll (API version 3709383).
LogModuleManager: Display: Found up-to-date module file ../../../Engine/Plugins/Developer/VisualStudioSourceCodeAccess/Binaries/Win64/UE4Editor-VisualStudioSourceCodeAccess.dll (API version 3709383).
LogModuleManager: Display: Found up-to-date module file ../../../Engine/Plugins/Editor/AssetManagerEditor/Binaries/Win64/UE4Editor-AssetManagerEditor.dll (API version 3709383).
LogModuleManager: Display: Found up-to-date module file ../../../Engine/Plugins/Editor/AudioCapture/Binaries/Win64/UE4Editor-AudioCapture.dll (API version 3709383).
LogModuleManager: Display: Found up-to-date module file ../../../Engine/Plugins/Editor/FacialAnimation/Binaries/Win64/UE4Editor-FacialAnimation.dll (API version 3709383).
LogModuleManager: Display: Found up-to-date module file ../../../Engine/Plugins/Editor/FacialAnimation/Binaries/Win64/UE4Editor-FacialAnimationEditor.dll (API version 3709383).
LogModuleManager: Display: Found up-to-date module file ../../../Engine/Plugins/Editor/GameplayTagsEditor/Binaries/Win64/UE4Editor-GameplayTagsEditor.dll (API version 3709383).
LogModuleManager: Display: Found up-to-date module file ../../../Engine/Plugins/Editor/MobileLauncherProfileWizard/Binaries/Win64/UE4Editor-MobileLauncherProfileWizard.dll (API version 3709383).
LogModuleManager: Display: Found up-to-date module file ../../../Engine/Plugins/Editor/PluginBrowser/Binaries/Win64/UE4Editor-PluginBrowser.dll (API version 3709383).
LogModuleManager: Display: Found up-to-date module file ../../../Engine/Plugins/Editor/SpeedTreeImporter/Binaries/Win64/UE4Editor-SpeedTreeImporter.dll (API version 3709383).
LogModuleManager: Display: Found up-to-date module file ../../../Engine/Plugins/Experimental/AlembicImporter/Binaries/Win64/UE4Editor-AlembicImporter.dll (API version 3709383).
LogModuleManager: Display: Found up-to-date module file ../../../Engine/Plugins/Experimental/AlembicImporter/Binaries/Win64/UE4Editor-AlembicLibrary.dll (API version 3709383).
LogModuleManager: Display: Found up-to-date module file ../../../Engine/Plugins/Experimental/CharacterAI/Binaries/Win64/UE4Editor-CharacterAI.dll (API version 3709383).
LogModuleManager: Display: Found up-to-date module file ../../../Engine/Plugins/Experimental/HTML5Networking/Binaries/Win64/UE4Editor-HTML5Networking.dll (API version 3709383).
LogModuleManager: Display: Found up-to-date module file ../../../Engine/Plugins/Media/AndroidMedia/Binaries/Win64/UE4Editor-AndroidMediaEditor.dll (API version 3709383).
LogModuleManager: Display: Found up-to-date module file ../../../Engine/Plugins/Media/AndroidMedia/Binaries/Win64/UE4Editor-AndroidMediaFactory.dll (API version 3709383).
LogModuleManager: Display: Found up-to-date module file ../../../Engine/Plugins/Media/AvfMedia/Binaries/Win64/UE4Editor-AvfMediaEditor.dll (API version 3709383).
LogModuleManager: Display: Found up-to-date module file ../../../Engine/Plugins/Media/AvfMedia/Binaries/Win64/UE4Editor-AvfMediaFactory.dll (API version 3709383).
LogModuleManager: Display: Found up-to-date module file ../../../Engine/Plugins/Media/AvfMedia/Binaries/Win64/UE4Editor-AvfMediaFactory.dll (API version 3709383).
LogModuleManager: Display: Found up-to-date module file ../../../Engine/Plugins/Media/ImgMedia/Binaries/Win64/UE4Editor-ImgMedia.dll (API version 3709383).
LogModuleManager: Display: Found up-to-date module file ../../../Engine/Plugins/Media/ImgMedia/Binaries/Win64/UE4Editor-ImgMediaEditor.dll (API version 3709383).
LogModuleManager: Display: Found up-to-date module file ../../../Engine/Plugins/Media/ImgMedia/Binaries/Win64/UE4Editor-ImgMediaFactory.dll (API version 3709383).
LogModuleManager: Display: Found up-to-date module file ../../../Engine/Plugins/Media/ImgMedia/Binaries/Win64/UE4Editor-ImgMediaFactory.dll (API version 3709383).
LogModuleManager: Display: Found up-to-date module file ../../../Engine/Plugins/Media/ImgMedia/Binaries/Win64/UE4Editor-OpenExrWrapper.dll (API version 3709383).
LogModuleManager: Display: Found up-to-date module file ../../../Engine/Plugins/Media/MediaCompositing/Binaries/Win64/UE4Editor-MediaCompositing.dll (API version 3709383).
LogModuleManager: Display: Found up-to-date module file ../../../Engine/Plugins/Media/MediaCompositing/Binaries/Win64/UE4Editor-MediaCompositingEditor.dll (API version 3709383).
LogModuleManager: Display: Found up-to-date module file ../../../Engine/Plugins/Media/MediaPlayerEditor/Binaries/Win64/UE4Editor-MediaPlayerEditor.dll (API version 3709383).
LogModuleManager: Display: Found up-to-date module file ../../../Engine/Plugins/Media/WmfMedia/Binaries/Win64/UE4Editor-WmfMedia.dll (API version 3709383).
LogModuleManager: Display: Found up-to-date module file ../../../Engine/Plugins/Media/WmfMedia/Binaries/Win64/UE4Editor-WmfMediaEditor.dll (API version 3709383).
LogModuleManager: Display: Found up-to-date module file ../../../Engine/Plugins/Media/WmfMedia/Binaries/Win64/UE4Editor-WmfMediaFactory.dll (API version 3709383).
LogModuleManager: Display: Found up-to-date module file ../../../Engine/Plugins/Media/WmfMedia/Binaries/Win64/UE4Editor-WmfMediaFactory.dll (API version 3709383).
LogModuleManager: Display: Found up-to-date module file ../../../Engine/Plugins/Messaging/TcpMessaging/Binaries/Win64/UE4Editor-TcpMessaging.dll (API version 3709383).
LogModuleManager: Display: Found up-to-date module file ../../../Engine/Plugins/Messaging/UdpMessaging/Binaries/Win64/UE4Editor-UdpMessaging.dll (API version 3709383).
LogModuleManager: Display: Found up-to-date module file ../../../Engine/Plugins/MovieScene/ActorSequence/Binaries/Win64/UE4Editor-ActorSequence.dll (API version 3709383).
LogModuleManager: Display: Found up-to-date module file ../../../Engine/Plugins/MovieScene/LevelSequenceEditor/Binaries/Win64/UE4Editor-LevelSequenceEditor.dll (API version 3709383).
LogModuleManager: Display: Found up-to-date module file ../../../Engine/Plugins/MovieScene/MatineeToLevelSequence/Binaries/Win64/UE4Editor-MatineeToLevelSequence.dll (API version 3709383).
LogModuleManager: Display: Found up-to-date module file ../../../Engine/Plugins/Online/OnlineSubsystem/Binaries/Win64/UE4Editor-OnlineSubsystem.dll (API version 3709383).
LogModuleManager: Display: Found up-to-date module file ../../../Engine/Plugins/Runtime/AndroidPermission/Binaries/Win64/UE4Editor-AndroidPermission.dll (API version 3709383).
LogModuleManager: Display: Found up-to-date module file ../../../Engine/Plugins/Online/OnlineSubsystemNull/Binaries/Win64/UE4Editor-OnlineSubsystemNull.dll (API version 3709383).
LogModuleManager: Display: Found up-to-date module file ../../../Engine/Plugins/Online/OnlineSubsystemUtils/Binaries/Win64/UE4Editor-OnlineSubsystemUtils.dll (API version 3709383).
LogModuleManager: Display: Found up-to-date module file ../../../Engine/Plugins/Online/OnlineSubsystemUtils/Binaries/Win64/UE4Editor-OnlineBlueprintSupport.dll (API version 3709383).
LogModuleManager: Display: Found up-to-date module file ../../../Engine/Plugins/Runtime/AndroidDeviceProfileSelector/Binaries/Win64/UE4Editor-AndroidDeviceProfileSelector.dll (API version 3709383).
LogModuleManager: Display: Found up-to-date module file ../../../Engine/Plugins/Runtime/AppleARKit/Binaries/Win64/UE4Editor-AppleARKit.dll (API version 3709383).
LogModuleManager: Display: Found up-to-date module file ../../../Engine/Plugins/Runtime/ArchVisCharacter/Binaries/Win64/UE4Editor-ArchVisCharacter.dll (API version 3709383).
LogModuleManager: Display: Found up-to-date module file ../../../Engine/Plugins/Runtime/CableComponent/Binaries/Win64/UE4Editor-CableComponent.dll (API version 3709383).
LogModuleManager: Display: Found up-to-date module file ../../../Engine/Plugins/Runtime/CustomMeshComponent/Binaries/Win64/UE4Editor-CustomMeshComponent.dll (API version 3709383).
LogModuleManager: Display: Found up-to-date module file ../../../Engine/Plugins/Runtime/ExampleDeviceProfileSelector/Binaries/Win64/UE4Editor-ExampleDeviceProfileSelector.dll (API version 3709383).
LogModuleManager: Display: Found up-to-date module file ../../../Engine/Plugins/Runtime/ImmediatePhysics/Binaries/Win64/UE4Editor-ImmediatePhysics.dll (API version 3709383).
LogModuleManager: Display: Found up-to-date module file ../../../Engine/Plugins/Runtime/ImmediatePhysics/Binaries/Win64/UE4Editor-ImmediatePhysicsEditor.dll (API version 3709383).
LogModuleManager: Display: Found up-to-date module file ../../../Engine/Plugins/Runtime/LocationServicesBPLibrary/Binaries/Win64/UE4Editor-LocationServicesBPLibrary.dll (API version 3709383).
LogModuleManager: Display: Found up-to-date module file ../../../Engine/Plugins/Runtime/MobilePatchingUtils/Binaries/Win64/UE4Editor-MobilePatchingUtils.dll (API version 3709383).
LogModuleManager: Display: Found up-to-date module file ../../../Engine/Plugins/Runtime/Oculus/OculusVR/Binaries/Win64/UE4Editor-OculusHMD.dll (API version 3709383).
LogModuleManager: Display: Found up-to-date module file ../../../Engine/Plugins/Runtime/Oculus/OculusVR/Binaries/Win64/UE4Editor-OculusInput.dll (API version 3709383).
LogModuleManager: Display: Found up-to-date module file ../../../Engine/Plugins/Runtime/Oculus/OculusVR/Binaries/Win64/UE4Editor-OculusEditor.dll (API version 3709383).
LogModuleManager: Display: Found up-to-date module file ../../../Engine/Plugins/Runtime/PhysXVehicles/Binaries/Win64/UE4Editor-PhysXVehicles.dll (API version 3709383).
LogModuleManager: Display: Found up-to-date module file ../../../Engine/Plugins/Runtime/PhysXVehicles/Binaries/Win64/UE4Editor-PhysXVehiclesEditor.dll (API version 3709383).
LogModuleManager: Display: Found up-to-date module file ../../../Engine/Plugins/Runtime/ProceduralMeshComponent/Binaries/Win64/UE4Editor-ProceduralMeshComponent.dll (API version 3709383).
LogModuleManager: Display: Found up-to-date module file ../../../Engine/Plugins/Runtime/ProceduralMeshComponent/Binaries/Win64/UE4Editor-ProceduralMeshComponentEditor.dll (API version 3709383).
LogModuleManager: Display: Found up-to-date module file ../../../Engine/Plugins/Runtime/RuntimePhysXCooking/Binaries/Win64/UE4Editor-RuntimePhysXCooking.dll (API version 3709383).
LogModuleManager: Display: Found up-to-date module file ../../../Engine/Plugins/Runtime/Steam/SteamVR/Binaries/Win64/UE4Editor-SteamVR.dll (API version 3709383).
LogModuleManager: Display: Found up-to-date module file ../../../Engine/Plugins/Runtime/Steam/SteamVR/Binaries/Win64/UE4Editor-SteamVRController.dll (API version 3709383).
LogModuleManager: Display: Found up-to-date module file ../../../Engine/Plugins/Runtime/WindowsMoviePlayer/Binaries/Win64/UE4Editor-WindowsMoviePlayer.dll (API version 3709383).
LogPluginManager: Mounting plugin Paper2D
LogPluginManager: Mounting plugin LightPropagationVolume
LogPluginManager: Mounting plugin CodeLiteSourceCodeAccess
LogPluginManager: Mounting plugin GitSourceControl
LogPluginManager: Mounting plugin KDevelopSourceCodeAccess
LogPluginManager: Mounting plugin NullSourceCodeAccess
LogPluginManager: Mounting plugin PerforceSourceControl
LogPluginManager: Mounting plugin SubversionSourceControl
LogPluginManager: Mounting plugin UObjectPlugin
LogPluginManager: Mounting plugin VisualStudioCodeSourceCodeAccess
LogPluginManager: Mounting plugin VisualStudioSourceCodeAccess
LogPluginManager: Mounting plugin XCodeSourceCodeAccess
LogPluginManager: Mounting plugin AssetManagerEditor
LogPluginManager: Mounting plugin AudioCapture
LogPluginManager: Mounting plugin FacialAnimation
LogPluginManager: Mounting plugin GameplayTagsEditor
LogPluginManager: Mounting plugin MobileLauncherProfileWizard
LogPluginManager: Mounting plugin PluginBrowser
LogPluginManager: Mounting plugin SpeedTreeImporter
LogPluginManager: Mounting plugin AlembicImporter
LogPluginManager: Mounting plugin CharacterAI
LogPluginManager: Mounting plugin HTML5Networking
LogPluginManager: Mounting plugin AndroidMedia
LogPluginManager: Mounting plugin AvfMedia
LogPluginManager: Mounting plugin ImgMedia
LogPluginManager: Mounting plugin MediaCompositing
LogPluginManager: Mounting plugin MediaPlayerEditor
LogPluginManager: Mounting plugin WmfMedia
LogPluginManager: Mounting plugin TcpMessaging
LogPluginManager: Mounting plugin UdpMessaging
LogPluginManager: Mounting plugin ActorSequence
LogPluginManager: Mounting plugin LevelSequenceEditor
LogPluginManager: Mounting plugin MatineeToLevelSequence
LogPluginManager: Mounting plugin OnlineSubsystemGooglePlay
LogPluginManager: Mounting plugin OnlineSubsystemIOS
LogPluginManager: Mounting plugin OnlineSubsystem
LogPluginManager: Mounting plugin OnlineSubsystemNull
LogPluginManager: Mounting plugin OnlineSubsystemUtils
LogPluginManager: Mounting plugin AndroidDeviceProfileSelector
LogPluginManager: Mounting plugin AndroidMoviePlayer
LogPluginManager: Mounting plugin AndroidPermission
LogPluginManager: Mounting plugin AppleARKit
LogPluginManager: Mounting plugin AppleMoviePlayer
LogPluginManager: Mounting plugin ArchVisCharacter
LogPluginManager: Mounting plugin CableComponent
LogPluginManager: Mounting plugin CustomMeshComponent
LogPluginManager: Mounting plugin ExampleDeviceProfileSelector
LogPluginManager: Mounting plugin GoogleCloudMessaging
LogPluginManager: Mounting plugin ImmediatePhysics
LogPluginManager: Mounting plugin IOSDeviceProfileSelector
LogPluginManager: Mounting plugin LinuxDeviceProfileSelector
LogPluginManager: Mounting plugin LocationServicesBPLibrary
LogPluginManager: Mounting plugin MobilePatchingUtils
LogPluginManager: Mounting plugin OculusVR
LogPluginManager: Plugin shader directory ../../../Engine/Plugins/Runtime/Oculus/OculusVR/Shaders found
LogPluginManager: Mapping shader source directory ../../../Engine/Plugins/Runtime/Oculus/OculusVR/Shaders to virtual directory /Plugin/OculusVR
LogPluginManager: Mounting plugin PhysXVehicles
LogPluginManager: Mounting plugin ProceduralMeshComponent
LogPluginManager: Mounting plugin RuntimePhysXCooking
LogPluginManager: Mounting plugin SteamVR
LogPluginManager: Mounting plugin WindowsMoviePlayer
LogInit: Using libcurl 7.47.1
LogInit:  - built for x86_64-pc-win32
LogInit:  - supports SSL with OpenSSL/1.0.2g
LogInit:  - supports HTTP deflate (compression) using libz 1.2.8
LogInit:  - other features:
LogInit:      CURL_VERSION_SSL
LogInit:      CURL_VERSION_LIBZ
LogInit:      CURL_VERSION_IPV6
LogInit:      CURL_VERSION_ASYNCHDNS
LogInit:      CURL_VERSION_LARGEFILE
LogInit:      CURL_VERSION_IDN
LogInit:  CurlRequestOptions (configurable via config and command line):
LogInit:  - bVerifyPeer = false  - Libcurl will NOT verify peer certificate
LogInit:  - bUseHttpProxy = false  - Libcurl will NOT use HTTP proxy
LogInit:  - bDontReuseConnections = false  - Libcurl will reuse connections
LogInit:  - CertBundlePath = nullptr  - Libcurl will use whatever was configured at build time.
LogInit: Build: ++UE4+Release-4.18-CL-3794801
LogInit: Engine Version: 4.18.2-3794801+++UE4+Release-4.18
LogInit: Compatible Engine Version: 4.18.0-3709383+++UE4+Release-4.18
LogInit: Net CL: 3709383
LogDevObjectVersion: Number of dev versions registered: 16
LogDevObjectVersion:   Dev-Blueprints (B0D832E4-1F89-4F0D-ACCF-7EB736FD4AA2): 10
LogDevObjectVersion:   Dev-Build (E1C64328-A22C-4D53-A36C-8E866417BD8C): 0
LogDevObjectVersion:   Dev-Core (375EC13C-06E4-48FB-B500-84F0262A717E): 2
LogDevObjectVersion:   Dev-Editor (E4B068ED-F494-42E9-A231-DA0B2E46BB41): 20
LogDevObjectVersion:   Dev-Framework (CFFC743F-43B0-4480-9391-14DF171D2073): 30
LogDevObjectVersion:   Dev-Mobile (B02B49B5-BB20-44E9-A304-32B752E40360): 0
LogDevObjectVersion:   Dev-Networking (A4E4105C-59A1-49B5-A7C5-40C4547EDFEE): 0
LogDevObjectVersion:   Dev-Online (39C831C9-5AE6-47DC-9A44-9C173E1C8E7C): 0
LogDevObjectVersion:   Dev-Physics (78F01B33-EBEA-4F98-B9B4-84EACCB95AA2): 0
LogDevObjectVersion:   Dev-Platform (6631380F-2D4D-43E0-8009-CF276956A95A): 0
LogDevObjectVersion:   Dev-Rendering (12F88B9F-8875-4AFC-A67C-D90C383ABD29): 20
LogDevObjectVersion:   Dev-Sequencer (7B5AE74C-D270-4C10-A958-57980B212A5A): 4
LogDevObjectVersion:   Dev-VR (D7296918-1DD6-4BDD-9DE2-64A83CC13884): 0
LogDevObjectVersion:   Dev-LoadTimes (C2A15278-BFE7-4AFE-6C17-90FF531DF755): 1
LogDevObjectVersion:   Private-Geometry (6EACA3D4-40EC-4CC1-B786-8BED09428FC5): 1
LogDevObjectVersion:   Dev-AnimPhys (29E575DD-E0A3-4627-9D10-D276232CDCEA): 12
LogInit: Compiled (64-bit): Dec  8 2017 02:04:53
LogInit: Compiled with Visual C++: 19.00.24215.01
LogInit: Build Configuration: Development
LogInit: Branch Name: ++UE4+Release-4.18
LogInit: Command line:  
LogInit: Base directory: D:/Program Files/Epic Games/UE_4.18/Engine/Binaries/Win64/
LogInit: Installed Engine Build: 1
LogInit: Presizing for max 8388607 objects, including 0 objects not considered by GC, pre-allocating 0 bytes for permanent pool.
LogInit: Object subsystem initialized
[2018.01.19-13.13.25:144][  0]LogInit: Selected Device Profile: [Windows]
[2018.01.19-13.13.25:144][  0]LogInit: Applying CVar settings loaded from the selected device profile: [Windows]
[2018.01.19-13.13.25:161][  0]LogInit: Computer: ANDROMEDA
[2018.01.19-13.13.25:161][  0]LogInit: User: Steven
[2018.01.19-13.13.25:161][  0]LogInit: CPU Page size=4096, Cores=4
[2018.01.19-13.13.25:161][  0]LogInit: High frequency timer resolution =3.515620 MHz
[2018.01.19-13.13.25:161][  0]LogMemory: Memory total: Physical=32.0GB (32GB approx)
[2018.01.19-13.13.25:161][  0]LogMemory: Platform Memory Stats for Windows
[2018.01.19-13.13.25:161][  0]LogMemory: Process Physical Memory: 274.90 MB used, 274.90 MB peak
[2018.01.19-13.13.25:161][  0]LogMemory: Process Virtual Memory: 273.93 MB used, 273.93 MB peak
[2018.01.19-13.13.25:161][  0]LogMemory: Physical Memory: 9843.13 MB used,  22874.04 MB free, 32717.16 MB total
[2018.01.19-13.13.25:161][  0]LogMemory: Virtual Memory: 686.71 MB used,  22874.04 MB free, 134217728.00 MB total
[2018.01.19-13.13.25:283][  0]LogInit: Using OS detected language (en-US).
[2018.01.19-13.13.25:283][  0]LogInit: Using OS detected locale (en-US).
[2018.01.19-13.13.25:288][  0]LogTextLocalizationManager: No specific localization for 'en-US' exists, so the 'en' localization will be used.
[2018.01.19-13.13.25:728][  0]LogInit: Setting process to per monitor DPI aware
[2018.01.19-13.13.26:093][  0]LogD3D11RHI: D3D11 adapters:
[2018.01.19-13.13.26:141][  0]LogD3D11RHI:    0. 'NVIDIA GeForce GTX 980' (Feature Level 11_0)
[2018.01.19-13.13.26:141][  0]LogD3D11RHI:       4060/0/16358 MB DedicatedVideo/DedicatedSystem/SharedSystem, Outputs:2, VendorId:0x10de
[2018.01.19-13.13.26:143][  0]LogD3D11RHI:    1. 'Microsoft Basic Render Driver' (Feature Level 11_0)
[2018.01.19-13.13.26:143][  0]LogD3D11RHI:       0/0/16358 MB DedicatedVideo/DedicatedSystem/SharedSystem, Outputs:0, VendorId:0x1414
[2018.01.19-13.13.26:143][  0]LogD3D11RHI: Chosen D3D11 Adapter: 0
[2018.01.19-13.13.26:150][  0]LogD3D11RHI: Creating new Direct3DDevice
[2018.01.19-13.13.26:150][  0]LogD3D11RHI:     GPU DeviceId: 0x13c0 (for the marketing name, search the web for "GPU Device Id")
[2018.01.19-13.13.26:150][  0]LogWindows: EnumDisplayDevices:
[2018.01.19-13.13.26:150][  0]LogWindows:    0. 'NVIDIA GeForce GTX 980' (P:1 D:1)
[2018.01.19-13.13.26:150][  0]LogWindows:    1. 'NVIDIA GeForce GTX 980' (P:0 D:1)
[2018.01.19-13.13.26:150][  0]LogWindows:    2. 'NVIDIA GeForce GTX 980' (P:0 D:0)
[2018.01.19-13.13.26:150][  0]LogWindows:    3. 'NVIDIA GeForce GTX 980' (P:0 D:0)
[2018.01.19-13.13.26:151][  0]LogWindows:    4. 'LMIMIRR' (P:0 D:0)
[2018.01.19-13.13.26:151][  0]LogWindows: DebugString: GetVideoDriverDetailsInvalid PrimaryIsNotTheChoosenAdapter GetVideoDriverDetailsInvalid PrimaryIsNotTheChoosenAdapter GetVideoDriverDetailsInvalid PrimaryIsNotTheChoosenAdapter GetVideoDriverDetailsInvalid PrimaryIsNotTheChoosenAdapter GetVideoDriverDetailsInvalid PrimaryIsNotTheChoosenAdapter FoundDriverCount:0 
[2018.01.19-13.13.26:151][  0]LogD3D11RHI:     Adapter Name: NVIDIA GeForce GTX 980
[2018.01.19-13.13.26:151][  0]LogD3D11RHI:   Driver Version: Unknown (internal:Unknown, unified:Unknown)
[2018.01.19-13.13.26:151][  0]LogD3D11RHI:      Driver Date: Unknown
[2018.01.19-13.13.26:151][  0]LogRHI: Texture pool is 2842 MB (70% of 4060 MB)
[2018.01.19-13.13.26:176][  0]LogD3D11RHI: Async texture creation enabled
[2018.01.19-13.13.26:228][  0]LogD3D11RHI: GPU Timing Frequency: 1000.000000 (Debug: 2 1)
[2018.01.19-13.13.26:277][  0]LogShaderCompilers: Guid format shader working directory is -19 characters bigger than the processId version (../../../../../../Unreal/AlphaParticle/AlphaParticleV0/MainProject/Intermediate/Shaders/WorkingDirectory/8804/).
[2018.01.19-13.13.26:277][  0]LogShaderCompilers: Cleaned the shader compiler working directory 'C:/Users/Steven/AppData/Local/Temp/UnrealShaderWorkingDir/046E9E064A201CA87314CCBAA125841F/'.
[2018.01.19-13.13.26:277][  0]LogShaderCompilers: Display: Using Local Shader Compiler.
[2018.01.19-13.13.27:326][  0]LogTemp: Display: Loaded TP AllDesktopTargetPlatform
[2018.01.19-13.13.27:372][  0]LogTemp: Display: Loaded TP MacClientTargetPlatform
[2018.01.19-13.13.27:417][  0]LogTemp: Display: Loaded TP MacNoEditorTargetPlatform
[2018.01.19-13.13.27:464][  0]LogTemp: Display: Loaded TP MacServerTargetPlatform
[2018.01.19-13.13.27:510][  0]LogTemp: Display: Loaded TP MacTargetPlatform
[2018.01.19-13.13.27:557][  0]LogTemp: Display: Loaded TP WindowsClientTargetPlatform
[2018.01.19-13.13.27:609][  0]LogTemp: Display: Loaded TP WindowsNoEditorTargetPlatform
[2018.01.19-13.13.27:659][  0]LogTemp: Display: Loaded TP WindowsServerTargetPlatform
[2018.01.19-13.13.27:704][  0]LogTemp: Display: Loaded TP WindowsTargetPlatform
[2018.01.19-13.13.27:750][  0]LogTemp: Display: Loaded TP Android_ASTCTargetPlatform
[2018.01.19-13.13.27:796][  0]LogTemp: Display: Loaded TP Android_ATCTargetPlatform
[2018.01.19-13.13.27:844][  0]LogTemp: Display: Loaded TP Android_DXTTargetPlatform
[2018.01.19-13.13.27:897][  0]LogTemp: Display: Loaded TP Android_ETC1TargetPlatform
[2018.01.19-13.13.27:948][  0]LogTemp: Display: Loaded TP Android_ETC2TargetPlatform
[2018.01.19-13.13.28:045][  0]LogTemp: Display: Loaded TP Android_MultiTargetPlatform
[2018.01.19-13.13.28:046][  0]LogTemp: Display: Loaded TP Android_PVRTCTargetPlatform
[2018.01.19-13.13.28:094][  0]LogTemp: Display: Loaded TP AndroidTargetPlatform
[2018.01.19-13.13.28:132][  0]LogTemp: Display: Loaded TP HTML5TargetPlatform
[2018.01.19-13.13.28:220][  0]LogTemp: Display: Loaded TP IOSTargetPlatform
[2018.01.19-13.13.28:244][  0]LogTemp: Display: Loaded TP TVOSTargetPlatform
[2018.01.19-13.13.28:295][  0]LogTemp: Display: Loaded TP LinuxClientTargetPlatform
[2018.01.19-13.13.28:345][  0]LogTemp: Display: Loaded TP LinuxNoEditorTargetPlatform
[2018.01.19-13.13.28:396][  0]LogTemp: Display: Loaded TP LinuxServerTargetPlatform
[2018.01.19-13.13.28:446][  0]LogTemp: Display: Loaded TP LinuxTargetPlatform
[2018.01.19-13.13.28:446][  0]LogTargetPlatformManager: Display: Building Assets For Windows
[2018.01.19-13.13.28:878][  0]LogDerivedDataCache: Display: Max Cache Size: 512 MB
[2018.01.19-13.13.28:957][  0]LogDerivedDataCache: Loaded boot cache 0.08s 78MB C:/Users/Steven/AppData/Local/UnrealEngine/4.18/DerivedDataCache/Boot.ddc.
[2018.01.19-13.13.28:957][  0]LogDerivedDataCache: Display: Loaded Boot cache: C:/Users/Steven/AppData/Local/UnrealEngine/4.18/DerivedDataCache/Boot.ddc
[2018.01.19-13.13.28:957][  0]LogDerivedDataCache: FDerivedDataBackendGraph:  Pak pak cache file ../../../../../../Unreal/AlphaParticle/AlphaParticleV0/MainProject/DerivedDataCache/DDC.ddp not found, will not use a pak cache.
[2018.01.19-13.13.28:957][  0]LogDerivedDataCache: Unable to find inner node Pak for hierarchical cache Hierarchy.
[2018.01.19-13.13.28:957][  0]LogDerivedDataCache: FDerivedDataBackendGraph:  CompressedPak pak cache file ../../../../../../Unreal/AlphaParticle/AlphaParticleV0/MainProject/DerivedDataCache/Compressed.ddp not found, will not use a pak cache.
[2018.01.19-13.13.28:957][  0]LogDerivedDataCache: Unable to find inner node CompressedPak for hierarchical cache Hierarchy.
[2018.01.19-13.13.28:974][  0]LogDerivedDataCache: Display: Pak cache opened for reading ../../../Engine/DerivedDataCache/Compressed.ddp.
[2018.01.19-13.13.28:985][  0]LogDerivedDataCache: Using Local data cache path C:/Users/Steven/AppData/Local/UnrealEngine/Common/DerivedDataCache: Writable
[2018.01.19-13.13.28:996][  0]LogMaterial: Verifying Global Shaders for PCD3D_SM5
[2018.01.19-13.13.28:997][  0]LogSlate: Using Freetype 2.6.0
[2018.01.19-13.13.28:998][  0]LogSlate: SlateFontCache - WITH_FREETYPE: 1, WITH_HARFBUZZ: 1
[2018.01.19-13.13.28:998][  0]LogSlate: SlateFontCache - WITH_FREETYPE: 1, WITH_HARFBUZZ: 1
[2018.01.19-13.13.29:432][  0]LogInit: Selected Device Profile: [Windows]
[2018.01.19-13.13.29:754][  0]LogSimplygon: Simplygon DLL not present - disabling.
[2018.01.19-13.13.29:792][  0]LogMeshReduction: Using SimplygonSwarm for distributed automatic mesh merging
[2018.01.19-13.13.29:792][  0]LogMeshReduction: Using QuadricMeshReduction for automatic static mesh reduction
[2018.01.19-13.13.29:792][  0]LogMeshReduction: No automatic skeletal mesh reduction module available
[2018.01.19-13.13.29:792][  0]LogMeshReduction: No automatic mesh merging module available
[2018.01.19-13.13.29:792][  0]LogMeshMerging: No automatic mesh merging module available
[2018.01.19-13.13.29:829][  0]LogNetVersion: MainProject , NetCL: 3709383, EngineNetVer: 2, GameNetVer: 0 (Checksum: 877938324)
[2018.01.19-13.13.29:998][  0]LogAssetRegistry: FAssetRegistry took 0.0283 seconds to start up
[2018.01.19-13.13.30:531][  0]LogPackageLocalizationCache: Processed 7 localized package path(s) for 2 prioritized culture(s) in 0.079501 seconds
[2018.01.19-13.13.30:539][  0]LogUObjectArray: 35900 objects as part of root set at end of initial load.
[2018.01.19-13.13.30:539][  0]LogUObjectAllocator: 7372024 out of 0 bytes used by permanent object pool.
[2018.01.19-13.13.30:539][  0]LogUObjectArray: CloseDisregardForGC: 0/0 objects in disregard for GC pool
[2018.01.19-13.13.30:576][  0]LogInit: WinSock: version 1.1 (2.2), MaxSocks=32767, MaxUdp=65467
[2018.01.19-13.13.33:363][  0]LogTcpMessaging: Initializing TcpMessaging bridge
[2018.01.19-13.13.33:407][  0]LogUdpMessaging: Initializing bridge on interface 0.0.0.0:0 to multicast group 230.0.0.1:6666.
[2018.01.19-13.13.34:107][  0]LogMaterial: Uniform references updated for custom material expression Custom.
[2018.01.19-13.13.34:557][  0]SourceControl: Source control is disabled
[2018.01.19-13.13.36:079][  0]LogAndroidPermission: UAndroidPermissionCallbackProxy::GetInstance
[2018.01.19-13.13.36:386][  0]LogOcInput: OculusInput pre-init called
[2018.01.19-13.13.36:670][  0]LogEngine: Initializing Engine...
[2018.01.19-13.13.36:672][  0]LogHMD: Failed to initialize OpenVR with code 110
[2018.01.19-13.13.36:900][  0]LogStats: UGameplayTagsManager::ConstructGameplayTagTree: Construct from data asset -  0.000 s
[2018.01.19-13.13.36:900][  0]LogStats: UGameplayTagsManager::ConstructGameplayTagTree: GameplayTagTreeChangedEvent.Broadcast -  0.000 s
[2018.01.19-13.13.37:016][  0]LogAIModule: Creating AISystem for world Untitled
[2018.01.19-13.13.37:038][  0]LogInit: XAudio2 using 'Speakers (VB-Audio VoiceMeeter AUX VAIO)' : 2 channels at 48 kHz using 16 bits per sample (channel mask 0x3)
[2018.01.19-13.13.37:048][  0]LogInit: FAudioDevice initialized.
[2018.01.19-13.13.37:139][  0]LogDerivedDataCache: Saved boot cache 0.09s 78MB C:/Users/Steven/AppData/Local/UnrealEngine/4.18/DerivedDataCache/Boot.ddc.
[2018.01.19-13.13.37:154][  0]LogInit: Texture streaming: Enabled
[2018.01.19-13.13.37:230][  0]LogEngineSessionManager: EngineSessionManager initialized
[2018.01.19-13.13.37:351][  0]LogInit: Transaction tracking system initialized
[2018.01.19-13.13.37:633][  0]BlueprintLog: New page: Editor Load
[2018.01.19-13.13.38:427][  0]LocalizationService: Localization service is disabled
[2018.01.19-13.13.39:128][  0]LogConsoleResponse: Display: 
[2018.01.19-13.13.39:299][  0]LogCook: Display: Max memory allowance for cook 16384mb min free memory 0mb
[2018.01.19-13.13.39:299][  0]LogCook: Display: Mobile HDR setting 1
[2018.01.19-13.13.39:299][  0]LogGameplayTags: Display: UGameplayTagsManager::DoneAddingNativeTags. DelegateIsBound: 0
[2018.01.19-13.13.39:583][  0]LogFileCache: Scanning file cache for directory 'D:/Unreal/AlphaParticle/AlphaParticleV0/MainProject/Content/' took 0.01s
[2018.01.19-13.13.40:492][  0]Cmd: MAP LOAD FILE="../../../Engine/Content/Maps/Templates/Template_Default.umap" TEMPLATE=1 SHOWPROGRESS=1 FEATURELEVEL=3
[2018.01.19-13.13.40:493][  0]LightingResults: New page: Lighting Build
[2018.01.19-13.13.40:534][  0]MapCheck: New page: Map Check
[2018.01.19-13.13.40:534][  0]LightingResults: New page: Lighting Build
[2018.01.19-13.13.40:771][  0]LogAIModule: Creating AISystem for world Untitled_1
[2018.01.19-13.13.40:777][  0]LogEditorServer: Finished looking for orphan Actors (0.000 secs)
[2018.01.19-13.13.40:788][  0]Cmd: MAP CHECKDEP NOCLEARLOG
[2018.01.19-13.13.40:848][  0]MapCheck: Map check complete: 0 Error(s), 0 Warning(s), took 59.611ms to complete.
[2018.01.19-13.13.40:848][  0]LogFileHelpers: Loading map 'Template_Default' took 0.356
[2018.01.19-13.13.41:017][  0]LogCollectionManager: Loaded 0 collections in 0.001099 seconds
[2018.01.19-13.13.41:100][  0]LogFileCache: Scanning file cache for directory 'D:/Unreal/AlphaParticle/AlphaParticleV0/MainProject/Saved/Collections/' took 0.01s
[2018.01.19-13.13.41:100][  0]LogFileCache: Scanning file cache for directory 'D:/Unreal/AlphaParticle/AlphaParticleV0/MainProject/Content/Developers/Steven/Collections/' took 0.01s
[2018.01.19-13.13.41:100][  0]LogFileCache: Scanning file cache for directory 'D:/Unreal/AlphaParticle/AlphaParticleV0/MainProject/Content/Collections/' took 0.01s
[2018.01.19-13.13.41:100][  0]LogCollectionManager: Rebuilt the GUID cache for 0 collections in 0.000001 seconds
[2018.01.19-13.13.41:111][  0]LogContentBrowser: Native class hierarchy populated in 0.0109 seconds. Added 2363 classes and 519 folders.
[2018.01.19-13.13.41:182][  0]LogContentBrowser: Native class hierarchy updated for 'WidgetCarousel' in 0.0008 seconds. Added 0 classes and 0 folders.
[2018.01.19-13.13.41:237][  0]LogContentBrowser: Native class hierarchy updated for 'AddContentDialog' in 0.0002 seconds. Added 0 classes and 0 folders.
[2018.01.19-13.13.41:276][  0]LogContentBrowser: Native class hierarchy updated for 'SceneOutliner' in 0.0004 seconds. Added 1 classes and 2 folders.
[2018.01.19-13.13.42:355][  0]LogSlate: Only BGRA pngs, bmps or icos are supported in by External Image Picker
[2018.01.19-13.13.42:380][  0]LogSlate: Took 0.000351 seconds to synchronously load lazily loaded font '../../../Engine/Content/Slate/Fonts/Roboto-Regular.ttf' (155K)
[2018.01.19-13.13.42:383][  0]LogSlate: Took 0.000278 seconds to synchronously load lazily loaded font '../../../Engine/Content/Slate/Fonts/Roboto-Bold.ttf' (160K)
[2018.01.19-13.13.42:392][  0]LogSlate: Took 0.000314 seconds to synchronously load lazily loaded font '../../../Engine/Content/Editor/Slate/Fonts/FontAwesome.ttf' (139K)
[2018.01.19-13.13.42:521][  0]LogTemp: Executing iPhonePackager certificates Engine -bundlename com.YourCompany.MainProject
[2018.01.19-13.13.42:521][  0]LogTemp: CWD: D:\Program Files\Epic Games\UE_4.18\Engine\Binaries\DotNET\IOS
[2018.01.19-13.13.42:521][  0]LogTemp: Initial Dir: D:\Program Files\Epic Games\UE_4.18
[2018.01.19-13.13.42:522][  0]LogTemp: Env CWD: D:\Program Files\Epic Games\UE_4.18\Engine\Binaries\DotNET\IOS
[2018.01.19-13.13.42:522][  0]LogTemp: BranchPath = ANDROMEDA/D/Program Files/Epic Games/UE_4.18/Engine/Binaries --- GameBranchPath = ANDROMEDA/D/Program Files/Epic Games/UE_4.18/Engine/Binaries
[2018.01.19-13.13.42:522][  0]LogTemp: IPP ERROR: Could not find provision directory 'C:\Users\Steven\AppData\Local/Apple Computer/MobileDevice/Provisioning Profiles/'.
[2018.01.19-13.13.42:522][  0]LogRenderer: Reallocating scene render targets to support 1208x600 Format 10 NumSamples 1 (Frame:1).
[2018.01.19-13.13.42:726][  0]LogContentBrowser: Native class hierarchy updated for 'HierarchicalLODOutliner' in 0.0004 seconds. Added 1 classes and 2 folders.
[2018.01.19-13.13.42:727][  0]LogLoad: (Engine Initialization) Total time: 20.36 seconds
[2018.01.19-13.13.42:727][  0]LogLoad: (Engine Initialization) Total Blueprint compile time: 0.00 seconds
[2018.01.19-13.13.42:727][  0]LogExternalProfiler: No external profilers were discovered.  External profiling features will not be available.
[2018.01.19-13.13.42:736][  0]LogWindowsTextInputMethodSystem: Display: IME system now deactivated.
[2018.01.19-13.13.42:762][  0]SourceControl: On branch master
[2018.01.19-13.13.42:762][  0]SourceControl: Your branch is up-to-date with 'origin/master'.
[2018.01.19-13.13.42:762][  0]SourceControl: Changes to be committed:
[2018.01.19-13.13.42:762][  0]SourceControl:   (use "git reset HEAD <file>..." to unstage)
[2018.01.19-13.13.42:762][  0]SourceControl: 	deleted:    MainProject/Content/Soldier/Casual_Male_Lod_0.uasset
[2018.01.19-13.13.42:762][  0]SourceControl: 	deleted:    MainProject/Content/Soldier/Soldier_D_1024_alt.uasset
[2018.01.19-13.13.42:762][  0]SourceControl: 	deleted:    MainProject/Content/Soldier/half-life-styled-soldier.uasset
[2018.01.19-13.13.42:762][  0]SourceControl: 	deleted:    MainProject/Content/Soldier/half-life-styled-soldier_PhysicsAsset.uasset
[2018.01.19-13.13.42:762][  0]SourceControl: 	deleted:    MainProject/Content/Soldier/half-life-styled-soldier_Skeleton.uasset
[2018.01.19-13.13.42:762][  0]SourceControl: 	deleted:    MainProject/Content/ThirdPersonBP/Maps/ThirdPersonExampleMap.umap
[2018.01.19-13.13.42:762][  0]SourceControl: Changes not staged for commit:
[2018.01.19-13.13.42:762][  0]SourceControl:   (use "git add <file>..." to update what will be committed)
[2018.01.19-13.13.42:762][  0]SourceControl:   (use "git checkout -- <file>..." to discard changes in working directory)
[2018.01.19-13.13.42:762][  0]SourceControl: 	modified:   MainProject/Content/Levels/MechanicsMap.umap
[2018.01.19-13.13.42:762][  0]SourceControl: 	modified:   MainProject/Content/Levels/MechanicsMap_BuiltData.uasset
[2018.01.19-13.13.42:762][  0]SourceControl: Untracked files:
[2018.01.19-13.13.42:762][  0]SourceControl:   (use "git add <file>..." to include in what will be committed)
[2018.01.19-13.13.42:762][  0]SourceControl: 	MainProject/Config/DefaultEditor.ini
[2018.01.19-13.13.42:762][  0]SourceControl: 	MainProject/Content/AnimStarterPack/UE4_Mannequin/Materials/
[2018.01.19-13.13.42:762][  0]SourceControl: 	MainProject/Content/AnimStarterPack/UE4_Mannequin/Mesh/SK_Mannequin.uasset
[2018.01.19-13.13.42:762][  0]SourceControl: 	MainProject/Content/AnimStarterPack/UE4_Mannequin/Mesh/SK_Mannequin_PhysicsAsset.uasset
[2018.01.19-13.13.42:762][  0]SourceControl: 	MainProject/Content/AnimStarterPack/UE4_Mannequin/Textures/
[2018.01.19-13.13.42:762][  0]SourceControl: 	MainProject/Intermediate/
[2018.01.19-13.13.42:762][  0]SourceControl: 	MainProject/Saved/
[2018.01.19-13.13.42:763][  0]LogContentStreaming: Texture pool size now 1000 MB
[2018.01.19-13.13.42:812][  1]LogAssetRegistry: Asset discovery search completed in 12.8368 seconds
[2018.01.19-13.13.42:814][  1]LogCollectionManager: Rebuilt the object cache for 0 collections in 0.000000 seconds (found 0 objects)
[2018.01.19-13.13.42:814][  1]LogCollectionManager: Fixed up redirectors for 0 collections in 0.000055 seconds (updated 0 objects)
[2018.01.19-13.13.43:766][108]LogSlate: Took 0.000335 seconds to synchronously load lazily loaded font '../../../Engine/Content/Slate/Fonts/Roboto-Light.ttf' (159K)
[2018.01.19-13.13.49:048][527]LogSlate: Took 0.000244 seconds to synchronously load lazily loaded font '../../../Engine/Content/Slate/Fonts/Roboto-Light.ttf' (159K)
[2018.01.19-13.13.49:390][527]LogContentBrowser: Native class hierarchy updated for 'BlueprintGraph' in 0.0009 seconds. Added 116 classes and 0 folders.
[2018.01.19-13.13.50:229][527]LogContentBrowser: Native class hierarchy updated for 'SkeletonEditor' in 0.0004 seconds. Added 1 classes and 2 folders.
[2018.01.19-13.13.50:442][527]LogActorComponent: RegisterComponentWithWorld: (/Engine/Transient.World_3:PersistentLevel.Actor_0.DebugSkelMeshComponent_0) Already registered. Aborting.
[2018.01.19-13.13.50:699][527]LogSkeletalMesh: USkeletalMeshComponent::InitArticulated : Bodies already created (/Engine/Transient.World_3:PersistentLevel.Actor_0.DebugSkelMeshComponent_0) - call TermArticulated first.
[2018.01.19-13.13.50:978][527]LogSlate: Took 0.000453 seconds to synchronously load lazily loaded font '../../../Engine/Content/Editor/Slate/Fonts/Roboto-BoldCondensed.ttf' (158K)
[2018.01.19-13.13.51:107][527]LogContentBrowser: Native class hierarchy updated for 'ClothingSystemEditorInterface' in 0.0003 seconds. Added 1 classes and 0 folders.
[2018.01.19-13.13.51:158][527]LogContentBrowser: Verbose: The majority of assets in the view are of type: AnimSequence
[2018.01.19-13.13.51:193][528]LogSlate: Took 0.000335 seconds to synchronously load lazily loaded font '../../../Engine/Content/Editor/Slate/Fonts/Roboto-Italic.ttf' (157K)
[2018.01.19-13.14.04:568][488]LogTemp: Repeating last play command: Selected Viewport
[2018.01.19-13.14.04:608][488]LogPlayLevel: PlayLevel: No blueprints needed recompiling
[2018.01.19-13.14.04:609][488]PIE: New page: PIE session: Untitled_1 (Jan 18, 2018, 9:14:04 PM)
[2018.01.19-13.14.04:609][488]LogPlayLevel: Creating play world package: /Temp/UEDPIE_0_Untitled_1
[2018.01.19-13.14.04:615][488]LogPlayLevel: PIE: StaticDuplicateObject took: (0.006099s)
[2018.01.19-13.14.04:615][488]LogAIModule: Creating AISystem for world Untitled_1
[2018.01.19-13.14.04:616][488]LogPlayLevel: PIE: World Init took: (0.000664s)
[2018.01.19-13.14.04:616][488]LogPlayLevel: PIE: Created PIE world by copying editor world from /Temp/Untitled_1.Untitled_1 to /Temp/UEDPIE_0_Untitled_1.Untitled_1 (0.007076s)
[2018.01.19-13.14.04:653][488]LogInit: XAudio2 using 'Speakers (VB-Audio VoiceMeeter AUX VAIO)' : 2 channels at 48 kHz using 16 bits per sample (channel mask 0x3)
[2018.01.19-13.14.04:657][488]LogInit: FAudioDevice initialized.
[2018.01.19-13.14.04:705][488]LogLoad: Game class is '3PGM_C'
[2018.01.19-13.14.04:706][488]LogWorld: Bringing World /Temp/UEDPIE_0_Untitled_1.Untitled_1 up for play (max tick rate 0) at 2018.01.19-05.14.04
[2018.01.19-13.14.04:706][488]LogWorld: Bringing up level for play took: 0.000630
[2018.01.19-13.14.04:743][488]LogContentBrowser: Native class hierarchy updated for 'MovieSceneCapture' in 0.0004 seconds. Added 11 classes and 0 folders.
[2018.01.19-13.14.04:745][488]PIE: Play in editor start time for /Temp/UEDPIE_0_Untitled_1 -0.403
[2018.01.19-13.14.22:253][552]LogEditorViewport: Clicking on Actor (context menu): StaticMeshActor (Floor)
[2018.01.19-13.14.22:922][599]LogEditorViewport: Clicking on Actor (LMB): StaticMeshActor (Floor)
[2018.01.19-13.14.32:794][570]SourceControl: Error: fatal: Could not switch to '/Temp/': No such file or directory
[2018.01.19-13.14.34:381][738]LogEditorViewport: Clicking on Actor (LMB): StaticMeshActor (Floor)
[2018.01.19-13.14.35:044][813]LogEditorViewport: Clicking on Actor (LMB): StaticMeshActor (Floor)
[2018.01.19-13.14.55:633][971]LogEditorViewport: Clicking on Actor (LMB): StaticMeshActor (Floor)
[2018.01.19-13.14.56:313][ 48]Cmd: DELETE
[2018.01.19-13.14.56:313][ 48]Cmd: ACTOR DELETE
[2018.01.19-13.14.56:315][ 48]LogEditorActor: Deleted Actor: StaticMeshActor
[2018.01.19-13.14.56:335][ 48]LogEditorActor: Deleted 1 Actors (0.022 secs)
[2018.01.19-13.14.58:276][195]LogActorFactory: Actor Factory created Cube
[2018.01.19-13.14.58:279][195]LogMaterial: Missing cached shader map for material BasicShapeMaterial, compiling. 
[2018.01.19-13.14.58:823][246]LogActorFactory: Actor Factory created Cube
[2018.01.19-13.15.06:496][749]LogEditorViewport: Clicking on Actor (LMB): StaticMeshActor (Cube)
[2018.01.19-13.15.07:183][827]LogEditorViewport: Clicking on Actor (LMB): StaticMeshActor (Cube)
[2018.01.19-13.15.07:632][878]LogEditorViewport: Clicking on Actor (LMB): StaticMeshActor (Cube)
[2018.01.19-13.15.09:930][137]LogEditorViewport: Clicking on Actor (LMB): StaticMeshActor (Cube)
[2018.01.19-13.15.11:405][301]LogEditorViewport: Clicking on Actor (context menu): StaticMeshActor (Cube)
[2018.01.19-13.15.28:045][231]LogEditorViewport: Clicking on Actor (LMB): StaticMeshActor (Cube)
[2018.01.19-13.15.28:639][297]LogEditorViewport: Clicking on Actor (LMB): StaticMeshActor (Cube)
[2018.01.19-13.15.28:734][306]LogEditorViewport: Clicking on Component (LMB): StaticMeshComponent (StaticMeshComponent0)
[2018.01.19-13.15.30:607][519]LogEditorViewport: Clicking on Component (context menu): StaticMeshComponent (StaticMeshComponent0)
[2018.01.19-13.15.33:618][630]LogEditorViewport: Clicking on Component (LMB): StaticMeshComponent (StaticMeshComponent0)
[2018.01.19-13.15.34:243][699]LogEditorViewport: Clicking on Component (LMB): StaticMeshComponent (StaticMeshComponent0)
[2018.01.19-13.15.34:669][746]LogEditorViewport: Clicking on Component (context menu): StaticMeshComponent (StaticMeshComponent0)
[2018.01.19-13.15.54:250][422]LogEditorViewport: Clicking on Component (LMB): StaticMeshComponent (StaticMeshComponent0)
[2018.01.19-13.15.55:035][513]LogEditorViewport: Clicking on Component (LMB): StaticMeshComponent (StaticMeshComponent0)
[2018.01.19-13.15.55:816][604]LogEditorViewport: Clicking on Component (LMB): StaticMeshComponent (StaticMeshComponent0)
[2018.01.19-13.16.02:096][ 81]LogEditorViewport: Clicking on Component (LMB): StaticMeshComponent (StaticMeshComponent0)
[2018.01.19-13.16.03:436][237]LogEditorViewport: Clicking on Actor (LMB): BP_Sky_Sphere_C (Sky Sphere)
[2018.01.19-13.16.05:095][427]LogEditorViewport: Clicking on Actor (LMB): StaticMeshActor (Cube)
[2018.01.19-13.16.05:996][526]Cmd: DELETE
[2018.01.19-13.16.05:996][526]Cmd: ACTOR DELETE
[2018.01.19-13.16.05:997][526]LogEditorActor: Deleted Actor: StaticMeshActor
[2018.01.19-13.16.06:016][526]LogEditorActor: Deleted 1 Actors (0.020 secs)
[2018.01.19-13.16.08:984][647]LogActorFactory: Actor Factory created Cube
[2018.01.19-13.16.09:697][729]LogActorFactory: Actor Factory created Cube
[2018.01.19-13.16.17:472][336]LogEditorViewport: Clicking on Actor (LMB): StaticMeshActor (Cube)
[2018.01.19-13.16.18:009][398]LogEditorViewport: Clicking on Actor (LMB): StaticMeshActor (Cube)
[2018.01.19-13.16.18:076][404]LogEditorViewport: Clicking on Component (LMB): StaticMeshComponent (StaticMeshComponent0)
[2018.01.19-13.16.18:668][470]LogEditorViewport: Clicking on Component (LMB): StaticMeshComponent (StaticMeshComponent0)
[2018.01.19-13.16.18:736][476]LogEditorViewport: Clicking on Actor (double click): StaticMeshActor (Cube)
[2018.01.19-13.16.39:486][577]LogEditorViewport: Clicking on Actor (LMB): StaticMeshActor (Cube)
[2018.01.19-13.16.52:749][904]LogEditorViewport: Clicking on Actor (LMB): StaticMeshActor (Cube)
[2018.01.19-13.16.53:228][959]LogEditorViewport: Clicking on Actor (LMB): StaticMeshActor (Cube)
[2018.01.19-13.16.53:828][ 28]LogEditorViewport: Clicking on Actor (LMB): BP_Sky_Sphere_C (Sky Sphere)
[2018.01.19-13.16.54:376][ 87]LogEditorViewport: Clicking on Actor (LMB): StaticMeshActor (Cube)
[2018.01.19-13.16.55:432][206]LogEditorViewport: Clicking on Actor (LMB): StaticMeshActor (Cube)
[2018.01.19-13.17.00:643][684]LogEditorViewport: Clicking on Actor (LMB): StaticMeshActor (Cube)
[2018.01.19-13.17.00:715][690]LogEditorViewport: Clicking on Component (LMB): StaticMeshComponent (StaticMeshComponent0)
[2018.01.19-13.17.22:550][ 41]LogTemp: Repeating last play command: Selected Viewport
[2018.01.19-13.17.22:572][ 41]LogPlayLevel: PlayLevel: No blueprints needed recompiling
[2018.01.19-13.17.22:572][ 41]PIE: New page: PIE session: Untitled_1 (Jan 18, 2018, 9:17:22 PM)
[2018.01.19-13.17.22:572][ 41]LogPlayLevel: Creating play world package: /Temp/UEDPIE_0_Untitled_1
[2018.01.19-13.17.22:578][ 41]LogPlayLevel: PIE: StaticDuplicateObject took: (0.005340s)
[2018.01.19-13.17.22:578][ 41]LogAIModule: Creating AISystem for world Untitled_1
[2018.01.19-13.17.22:579][ 41]LogPlayLevel: PIE: World Init took: (0.000824s)
[2018.01.19-13.17.22:579][ 41]LogPlayLevel: PIE: Created PIE world by copying editor world from /Temp/Untitled_1.Untitled_1 to /Temp/UEDPIE_0_Untitled_1.Untitled_1 (0.006467s)
[2018.01.19-13.17.22:614][ 41]LogInit: XAudio2 using 'Speakers (VB-Audio VoiceMeeter AUX VAIO)' : 2 channels at 48 kHz using 16 bits per sample (channel mask 0x3)
[2018.01.19-13.17.22:618][ 41]LogInit: FAudioDevice initialized.
[2018.01.19-13.17.22:648][ 41]LogLoad: Game class is '3PGM_C'
[2018.01.19-13.17.22:650][ 41]LogWorld: Bringing World /Temp/UEDPIE_0_Untitled_1.Untitled_1 up for play (max tick rate 0) at 2018.01.19-05.17.22
[2018.01.19-13.17.22:650][ 41]LogWorld: Bringing up level for play took: 0.000684
[2018.01.19-13.17.22:652][ 41]PIE: Play in editor start time for /Temp/UEDPIE_0_Untitled_1 -0.495
[2018.01.19-13.17.24:714][275]Cmd: SELECT NONE
[2018.01.19-13.17.32:191][ 24]LogEditorViewport: Clicking on Actor (LMB): StaticMeshActor (Cube)
[2018.01.19-13.17.33:643][191]LogEditorViewport: Clicking on Actor (LMB): StaticMeshActor (Cube)
[2018.01.19-13.17.34:223][258]LogEditorViewport: Clicking on Actor (LMB): StaticMeshActor (Cube)
[2018.01.19-13.17.41:084][966]LogEditorViewport: Clicking on Actor (LMB): StaticMeshActor (Cube)
[2018.01.19-13.17.41:578][ 23]LogEditorViewport: Clicking on Actor (LMB): StaticMeshActor (Cube)
[2018.01.19-13.17.41:661][ 31]LogEditorViewport: Clicking on Component (LMB): StaticMeshComponent (StaticMeshComponent0)
[2018.01.19-13.17.42:635][143]LogEditorViewport: Clicking on Component (LMB): StaticMeshComponent (StaticMeshComponent0)
[2018.01.19-13.17.42:716][151]LogEditorViewport: Clicking on Actor (double click): StaticMeshActor (Cube)
[2018.01.19-13.17.43:646][258]LogEditorViewport: Clicking on Actor (LMB): StaticMeshActor (Cube)
[2018.01.19-13.17.43:713][264]LogEditorViewport: Clicking on Component (LMB): StaticMeshComponent (StaticMeshComponent0)
[2018.01.19-13.17.54:233][265]LogEditorViewport: Clicking on Actor (context menu): BP_Sky_Sphere_C (Sky Sphere)
[2018.01.19-13.17.55:593][357]LogEditorViewport: Clicking on Actor (context menu): StaticMeshActor (Cube)
[2018.01.19-13.17.57:333][419]LogRenderer: Reallocating scene render targets to support 1432x964 Format 10 NumSamples 1 (Frame:1).
[2018.01.19-13.19.37:570][989]LogEditorViewport: Clicking on Actor (LMB): StaticMeshActor (Cube)
[2018.01.19-13.19.37:866][ 18]Cmd: DELETE
[2018.01.19-13.19.37:866][ 18]Cmd: ACTOR DELETE
[2018.01.19-13.19.37:867][ 18]LogEditorActor: Deleted Actor: StaticMeshActor
[2018.01.19-13.19.37:894][ 18]LogEditorActor: Deleted 1 Actors (0.028 secs)
[2018.01.19-13.19.42:822][422]Cmd: BRUSH ADD SELECTNEWBRUSH
[2018.01.19-13.20.13:306][553]LogEditorViewport: Clicking Background
[2018.01.19-13.20.15:380][800]LogEditorViewport: Clicking on Actor (LMB): Brush (Box Brush)
[2018.01.19-13.20.36:747][146]LogEditorViewport: Clicking Background
[2018.01.19-13.20.37:761][267]LogEditorViewport: Clicking on Actor (LMB): Brush (Box Brush)
[2018.01.19-13.20.56:763][965]LogEditorViewport: Clicking on Actor (LMB): BP_Sky_Sphere_C (Sky Sphere)
[2018.01.19-13.20.57:834][ 67]LogTemp: Repeating last play command: Selected Viewport
[2018.01.19-13.20.57:858][ 67]LogPlayLevel: PlayLevel: No blueprints needed recompiling
[2018.01.19-13.20.57:858][ 67]PIE: New page: PIE session: Untitled_1 (Jan 18, 2018, 9:20:57 PM)
[2018.01.19-13.20.57:858][ 67]LogPlayLevel: Creating play world package: /Temp/UEDPIE_0_Untitled_1
[2018.01.19-13.20.57:864][ 67]LogPlayLevel: PIE: StaticDuplicateObject took: (0.005301s)
[2018.01.19-13.20.57:865][ 67]LogAIModule: Creating AISystem for world Untitled_1
[2018.01.19-13.20.57:865][ 67]LogPlayLevel: PIE: World Init took: (0.000618s)
[2018.01.19-13.20.57:865][ 67]LogPlayLevel: PIE: Created PIE world by copying editor world from /Temp/Untitled_1.Untitled_1 to /Temp/UEDPIE_0_Untitled_1.Untitled_1 (0.006138s)
[2018.01.19-13.20.57:900][ 67]LogInit: XAudio2 using 'Speakers (VB-Audio VoiceMeeter AUX VAIO)' : 2 channels at 48 kHz using 16 bits per sample (channel mask 0x3)
[2018.01.19-13.20.57:904][ 67]LogInit: FAudioDevice initialized.
[2018.01.19-13.20.57:933][ 67]LogLoad: Game class is '3PGM_C'
[2018.01.19-13.20.57:934][ 67]LogWorld: Bringing World /Temp/UEDPIE_0_Untitled_1.Untitled_1 up for play (max tick rate 0) at 2018.01.19-05.20.57
[2018.01.19-13.20.57:935][ 67]LogWorld: Bringing up level for play took: 0.000641
[2018.01.19-13.20.57:937][ 67]PIE: Play in editor start time for /Temp/UEDPIE_0_Untitled_1 0.789
[2018.01.19-13.21.48:847][942]SourceControl: Error: fatal: Could not switch to '/Temp/': No such file or directory
[2018.01.19-13.21.48:890][942]LogSlate: Took 0.000234 seconds to synchronously load lazily loaded font '../../../Engine/Content/Slate/Fonts/Roboto-Light.ttf' (159K)
[2018.01.19-13.21.50:356][942]LogTextFormatter: Warning: Failed to parse argument "ExistingAsset" as a number (using "0" as a fallback). Please check your format string for errors: "{ExistingAsset} already exists. Do you want to replace it?".
[2018.01.19-13.21.51:857][942]LogSavePackage: Save=41.43ms
[2018.01.19-13.21.51:857][942]LogSavePackage: Moving '../../../../../../Unreal/AlphaParticle/AlphaParticleV0/MainProject/Saved/MechanicsMap56ED96EB453D101C84A2B48051323136.tmp' to '../../../../../../Unreal/AlphaParticle/AlphaParticleV0/MainProject/Content/Levels/MechanicsMap.umap'
[2018.01.19-13.21.51:864][942]LogSavePackage: Display: Finished SavePackage ../../../../../../Unreal/AlphaParticle/AlphaParticleV0/MainProject/Content/Levels/MechanicsMap.umap
[2018.01.19-13.21.51:986][942]Cmd: OBJ SAVEPACKAGE PACKAGE="/Game/Levels/MechanicsMap_BuiltData" FILE="../../../../../../Unreal/AlphaParticle/AlphaParticleV0/MainProject/Content/Levels/MechanicsMap_BuiltData.uasset" SILENT=true
[2018.01.19-13.21.52:007][942]LogSavePackage: Save=12.82ms
[2018.01.19-13.21.52:008][942]LogSavePackage: Moving '../../../../../../Unreal/AlphaParticle/AlphaParticleV0/MainProject/Saved/MechanicsMap_BuiltData44AF57904E223EA64FE0D7B8A40986FB.tmp' to '../../../../../../Unreal/AlphaParticle/AlphaParticleV0/MainProject/Content/Levels/MechanicsMap_BuiltData.uasset'
[2018.01.19-13.21.52:009][942]LogSavePackage: Display: Finished SavePackage ../../../../../../Unreal/AlphaParticle/AlphaParticleV0/MainProject/Content/Levels/MechanicsMap_BuiltData.uasset
[2018.01.19-13.21.52:023][942]LogFileHelpers: Saving map 'MechanicsMap' took 0.344
[2018.01.19-13.21.52:146][955]SourceControl: Error: fatal: Could not switch to '/Temp/': No such file or directory
[2018.01.19-13.21.53:367][ 99]LogEditorViewport: Clicking on Actor (LMB): SphereReflectionCapture (SphereReflectionCapture)
[2018.01.19-13.21.54:505][229]Cmd: DELETE
[2018.01.19-13.21.54:505][229]Cmd: ACTOR DELETE
[2018.01.19-13.21.54:510][229]LogEditorActor: Deleted Actor: SphereReflectionCapture
[2018.01.19-13.21.54:530][229]LogEditorActor: Deleted 1 Actors (0.025 secs)
[2018.01.19-13.21.57:999][601]LogSavePackage: Save=27.44ms
[2018.01.19-13.21.58:000][601]LogSavePackage: Moving '../../../../../../Unreal/AlphaParticle/AlphaParticleV0/MainProject/Saved/MechanicsMap30F3486B436FDC06A726D2B4E4D00B8A.tmp' to '../../../../../../Unreal/AlphaParticle/AlphaParticleV0/MainProject/Content/Levels/MechanicsMap.umap'
[2018.01.19-13.21.58:003][601]LogSavePackage: Display: Finished SavePackage ../../../../../../Unreal/AlphaParticle/AlphaParticleV0/MainProject/Content/Levels/MechanicsMap.umap
[2018.01.19-13.21.58:101][601]Cmd: OBJ SAVEPACKAGE PACKAGE="/Game/Levels/MechanicsMap_BuiltData" FILE="../../../../../../Unreal/AlphaParticle/AlphaParticleV0/MainProject/Content/Levels/MechanicsMap_BuiltData.uasset" SILENT=true
[2018.01.19-13.21.58:117][601]LogSavePackage: Save=12.07ms
[2018.01.19-13.21.58:117][601]LogSavePackage: Moving '../../../../../../Unreal/AlphaParticle/AlphaParticleV0/MainProject/Saved/MechanicsMap_BuiltDataD5A9ABD343EB0AA81E164281A2C10D09.tmp' to '../../../../../../Unreal/AlphaParticle/AlphaParticleV0/MainProject/Content/Levels/MechanicsMap_BuiltData.uasset'
[2018.01.19-13.21.58:118][601]LogSavePackage: Display: Finished SavePackage ../../../../../../Unreal/AlphaParticle/AlphaParticleV0/MainProject/Content/Levels/MechanicsMap_BuiltData.uasset
[2018.01.19-13.22.01:133][770]SourceControl: fatal: D:/Program Files/Epic Games/UE_4.18/Engine/Content/: 'D:/Program Files/Epic Games/UE_4.18/Engine/Content/' is outside repository
[2018.01.19-13.26.11:614][558]Cmd: QUIT_EDITOR
[2018.01.19-13.26.11:684][558]LogWindowsTextInputMethodSystem: Display: IME system now deactivated.
[2018.01.19-13.26.11:698][558]LogExit: Preparing to exit.
[2018.01.19-13.26.12:796][558]LogDirectoryWatcher: A directory notification for 'D:/Unreal/AlphaParticle/AlphaParticleV0/MainProject/Content/' was aborted.
[2018.01.19-13.26.12:832][558]LogExit: Editor shut down
[2018.01.19-13.26.12:836][558]LogExit: Transaction tracking system shut down
[2018.01.19-13.26.13:023][558]LogDirectoryWatcher: A directory notification for '../../../Engine/Content/' was aborted.
[2018.01.19-13.26.13:023][558]LogDirectoryWatcher: A directory notification for '../../../../../../Unreal/AlphaParticle/AlphaParticleV0/MainProject/Content/' was aborted.
[2018.01.19-13.26.13:023][558]LogDirectoryWatcher: A directory notification for '../../../Engine/Plugins/2D/Paper2D/Content/' was aborted.
[2018.01.19-13.26.13:023][558]LogDirectoryWatcher: A directory notification for '../../../Engine/Plugins/Media/MediaCompositing/Content/' was aborted.
[2018.01.19-13.26.13:023][558]LogDirectoryWatcher: A directory notification for '../../../Engine/Plugins/Runtime/AppleARKit/Content/' was aborted.
[2018.01.19-13.26.13:023][558]LogDirectoryWatcher: A directory notification for '../../../Engine/Plugins/Runtime/Oculus/OculusVR/Content/' was aborted.
[2018.01.19-13.26.13:023][558]LogDirectoryWatcher: A directory notification for '../../../Engine/Plugins/Runtime/Steam/SteamVR/Content/' was aborted.
[2018.01.19-13.26.13:113][558]LogExit: Object subsystem successfully closed.
[2018.01.19-13.26.13:131][558]LogD3D11RHI: Shutdown
[2018.01.19-13.26.13:131][558]LogD3D11RHI: CleanupD3DDevice
[2018.01.19-13.26.13:134][558]LogD3D11RHI: ~FD3D11DynamicRHI
[2018.01.19-13.26.13:143][558]LogModuleManager: Shutting down and abandoning module StaticMeshEditor (564)
[2018.01.19-13.26.13:143][558]LogModuleManager: Shutting down and abandoning module MovieSceneCapture (562)
[2018.01.19-13.26.13:143][558]LogModuleManager: Shutting down and abandoning module ClothingSystemEditorInterface (560)
[2018.01.19-13.26.13:143][558]LogModuleManager: Shutting down and abandoning module SkeletonEditor (558)
[2018.01.19-13.26.13:143][558]LogModuleManager: Shutting down and abandoning module AnimationBlueprintEditor (556)
[2018.01.19-13.26.13:143][558]LogModuleManager: Shutting down and abandoning module BlueprintGraph (554)
[2018.01.19-13.26.13:143][558]LogModuleManager: Shutting down and abandoning module HierarchicalLODOutliner (552)
[2018.01.19-13.26.13:143][558]LogModuleManager: Shutting down and abandoning module ExternalImagePicker (550)
[2018.01.19-13.26.13:143][558]LogModuleManager: Shutting down and abandoning module SceneOutliner (548)
[2018.01.19-13.26.13:143][558]LogModuleManager: Shutting down and abandoning module AddContentDialog (546)
[2018.01.19-13.26.13:143][558]LogDirectoryWatcher: A directory notification for 'D:/Program Files/Epic Games/UE_4.18/FeaturePacks/' was aborted.
[2018.01.19-13.26.13:144][558]LogModuleManager: Shutting down and abandoning module WidgetCarousel (545)
[2018.01.19-13.26.13:144][558]LogModuleManager: Shutting down and abandoning module EditorWidgets (542)
[2018.01.19-13.26.13:144][558]LogModuleManager: Shutting down and abandoning module CollectionManager (540)
[2018.01.19-13.26.13:144][558]LogDirectoryWatcher: A directory notification for 'D:/Unreal/AlphaParticle/AlphaParticleV0/MainProject/Content/Collections/' was aborted.
[2018.01.19-13.26.13:144][558]LogDirectoryWatcher: A directory notification for 'D:/Unreal/AlphaParticle/AlphaParticleV0/MainProject/Content/Developers/Steven/Collections/' was aborted.
[2018.01.19-13.26.13:144][558]LogDirectoryWatcher: A directory notification for 'D:/Unreal/AlphaParticle/AlphaParticleV0/MainProject/Saved/Collections/' was aborted.
[2018.01.19-13.26.13:144][558]LogModuleManager: Shutting down and abandoning module HierarchicalLODUtilities (538)
[2018.01.19-13.26.13:144][558]LogModuleManager: Shutting down and abandoning module StatsViewer (536)
[2018.01.19-13.26.13:144][558]LogModuleManager: Shutting down and abandoning module FoliageEdit (534)
[2018.01.19-13.26.13:144][558]LogModuleManager: Shutting down and abandoning module LandscapeEditor (532)
[2018.01.19-13.26.13:145][558]LogModuleManager: Shutting down and abandoning module MeshPaintMode (530)
[2018.01.19-13.26.13:145][558]LogModuleManager: Shutting down and abandoning module SceneDepthPickerMode (528)
[2018.01.19-13.26.13:145][558]LogModuleManager: Shutting down and abandoning module ActorPickerMode (526)
[2018.01.19-13.26.13:145][558]LogModuleManager: Shutting down and abandoning module GeometryMode (524)
[2018.01.19-13.26.13:145][558]LogModuleManager: Shutting down and abandoning module TextureAlignMode (522)
[2018.01.19-13.26.13:145][558]LogModuleManager: Shutting down and abandoning module BspMode (520)
[2018.01.19-13.26.13:145][558]LogModuleManager: Shutting down and abandoning module PIEPreviewDeviceProfileSelector (518)
[2018.01.19-13.26.13:145][558]LogModuleManager: Shutting down and abandoning module HardwareSurvey (516)
[2018.01.19-13.26.13:145][558]LogModuleManager: Shutting down and abandoning module SequenceRecorderSections (514)
[2018.01.19-13.26.13:145][558]LogModuleManager: Shutting down and abandoning module AutomationWorker (512)
[2018.01.19-13.26.13:145][558]LogModuleManager: Shutting down and abandoning module MatineeToLevelSequence (510)
[2018.01.19-13.26.13:145][558]LogModuleManager: Shutting down and abandoning module LevelSequenceEditor (508)
[2018.01.19-13.26.13:145][558]LogModuleManager: Shutting down and abandoning module PlacementMode (507)
[2018.01.19-13.26.13:145][558]LogModuleManager: Shutting down and abandoning module WmfMediaFactory (504)
[2018.01.19-13.26.13:145][558]LogModuleManager: Shutting down and abandoning module WmfMediaEditor (502)
[2018.01.19-13.26.13:145][558]LogModuleManager: Shutting down and abandoning module OpenExrWrapper (500)
[2018.01.19-13.26.13:145][558]LogModuleManager: Shutting down and abandoning module ImgMediaFactory (498)
[2018.01.19-13.26.13:145][558]LogModuleManager: Shutting down and abandoning module ImgMediaEditor (496)
[2018.01.19-13.26.13:145][558]LogModuleManager: Shutting down and abandoning module AvfMediaFactory (494)
[2018.01.19-13.26.13:145][558]LogModuleManager: Shutting down and abandoning module AvfMediaEditor (492)
[2018.01.19-13.26.13:145][558]LogModuleManager: Shutting down and abandoning module AndroidMediaFactory (490)
[2018.01.19-13.26.13:145][558]LogModuleManager: Shutting down and abandoning module AndroidMediaEditor (488)
[2018.01.19-13.26.13:145][558]LogModuleManager: Shutting down and abandoning module CharacterAI (486)
[2018.01.19-13.26.13:145][558]LogModuleManager: Shutting down and abandoning module AudioCapture (484)
[2018.01.19-13.26.13:145][558]LogModuleManager: Shutting down and abandoning module SequenceRecorder (483)
[2018.01.19-13.26.13:145][558]LogModuleManager: Shutting down and abandoning module SmartSnapping (480)
[2018.01.19-13.26.13:145][558]LogModuleManager: Shutting down and abandoning module SessionServices (478)
[2018.01.19-13.26.13:145][558]LogModuleManager: Shutting down and abandoning module ViewportSnapping (476)
[2018.01.19-13.26.13:145][558]LogModuleManager: Shutting down and abandoning module ViewportInteraction (474)
[2018.01.19-13.26.13:145][558]LogModuleManager: Shutting down and abandoning module ClothPainter (472)
[2018.01.19-13.26.13:145][558]LogModuleManager: Shutting down and abandoning module SkeletalMeshEditor (471)
[2018.01.19-13.26.13:145][558]LogModuleManager: Shutting down and abandoning module LogVisualizer (468)
[2018.01.19-13.26.13:145][558]LogModuleManager: Shutting down and abandoning module IntroTutorials (466)
[2018.01.19-13.26.13:145][558]LogModuleManager: Shutting down and abandoning module GameProjectGeneration (465)
[2018.01.19-13.26.13:145][558]LogModuleManager: Shutting down and abandoning module IOSPlatformEditor (462)
[2018.01.19-13.26.13:145][558]LogModuleManager: Shutting down and abandoning module HTML5PlatformEditor (460)
[2018.01.19-13.26.13:145][558]LogModuleManager: Shutting down and abandoning module AndroidPlatformEditor (458)
[2018.01.19-13.26.13:145][558]LogModuleManager: Shutting down and abandoning module AndroidDeviceDetection (457)
[2018.01.19-13.26.13:184][558]LogModuleManager: Shutting down and abandoning module WindowsPlatformEditor (454)
[2018.01.19-13.26.13:184][558]LogModuleManager: Shutting down and abandoning module IOSRuntimeSettings (452)
[2018.01.19-13.26.13:184][558]LogModuleManager: Shutting down and abandoning module AndroidRuntimeSettings (450)
[2018.01.19-13.26.13:184][558]LogModuleManager: Shutting down and abandoning module InputBindingEditor (448)
[2018.01.19-13.26.13:184][558]LogModuleManager: Shutting down and abandoning module MergeActors (446)
[2018.01.19-13.26.13:184][558]LogModuleManager: Shutting down and abandoning module SizeMap (444)
[2018.01.19-13.26.13:184][558]LogModuleManager: Shutting down and abandoning module TreeMap (442)
[2018.01.19-13.26.13:184][558]LogModuleManager: Shutting down and abandoning module ReferenceViewer (440)
[2018.01.19-13.26.13:184][558]LogModuleManager: Shutting down and abandoning module LocalizationDashboard (438)
[2018.01.19-13.26.13:184][558]LogModuleManager: Shutting down and abandoning module LocalizationService (437)
[2018.01.19-13.26.13:184][558]LogModuleManager: Shutting down and abandoning module HardwareTargeting (434)
[2018.01.19-13.26.13:184][558]LogModuleManager: Shutting down and abandoning module DeviceProfileEditor (432)
[2018.01.19-13.26.13:184][558]LogModuleManager: Shutting down and abandoning module UndoHistory (430)
[2018.01.19-13.26.13:184][558]LogModuleManager: Shutting down and abandoning module XmlParser (428)
[2018.01.19-13.26.13:184][558]LogModuleManager: Shutting down and abandoning module Blutility (426)
[2018.01.19-13.26.13:184][558]LogModuleManager: Shutting down and abandoning module ProjectSettingsViewer (424)
[2018.01.19-13.26.13:184][558]LogModuleManager: Shutting down and abandoning module ProjectTargetPlatformEditor (423)
[2018.01.19-13.26.13:184][558]LogModuleManager: Shutting down and abandoning module EditorSettingsViewer (420)
[2018.01.19-13.26.13:184][558]LogModuleManager: Shutting down and abandoning module SettingsEditor (418)
[2018.01.19-13.26.13:184][558]LogModuleManager: Shutting down and abandoning module ProjectLauncher (416)
[2018.01.19-13.26.13:184][558]LogModuleManager: Shutting down and abandoning module SessionFrontend (414)
[2018.01.19-13.26.13:184][558]LogModuleManager: Shutting down and abandoning module ProfilerClient (412)
[2018.01.19-13.26.13:185][558]LogModuleManager: Shutting down and abandoning module DeviceManager (410)
[2018.01.19-13.26.13:185][558]LogModuleManager: Shutting down and abandoning module TargetDeviceServices (409)
[2018.01.19-13.26.13:238][558]LogModuleManager: Shutting down and abandoning module AutomationController (406)
[2018.01.19-13.26.13:238][558]LogModuleManager: Shutting down and abandoning module AutomationWindow (404)
[2018.01.19-13.26.13:238][558]LogModuleManager: Shutting down and abandoning module Layers (402)
[2018.01.19-13.26.13:238][558]LogModuleManager: Shutting down and abandoning module ComponentVisualizers (400)
[2018.01.19-13.26.13:238][558]LogModuleManager: Shutting down and abandoning module DetailCustomizations (398)
[2018.01.19-13.26.13:238][558]LogModuleManager: Shutting down and abandoning module PackagesDialog (396)
[2018.01.19-13.26.13:238][558]LogModuleManager: Shutting down and abandoning module Persona (394)
[2018.01.19-13.26.13:239][558]LogModuleManager: Shutting down and abandoning module AdvancedPreviewScene (393)
[2018.01.19-13.26.13:239][558]LogModuleManager: Shutting down and abandoning module AnimGraph (391)
[2018.01.19-13.26.13:239][558]LogModuleManager: Shutting down and abandoning module Kismet (388)
[2018.01.19-13.26.13:247][558]LogModuleManager: Shutting down and abandoning module ClassViewer (386)
[2018.01.19-13.26.13:247][558]LogModuleManager: Shutting down and abandoning module Toolbox (384)
[2018.01.19-13.26.13:247][558]LogModuleManager: Shutting down and abandoning module ModuleUI (382)
[2018.01.19-13.26.13:247][558]LogModuleManager: Shutting down and abandoning module MovieSceneTools (380)
[2018.01.19-13.26.13:247][558]LogModuleManager: Shutting down and abandoning module OutputLog (378)
[2018.01.19-13.26.13:247][558]LogModuleManager: Shutting down and abandoning module GammaUI (376)
[2018.01.19-13.26.13:247][558]LogModuleManager: Shutting down and abandoning module Documentation (374)
[2018.01.19-13.26.13:247][558]LogModuleManager: Shutting down and abandoning module MovieSceneTracks (372)
[2018.01.19-13.26.13:247][558]LogModuleManager: Shutting down and abandoning module MovieScene (370)
[2018.01.19-13.26.13:247][558]LogModuleManager: Shutting down and abandoning module StreamingPauseRendering (368)
[2018.01.19-13.26.13:247][558]LogModuleManager: Shutting down and abandoning module LauncherPlatform (366)
[2018.01.19-13.26.13:247][558]LogModuleManager: Shutting down and abandoning module AnalyticsET (364)
[2018.01.19-13.26.13:247][558]LogModuleManager: Shutting down and abandoning module PortalServices (362)
[2018.01.19-13.26.13:247][558]LogModuleManager: Shutting down and abandoning module PortalRpc (360)
[2018.01.19-13.26.13:247][558]LogModuleManager: Shutting down and abandoning module MessagingRpc (358)
[2018.01.19-13.26.13:247][558]LogModuleManager: Shutting down and abandoning module AIModule (356)
[2018.01.19-13.26.13:247][558]LogModuleManager: Shutting down and abandoning module GameplayDebugger (355)
[2018.01.19-13.26.13:247][558]LogModuleManager: Shutting down and abandoning module AITestSuite (353)
[2018.01.19-13.26.13:247][558]LogModuleManager: Shutting down and abandoning module DesktopPlatform (350)
[2018.01.19-13.26.13:247][558]LogModuleManager: Shutting down and abandoning module ProfilerService (348)
[2018.01.19-13.26.13:397][558]LogModuleManager: Shutting down and abandoning module TaskGraph (346)
[2018.01.19-13.26.13:397][558]LogModuleManager: Shutting down and abandoning module SteamVRController (344)
[2018.01.19-13.26.13:397][558]LogModuleManager: Shutting down and abandoning module ProceduralMeshComponentEditor (342)
[2018.01.19-13.26.13:397][558]LogModuleManager: Shutting down and abandoning module ProceduralMeshComponent (340)
[2018.01.19-13.26.13:397][558]LogModuleManager: Shutting down and abandoning module OculusInput (338)
[2018.01.19-13.26.13:397][558]LogModuleManager: Shutting down and abandoning module MobilePatchingUtils (336)
[2018.01.19-13.26.13:397][558]LogModuleManager: Shutting down and abandoning module CustomMeshComponent (334)
[2018.01.19-13.26.13:397][558]LogModuleManager: Shutting down and abandoning module CableComponent (332)
[2018.01.19-13.26.13:397][558]LogModuleManager: Shutting down and abandoning module ArchVisCharacter (330)
[2018.01.19-13.26.13:397][558]LogModuleManager: Shutting down and abandoning module AndroidPermission (328)
[2018.01.19-13.26.13:397][558]LogModuleManager: Shutting down and abandoning module ActorSequence (324)
[2018.01.19-13.26.13:397][558]LogModuleManager: Shutting down and abandoning module MediaPlayerEditor (322)
[2018.01.19-13.26.13:397][558]LogModuleManager: Shutting down and abandoning module MediaCompositingEditor (320)
[2018.01.19-13.26.13:397][558]LogModuleManager: Shutting down and abandoning module MediaCompositing (318)
[2018.01.19-13.26.13:397][558]LogModuleManager: Shutting down and abandoning module HTML5Networking (316)
[2018.01.19-13.26.13:397][558]LogModuleManager: Shutting down and abandoning module AlembicImporter (314)
[2018.01.19-13.26.13:397][558]LogModuleManager: Shutting down and abandoning module AlembicLibrary (313)
[2018.01.19-13.26.13:397][558]LogModuleManager: Shutting down and abandoning module GeometryCache (312)
[2018.01.19-13.26.13:397][558]LogModuleManager: Shutting down and abandoning module GeometryCacheEd (311)
[2018.01.19-13.26.13:397][558]LogModuleManager: Shutting down and abandoning module SpeedTreeImporter (306)
[2018.01.19-13.26.13:397][558]LogModuleManager: Shutting down and abandoning module PluginBrowser (304)
[2018.01.19-13.26.13:397][558]LogModuleManager: Shutting down and abandoning module MobileLauncherProfileWizard (302)
[2018.01.19-13.26.13:397][558]LogModuleManager: Shutting down and abandoning module VisualStudioSourceCodeAccess (300)
[2018.01.19-13.26.13:397][558]LogModuleManager: Shutting down and abandoning module VisualStudioCodeSourceCodeAccess (298)
[2018.01.19-13.26.13:397][558]LogModuleManager: Shutting down and abandoning module UObjectPlugin (296)
[2018.01.19-13.26.13:397][558]LogModuleManager: Shutting down and abandoning module SubversionSourceControl (294)
[2018.01.19-13.26.13:397][558]LogModuleManager: Shutting down and abandoning module PerforceSourceControl (292)
[2018.01.19-13.26.13:397][558]LogModuleManager: Shutting down and abandoning module GitSourceControl (290)
[2018.01.19-13.26.13:397][558]LogModuleManager: Shutting down and abandoning module SourceControl (289)
[2018.01.19-13.26.13:397][558]LogModuleManager: Shutting down and abandoning module LightPropagationVolumeEditor (286)
[2018.01.19-13.26.13:397][558]LogModuleManager: Shutting down and abandoning module PaperTiledImporter (284)
[2018.01.19-13.26.13:397][558]LogModuleManager: Shutting down and abandoning module PaperSpriteSheetImporter (282)
[2018.01.19-13.26.13:397][558]LogModuleManager: Shutting down and abandoning module Paper2DEditor (280)
[2018.01.19-13.26.13:398][558]LogModuleManager: Shutting down and abandoning module MeshPaint (279)
[2018.01.19-13.26.13:398][558]LogModuleManager: Shutting down and abandoning module LevelEditor (277)
[2018.01.19-13.26.13:398][558]LogModuleManager: Shutting down and abandoning module PixelInspectorModule (276)
[2018.01.19-13.26.13:398][558]LogModuleManager: Shutting down and abandoning module MainFrame (274)
[2018.01.19-13.26.13:399][558]LogModuleManager: Shutting down and abandoning module HotReload (273)
[2018.01.19-13.26.13:399][558]LogModuleManager: Shutting down and abandoning module RuntimePhysXCooking (268)
[2018.01.19-13.26.13:399][558]LogModuleManager: Shutting down and abandoning module PhysXVehiclesEditor (266)
[2018.01.19-13.26.13:399][558]LogModuleManager: Shutting down and abandoning module PhysXVehicles (264)
[2018.01.19-13.26.13:399][558]LogModuleManager: Shutting down and abandoning module OculusEditor (262)
[2018.01.19-13.26.13:399][558]LogModuleManager: Shutting down and abandoning module LocationServicesBPLibrary (260)
[2018.01.19-13.26.13:399][558]LogModuleManager: Shutting down and abandoning module ImmediatePhysicsEditor (258)
[2018.01.19-13.26.13:399][558]LogModuleManager: Shutting down and abandoning module ImmediatePhysics (256)
[2018.01.19-13.26.13:399][558]LogModuleManager: Shutting down and abandoning module UdpMessaging (254)
[2018.01.19-13.26.13:500][558]LogModuleManager: Shutting down and abandoning module TcpMessaging (252)
[2018.01.19-13.26.13:760][558]LogModuleManager: Shutting down and abandoning module GameplayTagsEditor (250)
[2018.01.19-13.26.13:760][558]LogModuleManager: Shutting down and abandoning module FacialAnimationEditor (248)
[2018.01.19-13.26.13:760][558]LogModuleManager: Shutting down and abandoning module FacialAnimation (246)
[2018.01.19-13.26.13:760][558]LogModuleManager: Shutting down and abandoning module AssetManagerEditor (244)
[2018.01.19-13.26.13:760][558]LogModuleManager: Shutting down and abandoning module GraphEditor (243)
[2018.01.19-13.26.13:760][558]LogModuleManager: Shutting down and abandoning module ContentBrowser (241)
[2018.01.19-13.26.13:761][558]LogModuleManager: Shutting down and abandoning module LightPropagationVolumeRuntime (238)
[2018.01.19-13.26.13:761][558]LogModuleManager: Shutting down and abandoning module Paper2D (236)
[2018.01.19-13.26.13:761][558]LogModuleManager: Shutting down and abandoning module WindowsMoviePlayer (234)
[2018.01.19-13.26.13:761][558]LogModuleManager: Shutting down and abandoning module WmfMedia (232)
[2018.01.19-13.26.13:763][558]LogModuleManager: Shutting down and abandoning module ImgMedia (230)
[2018.01.19-13.26.13:763][558]LogModuleManager: Shutting down and abandoning module PacketHandler (228)
[2018.01.19-13.26.13:763][558]LogModuleManager: Shutting down and abandoning module ClothingSystemEditor (226)
[2018.01.19-13.26.13:763][558]LogModuleManager: Shutting down and abandoning module ClothingSystemRuntime (224)
[2018.01.19-13.26.13:763][558]LogModuleManager: Shutting down and abandoning module MediaAssets (222)
[2018.01.19-13.26.13:763][558]LogModuleManager: Shutting down and abandoning module Media (221)
[2018.01.19-13.26.13:769][558]LogModuleManager: Shutting down and abandoning module Overlay (218)
[2018.01.19-13.26.13:769][558]LogModuleManager: Shutting down and abandoning module OverlayEditor (217)
[2018.01.19-13.26.13:769][558]LogModuleManager: Shutting down and abandoning module VREditor (214)
[2018.01.19-13.26.13:769][558]LogModuleManager: Shutting down and abandoning module StringTableEditor (212)
[2018.01.19-13.26.13:769][558]LogModuleManager: Shutting down and abandoning module GameplayTasksEditor (210)
[2018.01.19-13.26.13:769][558]LogModuleManager: Shutting down and abandoning module BehaviorTreeEditor (208)
[2018.01.19-13.26.13:769][558]LogModuleManager: Shutting down and abandoning module FunctionalTesting (206)
[2018.01.19-13.26.13:769][558]LogModuleManager: Shutting down and abandoning module CollisionAnalyzer (204)
[2018.01.19-13.26.13:769][558]LogModuleManager: Shutting down and abandoning module WorkspaceMenuStructure (203)
[2018.01.19-13.26.13:769][558]LogModuleManager: Shutting down and abandoning module UMG (200)
[2018.01.19-13.26.13:769][558]LogModuleManager: Shutting down and abandoning module UMGEditor (199)
[2018.01.19-13.26.13:770][558]LogModuleManager: Shutting down and abandoning module Sequencer (198)
[2018.01.19-13.26.13:770][558]LogModuleManager: Shutting down and abandoning module MessageLog (195)
[2018.01.19-13.26.13:770][558]LogModuleManager: Shutting down and abandoning module SlateReflector (190)
[2018.01.19-13.26.13:770][558]LogModuleManager: Shutting down and abandoning module Slate (188)
[2018.01.19-13.26.13:770][558]LogModuleManager: Shutting down and abandoning module EditorStyle (186)
[2018.01.19-13.26.13:772][558]LogModuleManager: Shutting down and abandoning module MRMesh (184)
[2018.01.19-13.26.13:772][558]LogModuleManager: Shutting down and abandoning module SourceCodeAccess (182)
[2018.01.19-13.26.13:772][558]LogModuleManager: Shutting down and abandoning module HeadMountedDisplay (180)
[2018.01.19-13.26.13:772][558]LogModuleManager: Shutting down and abandoning module XAudio2 (178)
[2018.01.19-13.26.13:772][558]LogModuleManager: Shutting down and abandoning module Networking (176)
[2018.01.19-13.26.13:772][558]LogModuleManager: Shutting down and abandoning module Core (172)
[2018.01.19-13.26.13:772][558]LogModuleManager: Shutting down and abandoning module LevelSequence (168)
[2018.01.19-13.26.13:772][558]LogModuleManager: Shutting down and abandoning module DirectoryWatcher (166)
[2018.01.19-13.26.13:773][558]LogModuleManager: Shutting down and abandoning module KismetCompiler (164)
[2018.01.19-13.26.13:773][558]LogModuleManager: Shutting down and abandoning module MeshUtilities (162)
[2018.01.19-13.26.13:773][558]LogModuleManager: Shutting down and abandoning module MeshMergeUtilities (161)
[2018.01.19-13.26.13:773][558]LogModuleManager: Shutting down and abandoning module MeshReductionInterface (160)
[2018.01.19-13.26.13:773][558]LogModuleManager: Shutting down and abandoning module SimplygonSwarm (159)
[2018.01.19-13.26.13:773][558]LogModuleManager: Shutting down and abandoning module SimplygonMeshReduction (157)
[2018.01.19-13.26.13:773][558]LogModuleManager: Shutting down and abandoning module QuadricMeshReduction (155)
[2018.01.19-13.26.13:773][558]LogModuleManager: Shutting down and abandoning module MaterialBaking (151)
[2018.01.19-13.26.13:773][558]LogModuleManager: Shutting down and abandoning module DerivedDataCache (148)
[2018.01.19-13.26.13:848][558]LogDerivedDataCache: Shutdown
[2018.01.19-13.26.13:848][558]LogModuleManager: Shutting down and abandoning module TargetPlatform (146)
[2018.01.19-13.26.13:848][558]LogModuleManager: Shutting down and abandoning module VulkanShaderFormat (145)
[2018.01.19-13.26.13:848][558]LogModuleManager: Shutting down and abandoning module ShaderFormatVectorVM (143)
[2018.01.19-13.26.13:848][558]LogModuleManager: Shutting down and abandoning module ShaderFormatOpenGL (141)
[2018.01.19-13.26.13:848][558]LogModuleManager: Shutting down and abandoning module ShaderFormatD3D (139)
[2018.01.19-13.26.13:848][558]LogModuleManager: Shutting down and abandoning module MetalShaderFormat (137)
[2018.01.19-13.26.13:848][558]LogModuleManager: Shutting down and abandoning module TextureFormatUncompressed (135)
[2018.01.19-13.26.13:848][558]LogModuleManager: Shutting down and abandoning module TextureFormatPVR (133)
[2018.01.19-13.26.13:848][558]LogModuleManager: Shutting down and abandoning module TextureFormatDXT (131)
[2018.01.19-13.26.13:848][558]LogModuleManager: Shutting down and abandoning module TextureFormatIntelISPCTexComp (129)
[2018.01.19-13.26.13:848][558]LogModuleManager: Shutting down and abandoning module TextureFormatASTC (127)
[2018.01.19-13.26.13:848][558]LogModuleManager: Shutting down and abandoning module ImageWrapper (126)
[2018.01.19-13.26.13:848][558]LogModuleManager: Shutting down and abandoning module TextureFormatAndroid (123)
[2018.01.19-13.26.13:848][558]LogModuleManager: Shutting down and abandoning module AudioFormatOpus (121)
[2018.01.19-13.26.13:848][558]LogModuleManager: Shutting down and abandoning module AudioFormatOgg (119)
[2018.01.19-13.26.13:848][558]LogModuleManager: Shutting down and abandoning module AudioFormatADPCM (117)
[2018.01.19-13.26.13:848][558]LogModuleManager: Shutting down and abandoning module LinuxTargetPlatform (115)
[2018.01.19-13.26.13:849][558]LogModuleManager: Shutting down and abandoning module LinuxServerTargetPlatform (113)
[2018.01.19-13.26.13:849][558]LogModuleManager: Shutting down and abandoning module LinuxNoEditorTargetPlatform (111)
[2018.01.19-13.26.13:849][558]LogModuleManager: Shutting down and abandoning module LinuxClientTargetPlatform (109)
[2018.01.19-13.26.13:849][558]LogModuleManager: Shutting down and abandoning module TVOSTargetPlatform (107)
[2018.01.19-13.26.13:849][558]LogModuleManager: Shutting down and abandoning module Messaging (105)
[2018.01.19-13.26.13:849][558]LogModuleManager: Shutting down and abandoning module IOSTargetPlatform (103)
[2018.01.19-13.26.13:849][558]LogModuleManager: Shutting down and abandoning module HTML5TargetPlatform (101)
[2018.01.19-13.26.13:849][558]LogModuleManager: Shutting down and abandoning module AndroidTargetPlatform (99)
[2018.01.19-13.26.13:849][558]LogModuleManager: Shutting down and abandoning module Android_PVRTCTargetPlatform (97)
[2018.01.19-13.26.13:849][558]LogModuleManager: Shutting down and abandoning module Android_MultiTargetPlatform (95)
[2018.01.19-13.26.13:849][558]LogModuleManager: Shutting down and abandoning module Android_ETC2TargetPlatform (93)
[2018.01.19-13.26.13:849][558]LogModuleManager: Shutting down and abandoning module Android_ETC1TargetPlatform (91)
[2018.01.19-13.26.13:849][558]LogModuleManager: Shutting down and abandoning module Android_DXTTargetPlatform (89)
[2018.01.19-13.26.13:849][558]LogModuleManager: Shutting down and abandoning module Android_ATCTargetPlatform (87)
[2018.01.19-13.26.13:849][558]LogModuleManager: Shutting down and abandoning module Android_ASTCTargetPlatform (85)
[2018.01.19-13.26.13:849][558]LogModuleManager: Shutting down and abandoning module WindowsTargetPlatform (83)
[2018.01.19-13.26.13:849][558]LogModuleManager: Shutting down and abandoning module WindowsServerTargetPlatform (81)
[2018.01.19-13.26.13:849][558]LogModuleManager: Shutting down and abandoning module WindowsNoEditorTargetPlatform (79)
[2018.01.19-13.26.13:849][558]LogModuleManager: Shutting down and abandoning module WindowsClientTargetPlatform (77)
[2018.01.19-13.26.13:849][558]LogModuleManager: Shutting down and abandoning module MacTargetPlatform (75)
[2018.01.19-13.26.13:849][558]LogModuleManager: Shutting down and abandoning module MacServerTargetPlatform (73)
[2018.01.19-13.26.13:849][558]LogModuleManager: Shutting down and abandoning module MacNoEditorTargetPlatform (71)
[2018.01.19-13.26.13:849][558]LogModuleManager: Shutting down and abandoning module MacClientTargetPlatform (69)
[2018.01.19-13.26.13:849][558]LogModuleManager: Shutting down and abandoning module AllDesktopTargetPlatform (67)
[2018.01.19-13.26.13:849][558]LogModuleManager: Shutting down and abandoning module InputCore (64)
[2018.01.19-13.26.13:849][558]LogModuleManager: Shutting down and abandoning module Settings (62)
[2018.01.19-13.26.13:849][558]LogModuleManager: Shutting down and abandoning module PhysXCooking (60)
[2018.01.19-13.26.13:849][558]LogModuleManager: Shutting down and abandoning module SteamVR (58)
[2018.01.19-13.26.13:849][558]LogModuleManager: Shutting down and abandoning module OculusHMD (56)
[2018.01.19-13.26.13:849][558]LogModuleManager: Shutting down and abandoning module ExampleDeviceProfileSelector (54)
[2018.01.19-13.26.13:849][558]LogModuleManager: Shutting down and abandoning module AppleARKit (52)
[2018.01.19-13.26.13:849][558]LogModuleManager: Shutting down and abandoning module AugmentedReality (51)
[2018.01.19-13.26.13:849][558]LogModuleManager: Shutting down and abandoning module OnlineBlueprintSupport (48)
[2018.01.19-13.26.13:849][558]LogModuleManager: Shutting down and abandoning module OnlineSubsystem (44)
[2018.01.19-13.26.13:849][558]LogModuleManager: Shutting down and abandoning module XMPP (43)
[2018.01.19-13.26.13:849][558]LogModuleManager: Shutting down and abandoning module HTTP (41)
[2018.01.19-13.26.13:849][558]LogHttp: Display: Http module shutting down, but needs to wait on 1 outstanding Http requests:
[2018.01.19-13.26.13:849][558]LogHttp: Display: 	verb=[POST] url=[https://datarouter.ol.epicgames.com/datarouter/api/v1/public/data?SessionID=%7B0B9A3AFC-4FF5-BF71-DBED-459779C06696%7D&AppID=UEEditor.Rocket.Release&AppVersion=4.18.2-3794801%2B%2B%2BUE4%2BRelease-4.18&UserID=2a8136a84137fb2ac0d9469e54dfdee8%7C7ef9b0df27214eee8a053101ec382fb0%7C6677386f-50cd-4fc6-9779-2e0fcea5f80f&AppEnvironment=datacollector-binary&UploadType=eteventstream] status=Processing
[2018.01.19-13.26.13:881][558]LogModuleManager: Shutting down and abandoning module SSL (40)
[2018.01.19-13.26.13:882][558]LogModuleManager: Shutting down and abandoning module AnimationModifiers (36)
[2018.01.19-13.26.13:883][558]LogModuleManager: Shutting down and abandoning module PropertyEditor (35)
[2018.01.19-13.26.13:883][558]LogModuleManager: Shutting down and abandoning module AudioEditor (32)
[2018.01.19-13.26.13:883][558]LogModuleManager: Shutting down and abandoning module TextureCompressor (30)
[2018.01.19-13.26.13:883][558]LogModuleManager: Shutting down and abandoning module ShaderCore (28)
[2018.01.19-13.26.13:883][558]LogModuleManager: Shutting down and abandoning module Landscape (26)
[2018.01.19-13.26.13:883][558]LogModuleManager: Shutting down and abandoning module SlateRHIRenderer (24)
[2018.01.19-13.26.13:885][558]LogModuleManager: Shutting down and abandoning module OpenGLDrv (22)
[2018.01.19-13.26.13:885][558]LogModuleManager: Shutting down and abandoning module D3D11RHI (20)
[2018.01.19-13.26.13:885][558]LogModuleManager: Shutting down and abandoning module AnimGraphRuntime (18)
[2018.01.19-13.26.13:885][558]LogModuleManager: Shutting down and abandoning module Renderer (16)
[2018.01.19-13.26.13:885][558]LogModuleManager: Shutting down and abandoning module Engine (14)
[2018.01.19-13.26.13:885][558]LogModuleManager: Shutting down and abandoning module CoreUObject (12)
[2018.01.19-13.26.13:885][558]LogModuleManager: Shutting down and abandoning module NetworkFile (10)
[2018.01.19-13.26.13:885][558]LogModuleManager: Shutting down and abandoning module CookedIterativeFile (8)
[2018.01.19-13.26.13:885][558]LogModuleManager: Shutting down and abandoning module StreamingFile (6)
[2018.01.19-13.26.13:885][558]LogModuleManager: Shutting down and abandoning module SandboxFile (4)
[2018.01.19-13.26.13:885][558]LogModuleManager: Shutting down and abandoning module PakFile (2)
[2018.01.19-13.26.13:888][558]LogExit: Exiting.
[2018.01.19-13.26.13:910][558]Log file closed, 01/19/18 05:26:13
